OpenROAD 0b8b7ae255f8fbbbefa57d443949b84e73eed757 
This program is licensed under the BSD-3 license. See the LICENSE file for details.
Components of this program may be licensed under more restrictive licenses which must be honored.
[INFO ODB-0222] Reading LEF file: /content/wrapped_hsv_mixer/runs/RUN_2022.06.08_16.33.07/tmp/merged.nom.lef
[INFO ODB-0223]     Created 13 technology layers
[INFO ODB-0224]     Created 25 technology vias
[INFO ODB-0225]     Created 441 library cells
[INFO ODB-0226] Finished LEF file:  /content/wrapped_hsv_mixer/runs/RUN_2022.06.08_16.33.07/tmp/merged.nom.lef
[INFO ODB-0127] Reading DEF file: /content/wrapped_hsv_mixer/runs/RUN_2022.06.08_16.33.07/results/routing/wrapped_hsv_mixer.def
[INFO ODB-0128] Design: wrapped_hsv_mixer
[INFO ODB-0130]     Created 214 pins.
[INFO ODB-0131]     Created 15093 components and 69590 component-terminals.
[INFO ODB-0132]     Created 2 special nets and 57516 connections.
[INFO ODB-0133]     Created 3531 nets and 11969 connections.
[INFO ODB-0134] Finished DEF file: /content/wrapped_hsv_mixer/runs/RUN_2022.06.08_16.33.07/results/routing/wrapped_hsv_mixer.def
Using RCX ruleset '/content/conda-env/share/pdk/sky130A/libs.tech/openlane/rules.openrcx.sky130A.nom.spef_extractor'...
[INFO RCX-0431] Defined process_corner X with ext_model_index 0
[INFO RCX-0029] Defined extraction corner X
[INFO RCX-0008] extracting parasitics of wrapped_hsv_mixer ...
Notice 0: Split top of 1077 T shapes.
[INFO RCX-0435] Reading extraction model file /content/conda-env/share/pdk/sky130A/libs.tech/openlane/rules.openrcx.sky130A.nom.spef_extractor ...
[INFO RCX-0436] RC segment generation wrapped_hsv_mixer (max_merge_res 50.0) ...
[INFO RCX-0040] Final 14445 rc segments
[INFO RCX-0439] Coupling Cap extraction wrapped_hsv_mixer ...
[INFO RCX-0440] Coupling threshhold is 0.1000 fF, coupling capacitance less than 0.1000 fF will be grounded.
[INFO RCX-0043] 22541 wires to be extracted
[INFO RCX-0442] 51% completion -- 11609 wires have been extracted
[INFO RCX-0442] 100% completion -- 22541 wires have been extracted
[INFO RCX-0045] Extract 3531 nets, 17881 rsegs, 17881 caps, 23493 ccs
[INFO RCX-0015] Finished extracting wrapped_hsv_mixer.
Writing result to /content/wrapped_hsv_mixer/runs/RUN_2022.06.08_16.33.07/results/routing/wrapped_hsv_mixer.nom.spef...
[INFO RCX-0016] Writing SPEF ...
[INFO RCX-0443] 3531 nets finished
[INFO RCX-0017] Finished writing SPEF ...
