Netgen 1.5.221 compiled on Thu May 26 15:44:50 UTC 2022
Warning: netgen command 'format' use fully-qualified name '::netgen::format'
Warning: netgen command 'global' use fully-qualified name '::netgen::global'
Generating JSON file result
Reading netlist file /content/wrapped_hsv_mixer/runs/RUN_2022.06.08_16.33.07/results/signoff/wrapped_hsv_mixer.spice
Reading netlist file /content/wrapped_hsv_mixer/runs/RUN_2022.06.08_16.33.07/tmp/signoff/33-powered_netlist.v
Warning:  A case-insensitive file has been read and so the	verilog file must be treated case-insensitive to match.
Creating placeholder cell definition for module sky130_fd_sc_hd__diode_2.
Creating placeholder cell definition for module sky130_fd_sc_hd__decap_4.
Creating placeholder cell definition for module sky130_fd_sc_hd__fill_1.
Creating placeholder cell definition for module sky130_fd_sc_hd__decap_6.
Creating placeholder cell definition for module sky130_ef_sc_hd__decap_12.
Creating placeholder cell definition for module sky130_fd_sc_hd__decap_3.
Creating placeholder cell definition for module sky130_fd_sc_hd__decap_8.
Creating placeholder cell definition for module sky130_fd_sc_hd__fill_2.
Creating placeholder cell definition for module sky130_fd_sc_hd__tapvpwrvgnd_1.
Creating placeholder cell definition for module sky130_fd_sc_hd__buf_2.
Creating placeholder cell definition for module sky130_fd_sc_hd__clkbuf_8.
Creating placeholder cell definition for module sky130_fd_sc_hd__buf_8.
Creating placeholder cell definition for module sky130_fd_sc_hd__inv_2.
Creating placeholder cell definition for module sky130_fd_sc_hd__buf_6.
Creating placeholder cell definition for module sky130_fd_sc_hd__buf_4.
Creating placeholder cell definition for module sky130_fd_sc_hd__clkinv_2.
Creating placeholder cell definition for module sky130_fd_sc_hd__dlymetal6s2s_1.
Creating placeholder cell definition for module sky130_fd_sc_hd__clkbuf_2.
Creating placeholder cell definition for module sky130_fd_sc_hd__or2_1.
Creating placeholder cell definition for module sky130_fd_sc_hd__clkbuf_1.
Creating placeholder cell definition for module sky130_fd_sc_hd__or3_1.
Creating placeholder cell definition for module sky130_fd_sc_hd__or4_4.
Creating placeholder cell definition for module sky130_fd_sc_hd__nor3_2.
Creating placeholder cell definition for module sky130_fd_sc_hd__a2111o_1.
Creating placeholder cell definition for module sky130_fd_sc_hd__a21o_1.
Creating placeholder cell definition for module sky130_fd_sc_hd__a21o_2.
Creating placeholder cell definition for module sky130_fd_sc_hd__o21ai_2.
Creating placeholder cell definition for module sky130_fd_sc_hd__and3_1.
Creating placeholder cell definition for module sky130_fd_sc_hd__a211oi_2.
Creating placeholder cell definition for module sky130_fd_sc_hd__a21oi_4.
Creating placeholder cell definition for module sky130_fd_sc_hd__o211a_1.
Creating placeholder cell definition for module sky130_fd_sc_hd__a211o_1.
Creating placeholder cell definition for module sky130_fd_sc_hd__a22oi_2.
Creating placeholder cell definition for module sky130_fd_sc_hd__xor2_1.
Creating placeholder cell definition for module sky130_fd_sc_hd__and2_1.
Creating placeholder cell definition for module sky130_fd_sc_hd__or4_2.
Creating placeholder cell definition for module sky130_fd_sc_hd__or3_2.
Creating placeholder cell definition for module sky130_fd_sc_hd__nand2_1.
Creating placeholder cell definition for module sky130_fd_sc_hd__xnor2_1.
Creating placeholder cell definition for module sky130_fd_sc_hd__a31o_1.
Creating placeholder cell definition for module sky130_fd_sc_hd__nand4_1.
Creating placeholder cell definition for module sky130_fd_sc_hd__a32o_1.
Creating placeholder cell definition for module sky130_fd_sc_hd__a22o_1.
Creating placeholder cell definition for module sky130_fd_sc_hd__a21oi_2.
Creating placeholder cell definition for module sky130_fd_sc_hd__nand3_1.
Creating placeholder cell definition for module sky130_fd_sc_hd__o31ai_2.
Creating placeholder cell definition for module sky130_fd_sc_hd__o21a_1.
Creating placeholder cell definition for module sky130_fd_sc_hd__a22oi_1.
Creating placeholder cell definition for module sky130_fd_sc_hd__nand2_2.
Creating placeholder cell definition for module sky130_fd_sc_hd__a21boi_1.
Creating placeholder cell definition for module sky130_fd_sc_hd__nor3_1.
Creating placeholder cell definition for module sky130_fd_sc_hd__nand3_2.
Creating placeholder cell definition for module sky130_fd_sc_hd__nor2_1.
Creating placeholder cell definition for module sky130_fd_sc_hd__and4_1.
Creating placeholder cell definition for module sky130_fd_sc_hd__or3b_2.
Creating placeholder cell definition for module sky130_fd_sc_hd__or4bb_1.
Creating placeholder cell definition for module sky130_fd_sc_hd__and3b_1.
Creating placeholder cell definition for module sky130_fd_sc_hd__o21bai_2.
Creating placeholder cell definition for module sky130_fd_sc_hd__nor3b_2.
Creating placeholder cell definition for module sky130_fd_sc_hd__o21ba_1.
Creating placeholder cell definition for module sky130_fd_sc_hd__a211oi_1.
Creating placeholder cell definition for module sky130_fd_sc_hd__nand3b_1.
Creating placeholder cell definition for module sky130_fd_sc_hd__a21oi_1.
Creating placeholder cell definition for module sky130_fd_sc_hd__o211ai_1.
Creating placeholder cell definition for module sky130_fd_sc_hd__a21bo_1.
Creating placeholder cell definition for module sky130_fd_sc_hd__nand2_4.
Creating placeholder cell definition for module sky130_fd_sc_hd__xnor2_2.
Creating placeholder cell definition for module sky130_fd_sc_hd__and2b_1.
Creating placeholder cell definition for module sky130_fd_sc_hd__xor2_2.
Creating placeholder cell definition for module sky130_fd_sc_hd__o21ai_1.
Creating placeholder cell definition for module sky130_fd_sc_hd__a2bb2o_1.
Creating placeholder cell definition for module sky130_fd_sc_hd__or2b_1.
Creating placeholder cell definition for module sky130_fd_sc_hd__nor2b_2.
Creating placeholder cell definition for module sky130_fd_sc_hd__and3_2.
Creating placeholder cell definition for module sky130_fd_sc_hd__and2_2.
Creating placeholder cell definition for module sky130_fd_sc_hd__o21bai_1.
Creating placeholder cell definition for module sky130_fd_sc_hd__or4b_2.
Creating placeholder cell definition for module sky130_fd_sc_hd__nand4_4.
Creating placeholder cell definition for module sky130_fd_sc_hd__a32oi_1.
Creating placeholder cell definition for module sky130_fd_sc_hd__a41o_1.
Creating placeholder cell definition for module sky130_fd_sc_hd__or3b_1.
Creating placeholder cell definition for module sky130_fd_sc_hd__nor2_2.
Creating placeholder cell definition for module sky130_fd_sc_hd__o211ai_2.
Creating placeholder cell definition for module sky130_fd_sc_hd__o31ai_4.
Creating placeholder cell definition for module sky130_fd_sc_hd__xnor2_4.
Creating placeholder cell definition for module sky130_fd_sc_hd__a211oi_4.
Creating placeholder cell definition for module sky130_fd_sc_hd__a32oi_2.
Creating placeholder cell definition for module sky130_fd_sc_hd__or2_2.
Creating placeholder cell definition for module sky130_fd_sc_hd__clkbuf_4.
Creating placeholder cell definition for module sky130_fd_sc_hd__nor2_4.
Creating placeholder cell definition for module sky130_fd_sc_hd__o22ai_2.
Creating placeholder cell definition for module sky130_fd_sc_hd__a31oi_4.
Creating placeholder cell definition for module sky130_fd_sc_hd__xor2_4.
Creating placeholder cell definition for module sky130_fd_sc_hd__o21a_2.
Creating placeholder cell definition for module sky130_fd_sc_hd__o21ai_4.
Creating placeholder cell definition for module sky130_fd_sc_hd__a21boi_2.
Creating placeholder cell definition for module sky130_fd_sc_hd__o22ai_1.
Creating placeholder cell definition for module sky130_fd_sc_hd__o21ba_2.
Creating placeholder cell definition for module sky130_fd_sc_hd__a31o_2.
Creating placeholder cell definition for module sky130_fd_sc_hd__a21boi_4.
Creating placeholder cell definition for module sky130_fd_sc_hd__o22a_1.
Creating placeholder cell definition for module sky130_fd_sc_hd__or4_1.
Creating placeholder cell definition for module sky130_fd_sc_hd__a21bo_2.
Creating placeholder cell definition for module sky130_fd_sc_hd__a311oi_2.
Creating placeholder cell definition for module sky130_fd_sc_hd__or2b_2.
Creating placeholder cell definition for module sky130_fd_sc_hd__and4b_2.
Creating placeholder cell definition for module sky130_fd_sc_hd__o2bb2a_1.
Creating placeholder cell definition for module sky130_fd_sc_hd__a221o_1.
Creating placeholder cell definition for module sky130_fd_sc_hd__o221a_1.
Creating placeholder cell definition for module sky130_fd_sc_hd__nand4_2.
Creating placeholder cell definition for module sky130_fd_sc_hd__and4_2.
Creating placeholder cell definition for module sky130_fd_sc_hd__a22oi_4.
Creating placeholder cell definition for module sky130_fd_sc_hd__or4b_1.
Creating placeholder cell definition for module sky130_fd_sc_hd__a31oi_1.
Creating placeholder cell definition for module sky130_fd_sc_hd__o2bb2a_2.
Creating placeholder cell definition for module sky130_fd_sc_hd__mux2_1.
Creating placeholder cell definition for module sky130_fd_sc_hd__and4b_1.
Creating placeholder cell definition for module sky130_fd_sc_hd__and4bb_1.
Creating placeholder cell definition for module sky130_fd_sc_hd__o211ai_4.
Creating placeholder cell definition for module sky130_fd_sc_hd__nor4_2.
Creating placeholder cell definition for module sky130_fd_sc_hd__a31oi_2.
Creating placeholder cell definition for module sky130_fd_sc_hd__o31a_1.
Creating placeholder cell definition for module sky130_fd_sc_hd__a32o_2.
Creating placeholder cell definition for module sky130_fd_sc_hd__o32a_1.
Creating placeholder cell definition for module sky130_fd_sc_hd__o21bai_4.
Creating placeholder cell definition for module sky130_fd_sc_hd__o2111a_1.
Creating placeholder cell definition for module sky130_fd_sc_hd__a311o_1.
Creating placeholder cell definition for module sky130_fd_sc_hd__a221oi_4.
Creating placeholder cell definition for module sky130_fd_sc_hd__o221ai_1.
Creating placeholder cell definition for module sky130_fd_sc_hd__a221oi_2.
Creating placeholder cell definition for module sky130_fd_sc_hd__o221ai_2.
Creating placeholder cell definition for module sky130_fd_sc_hd__a221oi_1.
Creating placeholder cell definition for module sky130_fd_sc_hd__o31ai_1.
Creating placeholder cell definition for module sky130_fd_sc_hd__dfxtp_1.
Creating placeholder cell definition for module sky130_fd_sc_hd__dfxtp_2.
Creating placeholder cell definition for module sky130_fd_sc_hd__ebufn_8.
Creating placeholder cell definition for module sky130_fd_sc_hd__conb_1.
Creating placeholder cell definition for module sky130_fd_sc_hd__clkbuf_16.
Reading setup file /content/conda-env/share/pdk/sky130A/libs.tech/netgen/sky130A_setup.tcl
Comparison output logged to file /content/wrapped_hsv_mixer/runs/RUN_2022.06.08_16.33.07/logs/signoff/36-wrapped_hsv_mixer.lef.log
Logging to file "/content/wrapped_hsv_mixer/runs/RUN_2022.06.08_16.33.07/logs/signoff/36-wrapped_hsv_mixer.lef.log" enabled
Circuit sky130_fd_sc_hd__fill_2 contains no devices.
Circuit sky130_fd_sc_hd__decap_3 contains no devices.
Circuit sky130_fd_sc_hd__decap_4 contains no devices.
Circuit sky130_fd_sc_hd__diode_2 contains no devices.
Circuit sky130_fd_sc_hd__decap_8 contains no devices.
Circuit sky130_ef_sc_hd__decap_12 contains no devices.
Circuit sky130_fd_sc_hd__decap_6 contains no devices.
Circuit sky130_fd_sc_hd__xnor2_1 contains no devices.
Circuit sky130_fd_sc_hd__fill_1 contains no devices.
Circuit sky130_fd_sc_hd__o21ai_1 contains no devices.
Circuit sky130_fd_sc_hd__nor2_1 contains no devices.
Circuit sky130_fd_sc_hd__xnor2_2 contains no devices.
Circuit sky130_fd_sc_hd__nand2_1 contains no devices.
Circuit sky130_fd_sc_hd__xor2_1 contains no devices.
Circuit sky130_fd_sc_hd__ebufn_8 contains no devices.
Circuit sky130_fd_sc_hd__or3b_1 contains no devices.
Circuit sky130_fd_sc_hd__or2b_1 contains no devices.
Circuit sky130_fd_sc_hd__a21bo_1 contains no devices.
Circuit sky130_fd_sc_hd__o21ai_4 contains no devices.
Circuit sky130_fd_sc_hd__xor2_4 contains no devices.
Circuit sky130_fd_sc_hd__inv_2 contains no devices.
Circuit sky130_fd_sc_hd__xor2_2 contains no devices.
Circuit sky130_fd_sc_hd__tapvpwrvgnd_1 contains no devices.
Circuit sky130_fd_sc_hd__clkbuf_2 contains no devices.
Circuit sky130_fd_sc_hd__and2b_1 contains no devices.
Circuit sky130_fd_sc_hd__and2_1 contains no devices.
Circuit sky130_fd_sc_hd__o22a_1 contains no devices.
Circuit sky130_fd_sc_hd__a21o_1 contains no devices.
Circuit sky130_fd_sc_hd__o211ai_2 contains no devices.
Circuit sky130_fd_sc_hd__xnor2_4 contains no devices.
Circuit sky130_fd_sc_hd__a31o_1 contains no devices.
Circuit sky130_fd_sc_hd__conb_1 contains no devices.
Circuit sky130_fd_sc_hd__a2bb2o_1 contains no devices.
Circuit sky130_fd_sc_hd__a22o_1 contains no devices.
Circuit sky130_fd_sc_hd__a22oi_1 contains no devices.
Circuit sky130_fd_sc_hd__nor4_2 contains no devices.
Circuit sky130_fd_sc_hd__dlymetal6s2s_1 contains no devices.
Circuit sky130_fd_sc_hd__dfxtp_1 contains no devices.
Circuit sky130_fd_sc_hd__and3b_1 contains no devices.
Circuit sky130_fd_sc_hd__o21a_1 contains no devices.
Circuit sky130_fd_sc_hd__nand3_1 contains no devices.
Circuit sky130_fd_sc_hd__or3_1 contains no devices.
Circuit sky130_fd_sc_hd__a21oi_1 contains no devices.
Circuit sky130_fd_sc_hd__buf_2 contains no devices.
Circuit sky130_fd_sc_hd__clkbuf_16 contains no devices.
Circuit sky130_fd_sc_hd__buf_6 contains no devices.
Circuit sky130_fd_sc_hd__a221oi_2 contains no devices.
Circuit sky130_fd_sc_hd__o22ai_2 contains no devices.
Circuit sky130_fd_sc_hd__a2111o_1 contains no devices.
Circuit sky130_fd_sc_hd__clkbuf_1 contains no devices.
Circuit sky130_fd_sc_hd__and4_1 contains no devices.
Circuit sky130_fd_sc_hd__or2_1 contains no devices.
Circuit sky130_fd_sc_hd__and3_1 contains no devices.
Circuit sky130_fd_sc_hd__a21boi_4 contains no devices.
Circuit sky130_fd_sc_hd__or2b_2 contains no devices.
Circuit sky130_fd_sc_hd__nand3_2 contains no devices.
Circuit sky130_fd_sc_hd__o31ai_4 contains no devices.
Circuit sky130_fd_sc_hd__o211a_1 contains no devices.
Circuit sky130_fd_sc_hd__nand2_2 contains no devices.
Circuit sky130_fd_sc_hd__a41o_1 contains no devices.
Circuit sky130_fd_sc_hd__nor2_2 contains no devices.
Circuit sky130_fd_sc_hd__or4_1 contains no devices.
Circuit sky130_fd_sc_hd__o211ai_1 contains no devices.
Circuit sky130_fd_sc_hd__a21boi_1 contains no devices.
Circuit sky130_fd_sc_hd__a32o_1 contains no devices.
Circuit sky130_fd_sc_hd__o21ba_1 contains no devices.
Circuit sky130_fd_sc_hd__a211o_1 contains no devices.
Circuit sky130_fd_sc_hd__nor3_1 contains no devices.
Circuit sky130_fd_sc_hd__nand4_1 contains no devices.
Circuit sky130_fd_sc_hd__a21o_2 contains no devices.
Circuit sky130_fd_sc_hd__o31a_1 contains no devices.
Circuit sky130_fd_sc_hd__a32oi_1 contains no devices.
Circuit sky130_fd_sc_hd__o2bb2a_1 contains no devices.
Circuit sky130_fd_sc_hd__a21oi_4 contains no devices.
Circuit sky130_fd_sc_hd__a211oi_1 contains no devices.
Circuit sky130_fd_sc_hd__o21ba_2 contains no devices.
Circuit sky130_fd_sc_hd__a22oi_2 contains no devices.
Circuit sky130_fd_sc_hd__o21bai_2 contains no devices.
Circuit sky130_fd_sc_hd__a21oi_2 contains no devices.
Circuit sky130_fd_sc_hd__or4_2 contains no devices.
Circuit sky130_fd_sc_hd__buf_8 contains no devices.
Circuit sky130_fd_sc_hd__nand4_4 contains no devices.
Circuit sky130_fd_sc_hd__dfxtp_2 contains no devices.
Circuit sky130_fd_sc_hd__nand3b_1 contains no devices.
Circuit sky130_fd_sc_hd__or4_4 contains no devices.
Circuit sky130_fd_sc_hd__clkbuf_4 contains no devices.
Circuit sky130_fd_sc_hd__o221a_1 contains no devices.
Circuit sky130_fd_sc_hd__or2_2 contains no devices.
Circuit sky130_fd_sc_hd__o21ai_2 contains no devices.
Circuit sky130_fd_sc_hd__o21bai_1 contains no devices.
Circuit sky130_fd_sc_hd__a311oi_2 contains no devices.
Circuit sky130_fd_sc_hd__a31o_2 contains no devices.
Circuit sky130_fd_sc_hd__nor3_2 contains no devices.
Circuit sky130_fd_sc_hd__or4bb_1 contains no devices.
Circuit sky130_fd_sc_hd__or3_2 contains no devices.
Circuit sky130_fd_sc_hd__mux2_1 contains no devices.
Circuit sky130_fd_sc_hd__o31ai_1 contains no devices.
Circuit sky130_fd_sc_hd__a221o_1 contains no devices.
Circuit sky130_fd_sc_hd__clkbuf_8 contains no devices.
Circuit sky130_fd_sc_hd__a32oi_2 contains no devices.
Circuit sky130_fd_sc_hd__or4b_1 contains no devices.
Circuit sky130_fd_sc_hd__a32o_2 contains no devices.
Circuit sky130_fd_sc_hd__a211oi_2 contains no devices.
Circuit sky130_fd_sc_hd__and2_2 contains no devices.
Circuit sky130_fd_sc_hd__nand2_4 contains no devices.
Circuit sky130_fd_sc_hd__clkinv_2 contains no devices.
Circuit sky130_fd_sc_hd__or3b_2 contains no devices.
Circuit sky130_fd_sc_hd__a31oi_1 contains no devices.
Circuit sky130_fd_sc_hd__and3_2 contains no devices.
Circuit sky130_fd_sc_hd__and4b_2 contains no devices.
Circuit sky130_fd_sc_hd__o22ai_1 contains no devices.
Circuit sky130_fd_sc_hd__a221oi_1 contains no devices.
Circuit sky130_fd_sc_hd__o221ai_1 contains no devices.
Circuit sky130_fd_sc_hd__or4b_2 contains no devices.
Circuit sky130_fd_sc_hd__nor2_4 contains no devices.
Circuit sky130_fd_sc_hd__o2111a_1 contains no devices.
Circuit sky130_fd_sc_hd__a211oi_4 contains no devices.
Circuit sky130_fd_sc_hd__a311o_1 contains no devices.
Circuit sky130_fd_sc_hd__a21boi_2 contains no devices.
Circuit sky130_fd_sc_hd__a22oi_4 contains no devices.
Circuit sky130_fd_sc_hd__o32a_1 contains no devices.
Circuit sky130_fd_sc_hd__o21bai_4 contains no devices.
Circuit sky130_fd_sc_hd__nor2b_2 contains no devices.
Circuit sky130_fd_sc_hd__a31oi_4 contains no devices.
Circuit sky130_fd_sc_hd__nand4_2 contains no devices.
Circuit sky130_fd_sc_hd__a21bo_2 contains no devices.
Circuit sky130_fd_sc_hd__o2bb2a_2 contains no devices.
Circuit sky130_fd_sc_hd__o221ai_2 contains no devices.
Circuit sky130_fd_sc_hd__a221oi_4 contains no devices.
Circuit sky130_fd_sc_hd__buf_4 contains no devices.
Circuit sky130_fd_sc_hd__and4b_1 contains no devices.
Circuit sky130_fd_sc_hd__and4bb_1 contains no devices.
Circuit sky130_fd_sc_hd__o211ai_4 contains no devices.
Circuit sky130_fd_sc_hd__a31oi_2 contains no devices.
Circuit sky130_fd_sc_hd__and4_2 contains no devices.
Circuit sky130_fd_sc_hd__nor3b_2 contains no devices.
Circuit sky130_fd_sc_hd__o21a_2 contains no devices.
Circuit sky130_fd_sc_hd__o31ai_2 contains no devices.

Contents of circuit 1:  Circuit: 'wrapped_hsv_mixer'
Circuit wrapped_hsv_mixer contains 15093 device instances.
  Class: sky130_fd_sc_hd__a41o_1 instances:   5
  Class: sky130_fd_sc_hd__a31o_1 instances:  39
  Class: sky130_fd_sc_hd__a31o_2 instances:   2
  Class: sky130_fd_sc_hd__a21o_1 instances: 124
  Class: sky130_fd_sc_hd__a21o_2 instances:  13
  Class: sky130_fd_sc_hd__clkbuf_16 instances:   9
  Class: sky130_fd_sc_hd__a32oi_1 instances:   1
  Class: sky130_fd_sc_hd__dfxtp_1 instances: 108
  Class: sky130_fd_sc_hd__a32oi_2 instances:   1
  Class: sky130_fd_sc_hd__dfxtp_2 instances:   3
  Class: sky130_fd_sc_hd__o31ai_1 instances:   1
  Class: sky130_fd_sc_hd__o31ai_2 instances:   1
  Class: sky130_fd_sc_hd__o31ai_4 instances:   2
  Class: sky130_fd_sc_hd__or4_1 instances:  10
  Class: sky130_fd_sc_hd__or4_2 instances:   1
  Class: sky130_fd_sc_hd__or4_4 instances:   1
  Class: sky130_fd_sc_hd__a31oi_1 instances:   2
  Class: sky130_fd_sc_hd__a31oi_2 instances:   1
  Class: sky130_fd_sc_hd__nand4_1 instances:  11
  Class: sky130_fd_sc_hd__nand4_2 instances:   4
  Class: sky130_fd_sc_hd__a31oi_4 instances:   2
  Class: sky130_fd_sc_hd__buf_2 instances:  27
  Class: sky130_fd_sc_hd__buf_4 instances:   2
  Class: sky130_fd_sc_hd__nand4_4 instances:   1
  Class: sky130_fd_sc_hd__buf_6 instances:   9
  Class: sky130_fd_sc_hd__buf_8 instances:  10
  Class: sky130_fd_sc_hd__a2bb2o_1 instances:  11
  Class: sky130_fd_sc_hd__and3b_1 instances:   5
  Class: sky130_fd_sc_hd__xor2_1 instances: 119
  Class: sky130_fd_sc_hd__xor2_2 instances:  29
  Class: sky130_fd_sc_hd__o221ai_1 instances:   2
  Class: sky130_fd_sc_hd__xor2_4 instances:  29
  Class: sky130_fd_sc_hd__o221ai_2 instances:   1
  Class: sky130_ef_sc_hd__decap_12 instances: 2160
  Class: sky130_fd_sc_hd__and4_1 instances:  23
  Class: sky130_fd_sc_hd__and4_2 instances:   1
  Class: sky130_fd_sc_hd__inv_2 instances: 135
  Class: sky130_fd_sc_hd__clkbuf_1 instances:  77
  Class: sky130_fd_sc_hd__clkbuf_2 instances: 162
  Class: sky130_fd_sc_hd__clkbuf_4 instances:   4
  Class: sky130_fd_sc_hd__clkbuf_8 instances:   2
  Class: sky130_fd_sc_hd__or3_1 instances:  35
  Class: sky130_fd_sc_hd__or3_2 instances:   5
  Class: sky130_fd_sc_hd__nand3_1 instances:  50
  Class: sky130_fd_sc_hd__nand3_2 instances:   8
  Class: sky130_fd_sc_hd__o21ba_1 instances:  22
  Class: sky130_fd_sc_hd__o21ba_2 instances:   7
  Class: sky130_fd_sc_hd__and2b_1 instances:  88
  Class: sky130_fd_sc_hd__conb_1 instances: 105
  Class: sky130_fd_sc_hd__a21boi_1 instances:  13
  Class: sky130_fd_sc_hd__a21boi_2 instances:   3
  Class: sky130_fd_sc_hd__a21boi_4 instances:   1
  Class: sky130_fd_sc_hd__a21bo_1 instances:  35
  Class: sky130_fd_sc_hd__a21bo_2 instances:   1
  Class: sky130_fd_sc_hd__a221oi_1 instances:   1
  Class: sky130_fd_sc_hd__a221oi_2 instances:   1
  Class: sky130_fd_sc_hd__a221oi_4 instances:   2
  Class: sky130_fd_sc_hd__clkinv_2 instances:   2
  Class: sky130_fd_sc_hd__and3_1 instances: 142
  Class: sky130_fd_sc_hd__and3_2 instances:   3
  Class: sky130_fd_sc_hd__a2111o_1 instances:   6
  Class: sky130_fd_sc_hd__decap_3 instances: 630
  Class: sky130_fd_sc_hd__decap_4 instances: 2552
  Class: sky130_fd_sc_hd__decap_6 instances: 951
  Class: sky130_fd_sc_hd__decap_8 instances: 1097
  Class: sky130_fd_sc_hd__or2_1 instances: 103
  Class: sky130_fd_sc_hd__or2_2 instances:   4
  Class: sky130_fd_sc_hd__nand2_1 instances: 270
  Class: sky130_fd_sc_hd__nand2_2 instances:  14
  Class: sky130_fd_sc_hd__nand2_4 instances:   1
  Class: sky130_fd_sc_hd__nand3b_1 instances:   2
  Class: sky130_fd_sc_hd__mux2_1 instances:   2
  Class: sky130_fd_sc_hd__a211oi_1 instances:   7
  Class: sky130_fd_sc_hd__and2_1 instances: 168
  Class: sky130_fd_sc_hd__and2_2 instances:   6
  Class: sky130_fd_sc_hd__a211oi_2 instances:   5
  Class: sky130_fd_sc_hd__a211oi_4 instances:   3
  Class: sky130_fd_sc_hd__or4b_1 instances:   1
  Class: sky130_fd_sc_hd__or4b_2 instances:   1
  Class: sky130_fd_sc_hd__nor4_2 instances:   2
  Class: sky130_fd_sc_hd__ebufn_8 instances: 108
  Class: sky130_fd_sc_hd__o32a_1 instances:   1
  Class: sky130_fd_sc_hd__o22a_1 instances:  24
  Class: sky130_fd_sc_hd__xnor2_1 instances: 209
  Class: sky130_fd_sc_hd__xnor2_2 instances:  53
  Class: sky130_fd_sc_hd__xnor2_4 instances:  31
  Class: sky130_fd_sc_hd__nor3b_2 instances:   2
  Class: sky130_fd_sc_hd__o221a_1 instances:   8
  Class: sky130_fd_sc_hd__o21bai_1 instances:   8
  Class: sky130_fd_sc_hd__o21bai_2 instances:   5
  Class: sky130_fd_sc_hd__o21bai_4 instances:   1
  Class: sky130_fd_sc_hd__o211a_1 instances:  37
  Class: sky130_fd_sc_hd__diode_2 instances: 871
  Class: sky130_fd_sc_hd__a311oi_2 instances:   2
  Class: sky130_fd_sc_hd__a221o_1 instances:   8
  Class: sky130_fd_sc_hd__a211o_1 instances:  17
  Class: sky130_fd_sc_hd__o2111a_1 instances:   2
  Class: sky130_fd_sc_hd__or3b_1 instances:  11
  Class: sky130_fd_sc_hd__or3b_2 instances:   6
  Class: sky130_fd_sc_hd__dlymetal6s2s_1 instances: 149
  Class: sky130_fd_sc_hd__or4bb_1 instances:   7
  Class: sky130_fd_sc_hd__nor3_1 instances:  13
  Class: sky130_fd_sc_hd__nor3_2 instances:   3
  Class: sky130_fd_sc_hd__a32o_1 instances:  10
  Class: sky130_fd_sc_hd__a32o_2 instances:   1
  Class: sky130_fd_sc_hd__a22o_1 instances:  57
  Class: sky130_fd_sc_hd__o31a_1 instances:   7
  Class: sky130_fd_sc_hd__o2bb2a_1 instances:  14
  Class: sky130_fd_sc_hd__o2bb2a_2 instances:   1
  Class: sky130_fd_sc_hd__o21a_1 instances:  64
  Class: sky130_fd_sc_hd__o21a_2 instances:   1
  Class: sky130_fd_sc_hd__o22ai_1 instances:   2
  Class: sky130_fd_sc_hd__o22ai_2 instances:   5
  Class: sky130_fd_sc_hd__nor2b_2 instances:   1
  Class: sky130_fd_sc_hd__a22oi_1 instances:  19
  Class: sky130_fd_sc_hd__a22oi_2 instances:   9
  Class: sky130_fd_sc_hd__and4b_1 instances:   2
  Class: sky130_fd_sc_hd__a22oi_4 instances:   1
  Class: sky130_fd_sc_hd__and4b_2 instances:   1
  Class: sky130_fd_sc_hd__o21ai_1 instances:  47
  Class: sky130_fd_sc_hd__o21ai_2 instances:   9
  Class: sky130_fd_sc_hd__tapvpwrvgnd_1 instances: 1428
  Class: sky130_fd_sc_hd__o21ai_4 instances:   4
  Class: sky130_fd_sc_hd__a21oi_1 instances: 102
  Class: sky130_fd_sc_hd__a21oi_2 instances:  12
  Class: sky130_fd_sc_hd__a311o_1 instances:   1
  Class: sky130_fd_sc_hd__a21oi_4 instances:   5
  Class: sky130_fd_sc_hd__fill_1 instances: 1570
  Class: sky130_fd_sc_hd__fill_2 instances: 407
  Class: sky130_fd_sc_hd__o211ai_1 instances:   3
  Class: sky130_fd_sc_hd__o211ai_2 instances:   5
  Class: sky130_fd_sc_hd__o211ai_4 instances:   1
  Class: sky130_fd_sc_hd__or2b_1 instances:  47
  Class: sky130_fd_sc_hd__or2b_2 instances:   2
  Class: sky130_fd_sc_hd__and4bb_1 instances:   2
  Class: sky130_fd_sc_hd__nor2_1 instances: 168
  Class: sky130_fd_sc_hd__nor2_2 instances:   9
  Class: sky130_fd_sc_hd__nor2_4 instances:   1
Circuit contains 3543 nets, and 95 disconnected pins.
Contents of circuit 2:  Circuit: 'wrapped_hsv_mixer'
Circuit wrapped_hsv_mixer contains 15093 device instances.
  Class: sky130_fd_sc_hd__a41o_1 instances:   5
  Class: sky130_fd_sc_hd__a31o_1 instances:  39
  Class: sky130_fd_sc_hd__a31o_2 instances:   2
  Class: sky130_fd_sc_hd__a21o_1 instances: 124
  Class: sky130_fd_sc_hd__a21o_2 instances:  13
  Class: sky130_fd_sc_hd__clkbuf_16 instances:   9
  Class: sky130_fd_sc_hd__dfxtp_1 instances: 108
  Class: sky130_fd_sc_hd__a32oi_1 instances:   1
  Class: sky130_fd_sc_hd__dfxtp_2 instances:   3
  Class: sky130_fd_sc_hd__a32oi_2 instances:   1
  Class: sky130_fd_sc_hd__o31ai_1 instances:   1
  Class: sky130_fd_sc_hd__o31ai_2 instances:   1
  Class: sky130_fd_sc_hd__o31ai_4 instances:   2
  Class: sky130_fd_sc_hd__or4_1 instances:  10
  Class: sky130_fd_sc_hd__or4_2 instances:   1
  Class: sky130_fd_sc_hd__or4_4 instances:   1
  Class: sky130_fd_sc_hd__a31oi_1 instances:   2
  Class: sky130_fd_sc_hd__a31oi_2 instances:   1
  Class: sky130_fd_sc_hd__nand4_1 instances:  11
  Class: sky130_fd_sc_hd__nand4_2 instances:   4
  Class: sky130_fd_sc_hd__a31oi_4 instances:   2
  Class: sky130_fd_sc_hd__buf_2 instances:  27
  Class: sky130_fd_sc_hd__nand4_4 instances:   1
  Class: sky130_fd_sc_hd__buf_4 instances:   2
  Class: sky130_fd_sc_hd__buf_6 instances:   9
  Class: sky130_fd_sc_hd__buf_8 instances:  10
  Class: sky130_fd_sc_hd__a2bb2o_1 instances:  11
  Class: sky130_fd_sc_hd__and3b_1 instances:   5
  Class: sky130_fd_sc_hd__xor2_1 instances: 119
  Class: sky130_fd_sc_hd__xor2_2 instances:  29
  Class: sky130_fd_sc_hd__o221ai_1 instances:   2
  Class: sky130_fd_sc_hd__xor2_4 instances:  29
  Class: sky130_fd_sc_hd__o221ai_2 instances:   1
  Class: sky130_ef_sc_hd__decap_12 instances: 2160
  Class: sky130_fd_sc_hd__and4_1 instances:  23
  Class: sky130_fd_sc_hd__and4_2 instances:   1
  Class: sky130_fd_sc_hd__inv_2 instances: 135
  Class: sky130_fd_sc_hd__clkbuf_1 instances:  77
  Class: sky130_fd_sc_hd__clkbuf_2 instances: 162
  Class: sky130_fd_sc_hd__clkbuf_4 instances:   4
  Class: sky130_fd_sc_hd__clkbuf_8 instances:   2
  Class: sky130_fd_sc_hd__or3_1 instances:  35
  Class: sky130_fd_sc_hd__or3_2 instances:   5
  Class: sky130_fd_sc_hd__nand3_1 instances:  50
  Class: sky130_fd_sc_hd__nand3_2 instances:   8
  Class: sky130_fd_sc_hd__o21ba_1 instances:  22
  Class: sky130_fd_sc_hd__o21ba_2 instances:   7
  Class: sky130_fd_sc_hd__and2b_1 instances:  88
  Class: sky130_fd_sc_hd__conb_1 instances: 105
  Class: sky130_fd_sc_hd__a21boi_1 instances:  13
  Class: sky130_fd_sc_hd__a21boi_2 instances:   3
  Class: sky130_fd_sc_hd__a21boi_4 instances:   1
  Class: sky130_fd_sc_hd__a21bo_1 instances:  35
  Class: sky130_fd_sc_hd__a21bo_2 instances:   1
  Class: sky130_fd_sc_hd__a221oi_1 instances:   1
  Class: sky130_fd_sc_hd__a221oi_2 instances:   1
  Class: sky130_fd_sc_hd__a221oi_4 instances:   2
  Class: sky130_fd_sc_hd__clkinv_2 instances:   2
  Class: sky130_fd_sc_hd__and3_1 instances: 142
  Class: sky130_fd_sc_hd__and3_2 instances:   3
  Class: sky130_fd_sc_hd__a2111o_1 instances:   6
  Class: sky130_fd_sc_hd__decap_3 instances: 630
  Class: sky130_fd_sc_hd__decap_4 instances: 2552
  Class: sky130_fd_sc_hd__decap_6 instances: 951
  Class: sky130_fd_sc_hd__decap_8 instances: 1097
  Class: sky130_fd_sc_hd__or2_1 instances: 103
  Class: sky130_fd_sc_hd__or2_2 instances:   4
  Class: sky130_fd_sc_hd__nand2_1 instances: 270
  Class: sky130_fd_sc_hd__nand2_2 instances:  14
  Class: sky130_fd_sc_hd__nand2_4 instances:   1
  Class: sky130_fd_sc_hd__nand3b_1 instances:   2
  Class: sky130_fd_sc_hd__mux2_1 instances:   2
  Class: sky130_fd_sc_hd__a211oi_1 instances:   7
  Class: sky130_fd_sc_hd__and2_1 instances: 168
  Class: sky130_fd_sc_hd__and2_2 instances:   6
  Class: sky130_fd_sc_hd__a211oi_2 instances:   5
  Class: sky130_fd_sc_hd__a211oi_4 instances:   3
  Class: sky130_fd_sc_hd__or4b_1 instances:   1
  Class: sky130_fd_sc_hd__or4b_2 instances:   1
  Class: sky130_fd_sc_hd__nor4_2 instances:   2
  Class: sky130_fd_sc_hd__ebufn_8 instances: 108
  Class: sky130_fd_sc_hd__o32a_1 instances:   1
  Class: sky130_fd_sc_hd__o22a_1 instances:  24
  Class: sky130_fd_sc_hd__xnor2_1 instances: 209
  Class: sky130_fd_sc_hd__xnor2_2 instances:  53
  Class: sky130_fd_sc_hd__xnor2_4 instances:  31
  Class: sky130_fd_sc_hd__nor3b_2 instances:   2
  Class: sky130_fd_sc_hd__o221a_1 instances:   8
  Class: sky130_fd_sc_hd__o21bai_1 instances:   8
  Class: sky130_fd_sc_hd__o21bai_2 instances:   5
  Class: sky130_fd_sc_hd__o21bai_4 instances:   1
  Class: sky130_fd_sc_hd__o211a_1 instances:  37
  Class: sky130_fd_sc_hd__diode_2 instances: 871
  Class: sky130_fd_sc_hd__a311oi_2 instances:   2
  Class: sky130_fd_sc_hd__a221o_1 instances:   8
  Class: sky130_fd_sc_hd__a211o_1 instances:  17
  Class: sky130_fd_sc_hd__o2111a_1 instances:   2
  Class: sky130_fd_sc_hd__or3b_1 instances:  11
  Class: sky130_fd_sc_hd__or3b_2 instances:   6
  Class: sky130_fd_sc_hd__dlymetal6s2s_1 instances: 149
  Class: sky130_fd_sc_hd__or4bb_1 instances:   7
  Class: sky130_fd_sc_hd__nor3_1 instances:  13
  Class: sky130_fd_sc_hd__nor3_2 instances:   3
  Class: sky130_fd_sc_hd__a32o_1 instances:  10
  Class: sky130_fd_sc_hd__a32o_2 instances:   1
  Class: sky130_fd_sc_hd__a22o_1 instances:  57
  Class: sky130_fd_sc_hd__o31a_1 instances:   7
  Class: sky130_fd_sc_hd__o2bb2a_1 instances:  14
  Class: sky130_fd_sc_hd__o2bb2a_2 instances:   1
  Class: sky130_fd_sc_hd__o21a_1 instances:  64
  Class: sky130_fd_sc_hd__o21a_2 instances:   1
  Class: sky130_fd_sc_hd__o22ai_1 instances:   2
  Class: sky130_fd_sc_hd__o22ai_2 instances:   5
  Class: sky130_fd_sc_hd__nor2b_2 instances:   1
  Class: sky130_fd_sc_hd__a22oi_1 instances:  19
  Class: sky130_fd_sc_hd__a22oi_2 instances:   9
  Class: sky130_fd_sc_hd__and4b_1 instances:   2
  Class: sky130_fd_sc_hd__a22oi_4 instances:   1
  Class: sky130_fd_sc_hd__and4b_2 instances:   1
  Class: sky130_fd_sc_hd__o21ai_1 instances:  47
  Class: sky130_fd_sc_hd__o21ai_2 instances:   9
  Class: sky130_fd_sc_hd__tapvpwrvgnd_1 instances: 1428
  Class: sky130_fd_sc_hd__o21ai_4 instances:   4
  Class: sky130_fd_sc_hd__a21oi_1 instances: 102
  Class: sky130_fd_sc_hd__a21oi_2 instances:  12
  Class: sky130_fd_sc_hd__a311o_1 instances:   1
  Class: sky130_fd_sc_hd__a21oi_4 instances:   5
  Class: sky130_fd_sc_hd__fill_1 instances: 1570
  Class: sky130_fd_sc_hd__fill_2 instances: 407
  Class: sky130_fd_sc_hd__o211ai_1 instances:   3
  Class: sky130_fd_sc_hd__o211ai_2 instances:   5
  Class: sky130_fd_sc_hd__o211ai_4 instances:   1
  Class: sky130_fd_sc_hd__or2b_1 instances:  47
  Class: sky130_fd_sc_hd__or2b_2 instances:   2
  Class: sky130_fd_sc_hd__and4bb_1 instances:   2
  Class: sky130_fd_sc_hd__nor2_1 instances: 168
  Class: sky130_fd_sc_hd__nor2_2 instances:   9
  Class: sky130_fd_sc_hd__nor2_4 instances:   1
Circuit contains 3543 nets, and 95 disconnected pins.

Circuit was modified by parallel/series device merging.
New circuit summary:

Contents of circuit 1:  Circuit: 'wrapped_hsv_mixer'
Circuit wrapped_hsv_mixer contains 3634 device instances.
  Class: sky130_fd_sc_hd__a41o_1 instances:   5
  Class: sky130_fd_sc_hd__a31o_1 instances:  39
  Class: sky130_fd_sc_hd__a31o_2 instances:   2
  Class: sky130_fd_sc_hd__a21o_1 instances: 124
  Class: sky130_fd_sc_hd__a21o_2 instances:  13
  Class: sky130_fd_sc_hd__clkbuf_16 instances:   9
  Class: sky130_fd_sc_hd__a32oi_1 instances:   1
  Class: sky130_fd_sc_hd__dfxtp_1 instances: 108
  Class: sky130_fd_sc_hd__a32oi_2 instances:   1
  Class: sky130_fd_sc_hd__dfxtp_2 instances:   3
  Class: sky130_fd_sc_hd__o31ai_1 instances:   1
  Class: sky130_fd_sc_hd__o31ai_2 instances:   1
  Class: sky130_fd_sc_hd__o31ai_4 instances:   2
  Class: sky130_fd_sc_hd__or4_1 instances:  10
  Class: sky130_fd_sc_hd__or4_2 instances:   1
  Class: sky130_fd_sc_hd__or4_4 instances:   1
  Class: sky130_fd_sc_hd__a31oi_1 instances:   2
  Class: sky130_fd_sc_hd__a31oi_2 instances:   1
  Class: sky130_fd_sc_hd__nand4_1 instances:  11
  Class: sky130_fd_sc_hd__nand4_2 instances:   4
  Class: sky130_fd_sc_hd__a31oi_4 instances:   2
  Class: sky130_fd_sc_hd__buf_2 instances:  27
  Class: sky130_fd_sc_hd__buf_4 instances:   2
  Class: sky130_fd_sc_hd__nand4_4 instances:   1
  Class: sky130_fd_sc_hd__buf_6 instances:   9
  Class: sky130_fd_sc_hd__buf_8 instances:  10
  Class: sky130_fd_sc_hd__a2bb2o_1 instances:  11
  Class: sky130_fd_sc_hd__and3b_1 instances:   5
  Class: sky130_fd_sc_hd__xor2_1 instances: 119
  Class: sky130_fd_sc_hd__xor2_2 instances:  29
  Class: sky130_fd_sc_hd__o221ai_1 instances:   2
  Class: sky130_fd_sc_hd__xor2_4 instances:  29
  Class: sky130_fd_sc_hd__o221ai_2 instances:   1
  Class: sky130_ef_sc_hd__decap_12 instances:   1
  Class: sky130_fd_sc_hd__and4_1 instances:  23
  Class: sky130_fd_sc_hd__and4_2 instances:   1
  Class: sky130_fd_sc_hd__inv_2 instances: 135
  Class: sky130_fd_sc_hd__clkbuf_1 instances:  77
  Class: sky130_fd_sc_hd__clkbuf_2 instances: 162
  Class: sky130_fd_sc_hd__clkbuf_4 instances:   4
  Class: sky130_fd_sc_hd__clkbuf_8 instances:   2
  Class: sky130_fd_sc_hd__or3_1 instances:  35
  Class: sky130_fd_sc_hd__or3_2 instances:   5
  Class: sky130_fd_sc_hd__nand3_1 instances:  50
  Class: sky130_fd_sc_hd__nand3_2 instances:   8
  Class: sky130_fd_sc_hd__o21ba_1 instances:  22
  Class: sky130_fd_sc_hd__o21ba_2 instances:   7
  Class: sky130_fd_sc_hd__and2b_1 instances:  88
  Class: sky130_fd_sc_hd__conb_1 instances: 105
  Class: sky130_fd_sc_hd__a21boi_1 instances:  13
  Class: sky130_fd_sc_hd__a21boi_2 instances:   3
  Class: sky130_fd_sc_hd__a21boi_4 instances:   1
  Class: sky130_fd_sc_hd__a21bo_1 instances:  35
  Class: sky130_fd_sc_hd__a21bo_2 instances:   1
  Class: sky130_fd_sc_hd__a221oi_1 instances:   1
  Class: sky130_fd_sc_hd__a221oi_2 instances:   1
  Class: sky130_fd_sc_hd__a221oi_4 instances:   2
  Class: sky130_fd_sc_hd__clkinv_2 instances:   2
  Class: sky130_fd_sc_hd__and3_1 instances: 142
  Class: sky130_fd_sc_hd__and3_2 instances:   3
  Class: sky130_fd_sc_hd__a2111o_1 instances:   6
  Class: sky130_fd_sc_hd__decap_3 instances:   1
  Class: sky130_fd_sc_hd__decap_4 instances:   1
  Class: sky130_fd_sc_hd__decap_6 instances:   1
  Class: sky130_fd_sc_hd__decap_8 instances:   1
  Class: sky130_fd_sc_hd__or2_1 instances: 103
  Class: sky130_fd_sc_hd__or2_2 instances:   4
  Class: sky130_fd_sc_hd__nand2_1 instances: 270
  Class: sky130_fd_sc_hd__nand2_2 instances:  14
  Class: sky130_fd_sc_hd__nand2_4 instances:   1
  Class: sky130_fd_sc_hd__nand3b_1 instances:   2
  Class: sky130_fd_sc_hd__mux2_1 instances:   2
  Class: sky130_fd_sc_hd__a211oi_1 instances:   7
  Class: sky130_fd_sc_hd__and2_1 instances: 168
  Class: sky130_fd_sc_hd__and2_2 instances:   6
  Class: sky130_fd_sc_hd__a211oi_2 instances:   5
  Class: sky130_fd_sc_hd__a211oi_4 instances:   3
  Class: sky130_fd_sc_hd__or4b_1 instances:   1
  Class: sky130_fd_sc_hd__or4b_2 instances:   1
  Class: sky130_fd_sc_hd__nor4_2 instances:   2
  Class: sky130_fd_sc_hd__ebufn_8 instances: 108
  Class: sky130_fd_sc_hd__o32a_1 instances:   1
  Class: sky130_fd_sc_hd__o22a_1 instances:  24
  Class: sky130_fd_sc_hd__xnor2_1 instances: 209
  Class: sky130_fd_sc_hd__xnor2_2 instances:  53
  Class: sky130_fd_sc_hd__xnor2_4 instances:  31
  Class: sky130_fd_sc_hd__nor3b_2 instances:   2
  Class: sky130_fd_sc_hd__o221a_1 instances:   8
  Class: sky130_fd_sc_hd__o21bai_1 instances:   8
  Class: sky130_fd_sc_hd__o21bai_2 instances:   5
  Class: sky130_fd_sc_hd__o21bai_4 instances:   1
  Class: sky130_fd_sc_hd__o211a_1 instances:  37
  Class: sky130_fd_sc_hd__diode_2 instances: 199
  Class: sky130_fd_sc_hd__a311oi_2 instances:   2
  Class: sky130_fd_sc_hd__a221o_1 instances:   8
  Class: sky130_fd_sc_hd__a211o_1 instances:  17
  Class: sky130_fd_sc_hd__o2111a_1 instances:   2
  Class: sky130_fd_sc_hd__or3b_1 instances:  11
  Class: sky130_fd_sc_hd__or3b_2 instances:   6
  Class: sky130_fd_sc_hd__dlymetal6s2s_1 instances: 149
  Class: sky130_fd_sc_hd__or4bb_1 instances:   7
  Class: sky130_fd_sc_hd__nor3_1 instances:  13
  Class: sky130_fd_sc_hd__nor3_2 instances:   3
  Class: sky130_fd_sc_hd__a32o_1 instances:  10
  Class: sky130_fd_sc_hd__a32o_2 instances:   1
  Class: sky130_fd_sc_hd__a22o_1 instances:  57
  Class: sky130_fd_sc_hd__o31a_1 instances:   7
  Class: sky130_fd_sc_hd__o2bb2a_1 instances:  14
  Class: sky130_fd_sc_hd__o2bb2a_2 instances:   1
  Class: sky130_fd_sc_hd__o21a_1 instances:  64
  Class: sky130_fd_sc_hd__o21a_2 instances:   1
  Class: sky130_fd_sc_hd__o22ai_1 instances:   2
  Class: sky130_fd_sc_hd__o22ai_2 instances:   5
  Class: sky130_fd_sc_hd__nor2b_2 instances:   1
  Class: sky130_fd_sc_hd__a22oi_1 instances:  19
  Class: sky130_fd_sc_hd__a22oi_2 instances:   9
  Class: sky130_fd_sc_hd__and4b_1 instances:   2
  Class: sky130_fd_sc_hd__a22oi_4 instances:   1
  Class: sky130_fd_sc_hd__and4b_2 instances:   1
  Class: sky130_fd_sc_hd__o21ai_1 instances:  47
  Class: sky130_fd_sc_hd__o21ai_2 instances:   9
  Class: sky130_fd_sc_hd__tapvpwrvgnd_1 instances:   1
  Class: sky130_fd_sc_hd__o21ai_4 instances:   4
  Class: sky130_fd_sc_hd__a21oi_1 instances: 102
  Class: sky130_fd_sc_hd__a21oi_2 instances:  12
  Class: sky130_fd_sc_hd__a311o_1 instances:   1
  Class: sky130_fd_sc_hd__a21oi_4 instances:   5
  Class: sky130_fd_sc_hd__fill_1 instances:   1
  Class: sky130_fd_sc_hd__fill_2 instances:   1
  Class: sky130_fd_sc_hd__o211ai_1 instances:   3
  Class: sky130_fd_sc_hd__o211ai_2 instances:   5
  Class: sky130_fd_sc_hd__o211ai_4 instances:   1
  Class: sky130_fd_sc_hd__or2b_1 instances:  47
  Class: sky130_fd_sc_hd__or2b_2 instances:   2
  Class: sky130_fd_sc_hd__and4bb_1 instances:   2
  Class: sky130_fd_sc_hd__nor2_1 instances: 168
  Class: sky130_fd_sc_hd__nor2_2 instances:   9
  Class: sky130_fd_sc_hd__nor2_4 instances:   1
Circuit contains 3543 nets, and 95 disconnected pins.
Contents of circuit 2:  Circuit: 'wrapped_hsv_mixer'
Circuit wrapped_hsv_mixer contains 3634 device instances.
  Class: sky130_fd_sc_hd__a41o_1 instances:   5
  Class: sky130_fd_sc_hd__a31o_1 instances:  39
  Class: sky130_fd_sc_hd__a31o_2 instances:   2
  Class: sky130_fd_sc_hd__a21o_1 instances: 124
  Class: sky130_fd_sc_hd__a21o_2 instances:  13
  Class: sky130_fd_sc_hd__clkbuf_16 instances:   9
  Class: sky130_fd_sc_hd__dfxtp_1 instances: 108
  Class: sky130_fd_sc_hd__a32oi_1 instances:   1
  Class: sky130_fd_sc_hd__dfxtp_2 instances:   3
  Class: sky130_fd_sc_hd__a32oi_2 instances:   1
  Class: sky130_fd_sc_hd__o31ai_1 instances:   1
  Class: sky130_fd_sc_hd__o31ai_2 instances:   1
  Class: sky130_fd_sc_hd__o31ai_4 instances:   2
  Class: sky130_fd_sc_hd__or4_1 instances:  10
  Class: sky130_fd_sc_hd__or4_2 instances:   1
  Class: sky130_fd_sc_hd__or4_4 instances:   1
  Class: sky130_fd_sc_hd__a31oi_1 instances:   2
  Class: sky130_fd_sc_hd__a31oi_2 instances:   1
  Class: sky130_fd_sc_hd__nand4_1 instances:  11
  Class: sky130_fd_sc_hd__nand4_2 instances:   4
  Class: sky130_fd_sc_hd__a31oi_4 instances:   2
  Class: sky130_fd_sc_hd__buf_2 instances:  27
  Class: sky130_fd_sc_hd__nand4_4 instances:   1
  Class: sky130_fd_sc_hd__buf_4 instances:   2
  Class: sky130_fd_sc_hd__buf_6 instances:   9
  Class: sky130_fd_sc_hd__buf_8 instances:  10
  Class: sky130_fd_sc_hd__a2bb2o_1 instances:  11
  Class: sky130_fd_sc_hd__and3b_1 instances:   5
  Class: sky130_fd_sc_hd__xor2_1 instances: 119
  Class: sky130_fd_sc_hd__xor2_2 instances:  29
  Class: sky130_fd_sc_hd__o221ai_1 instances:   2
  Class: sky130_fd_sc_hd__xor2_4 instances:  29
  Class: sky130_fd_sc_hd__o221ai_2 instances:   1
  Class: sky130_ef_sc_hd__decap_12 instances:   1
  Class: sky130_fd_sc_hd__and4_1 instances:  23
  Class: sky130_fd_sc_hd__and4_2 instances:   1
  Class: sky130_fd_sc_hd__inv_2 instances: 135
  Class: sky130_fd_sc_hd__clkbuf_1 instances:  77
  Class: sky130_fd_sc_hd__clkbuf_2 instances: 162
  Class: sky130_fd_sc_hd__clkbuf_4 instances:   4
  Class: sky130_fd_sc_hd__clkbuf_8 instances:   2
  Class: sky130_fd_sc_hd__or3_1 instances:  35
  Class: sky130_fd_sc_hd__or3_2 instances:   5
  Class: sky130_fd_sc_hd__nand3_1 instances:  50
  Class: sky130_fd_sc_hd__nand3_2 instances:   8
  Class: sky130_fd_sc_hd__o21ba_1 instances:  22
  Class: sky130_fd_sc_hd__o21ba_2 instances:   7
  Class: sky130_fd_sc_hd__and2b_1 instances:  88
  Class: sky130_fd_sc_hd__conb_1 instances: 105
  Class: sky130_fd_sc_hd__a21boi_1 instances:  13
  Class: sky130_fd_sc_hd__a21boi_2 instances:   3
  Class: sky130_fd_sc_hd__a21boi_4 instances:   1
  Class: sky130_fd_sc_hd__a21bo_1 instances:  35
  Class: sky130_fd_sc_hd__a21bo_2 instances:   1
  Class: sky130_fd_sc_hd__a221oi_1 instances:   1
  Class: sky130_fd_sc_hd__a221oi_2 instances:   1
  Class: sky130_fd_sc_hd__a221oi_4 instances:   2
  Class: sky130_fd_sc_hd__clkinv_2 instances:   2
  Class: sky130_fd_sc_hd__and3_1 instances: 142
  Class: sky130_fd_sc_hd__and3_2 instances:   3
  Class: sky130_fd_sc_hd__a2111o_1 instances:   6
  Class: sky130_fd_sc_hd__decap_3 instances:   1
  Class: sky130_fd_sc_hd__decap_4 instances:   1
  Class: sky130_fd_sc_hd__decap_6 instances:   1
  Class: sky130_fd_sc_hd__decap_8 instances:   1
  Class: sky130_fd_sc_hd__or2_1 instances: 103
  Class: sky130_fd_sc_hd__or2_2 instances:   4
  Class: sky130_fd_sc_hd__nand2_1 instances: 270
  Class: sky130_fd_sc_hd__nand2_2 instances:  14
  Class: sky130_fd_sc_hd__nand2_4 instances:   1
  Class: sky130_fd_sc_hd__nand3b_1 instances:   2
  Class: sky130_fd_sc_hd__mux2_1 instances:   2
  Class: sky130_fd_sc_hd__a211oi_1 instances:   7
  Class: sky130_fd_sc_hd__and2_1 instances: 168
  Class: sky130_fd_sc_hd__and2_2 instances:   6
  Class: sky130_fd_sc_hd__a211oi_2 instances:   5
  Class: sky130_fd_sc_hd__a211oi_4 instances:   3
  Class: sky130_fd_sc_hd__or4b_1 instances:   1
  Class: sky130_fd_sc_hd__or4b_2 instances:   1
  Class: sky130_fd_sc_hd__nor4_2 instances:   2
  Class: sky130_fd_sc_hd__ebufn_8 instances: 108
  Class: sky130_fd_sc_hd__o32a_1 instances:   1
  Class: sky130_fd_sc_hd__o22a_1 instances:  24
  Class: sky130_fd_sc_hd__xnor2_1 instances: 209
  Class: sky130_fd_sc_hd__xnor2_2 instances:  53
  Class: sky130_fd_sc_hd__xnor2_4 instances:  31
  Class: sky130_fd_sc_hd__nor3b_2 instances:   2
  Class: sky130_fd_sc_hd__o221a_1 instances:   8
  Class: sky130_fd_sc_hd__o21bai_1 instances:   8
  Class: sky130_fd_sc_hd__o21bai_2 instances:   5
  Class: sky130_fd_sc_hd__o21bai_4 instances:   1
  Class: sky130_fd_sc_hd__o211a_1 instances:  37
  Class: sky130_fd_sc_hd__diode_2 instances: 199
  Class: sky130_fd_sc_hd__a311oi_2 instances:   2
  Class: sky130_fd_sc_hd__a221o_1 instances:   8
  Class: sky130_fd_sc_hd__a211o_1 instances:  17
  Class: sky130_fd_sc_hd__o2111a_1 instances:   2
  Class: sky130_fd_sc_hd__or3b_1 instances:  11
  Class: sky130_fd_sc_hd__or3b_2 instances:   6
  Class: sky130_fd_sc_hd__dlymetal6s2s_1 instances: 149
  Class: sky130_fd_sc_hd__or4bb_1 instances:   7
  Class: sky130_fd_sc_hd__nor3_1 instances:  13
  Class: sky130_fd_sc_hd__nor3_2 instances:   3
  Class: sky130_fd_sc_hd__a32o_1 instances:  10
  Class: sky130_fd_sc_hd__a32o_2 instances:   1
  Class: sky130_fd_sc_hd__a22o_1 instances:  57
  Class: sky130_fd_sc_hd__o31a_1 instances:   7
  Class: sky130_fd_sc_hd__o2bb2a_1 instances:  14
  Class: sky130_fd_sc_hd__o2bb2a_2 instances:   1
  Class: sky130_fd_sc_hd__o21a_1 instances:  64
  Class: sky130_fd_sc_hd__o21a_2 instances:   1
  Class: sky130_fd_sc_hd__o22ai_1 instances:   2
  Class: sky130_fd_sc_hd__o22ai_2 instances:   5
  Class: sky130_fd_sc_hd__nor2b_2 instances:   1
  Class: sky130_fd_sc_hd__a22oi_1 instances:  19
  Class: sky130_fd_sc_hd__a22oi_2 instances:   9
  Class: sky130_fd_sc_hd__and4b_1 instances:   2
  Class: sky130_fd_sc_hd__a22oi_4 instances:   1
  Class: sky130_fd_sc_hd__and4b_2 instances:   1
  Class: sky130_fd_sc_hd__o21ai_1 instances:  47
  Class: sky130_fd_sc_hd__o21ai_2 instances:   9
  Class: sky130_fd_sc_hd__tapvpwrvgnd_1 instances:   1
  Class: sky130_fd_sc_hd__o21ai_4 instances:   4
  Class: sky130_fd_sc_hd__a21oi_1 instances: 102
  Class: sky130_fd_sc_hd__a21oi_2 instances:  12
  Class: sky130_fd_sc_hd__a311o_1 instances:   1
  Class: sky130_fd_sc_hd__a21oi_4 instances:   5
  Class: sky130_fd_sc_hd__fill_1 instances:   1
  Class: sky130_fd_sc_hd__fill_2 instances:   1
  Class: sky130_fd_sc_hd__o211ai_1 instances:   3
  Class: sky130_fd_sc_hd__o211ai_2 instances:   5
  Class: sky130_fd_sc_hd__o211ai_4 instances:   1
  Class: sky130_fd_sc_hd__or2b_1 instances:  47
  Class: sky130_fd_sc_hd__or2b_2 instances:   2
  Class: sky130_fd_sc_hd__and4bb_1 instances:   2
  Class: sky130_fd_sc_hd__nor2_1 instances: 168
  Class: sky130_fd_sc_hd__nor2_2 instances:   9
  Class: sky130_fd_sc_hd__nor2_4 instances:   1
Circuit contains 3543 nets, and 95 disconnected pins.

Circuit 1 contains 3634 devices, Circuit 2 contains 3634 devices.
Circuit 1 contains 3543 nets,    Circuit 2 contains 3543 nets.

Circuits match with 112 symmetries.
Resolving automorphisms by property value.
Resolving automorphisms by pin name.
Netlists match uniquely.
Circuits match correctly.
Result: Circuits match uniquely.
Logging to file "/content/wrapped_hsv_mixer/runs/RUN_2022.06.08_16.33.07/logs/signoff/36-wrapped_hsv_mixer.lef.log" disabled
LVS Done.
