
29. Printing statistics.

=== wrapped_hsv_mixer ===

   Number of wires:               3310
   Number of wire bits:           3514
   Number of public wires:         122
   Number of public wire bits:     326
   Number of memories:               0
   Number of memory bits:            0
   Number of processes:              0
   Number of cells:               3410
     sky130_fd_sc_hd__a2111o_2       6
     sky130_fd_sc_hd__a211o_2       17
     sky130_fd_sc_hd__a211oi_2      15
     sky130_fd_sc_hd__a21bo_2       36
     sky130_fd_sc_hd__a21boi_2      17
     sky130_fd_sc_hd__a21o_2       137
     sky130_fd_sc_hd__a21oi_2      119
     sky130_fd_sc_hd__a221o_2        8
     sky130_fd_sc_hd__a221oi_2       4
     sky130_fd_sc_hd__a22o_2        57
     sky130_fd_sc_hd__a22oi_2       29
     sky130_fd_sc_hd__a2bb2o_2      11
     sky130_fd_sc_hd__a311o_2        1
     sky130_fd_sc_hd__a311oi_2       2
     sky130_fd_sc_hd__a31o_2        41
     sky130_fd_sc_hd__a31oi_2        5
     sky130_fd_sc_hd__a32o_2        11
     sky130_fd_sc_hd__a32oi_2        2
     sky130_fd_sc_hd__a41o_2         5
     sky130_fd_sc_hd__and2_2       174
     sky130_fd_sc_hd__and2b_2       88
     sky130_fd_sc_hd__and3_2       145
     sky130_fd_sc_hd__and3b_2        5
     sky130_fd_sc_hd__and4_2        24
     sky130_fd_sc_hd__and4b_2        3
     sky130_fd_sc_hd__and4bb_2       2
     sky130_fd_sc_hd__buf_1        434
     sky130_fd_sc_hd__conb_1       105
     sky130_fd_sc_hd__dfxtp_2      111
     sky130_fd_sc_hd__ebufn_2      108
     sky130_fd_sc_hd__inv_2        137
     sky130_fd_sc_hd__mux2_2         2
     sky130_fd_sc_hd__nand2_2      285
     sky130_fd_sc_hd__nand3_2       58
     sky130_fd_sc_hd__nand3b_2       2
     sky130_fd_sc_hd__nand4_2       16
     sky130_fd_sc_hd__nor2_2       178
     sky130_fd_sc_hd__nor2b_2        1
     sky130_fd_sc_hd__nor3_2        16
     sky130_fd_sc_hd__nor3b_2        2
     sky130_fd_sc_hd__nor4_2         2
     sky130_fd_sc_hd__o2111a_2       2
     sky130_fd_sc_hd__o211a_2       37
     sky130_fd_sc_hd__o211ai_2       9
     sky130_fd_sc_hd__o21a_2        65
     sky130_fd_sc_hd__o21ai_2       60
     sky130_fd_sc_hd__o21ba_2       29
     sky130_fd_sc_hd__o21bai_2      14
     sky130_fd_sc_hd__o221a_2        8
     sky130_fd_sc_hd__o221ai_2       3
     sky130_fd_sc_hd__o22a_2        24
     sky130_fd_sc_hd__o22ai_2        7
     sky130_fd_sc_hd__o2bb2a_2      15
     sky130_fd_sc_hd__o31a_2         7
     sky130_fd_sc_hd__o31ai_2        4
     sky130_fd_sc_hd__o32a_2         1
     sky130_fd_sc_hd__or2_2        107
     sky130_fd_sc_hd__or2b_2        49
     sky130_fd_sc_hd__or3_2         40
     sky130_fd_sc_hd__or3b_2        17
     sky130_fd_sc_hd__or4_2         12
     sky130_fd_sc_hd__or4b_2         2
     sky130_fd_sc_hd__or4bb_2        7
     sky130_fd_sc_hd__xnor2_2      293
     sky130_fd_sc_hd__xor2_2       177

   Chip area for module '\wrapped_hsv_mixer': 30899.635200

