
===========================================================================
report_checks -unconstrained
============================================================================
Startpoint: _6303_ (rising edge-triggered flip-flop clocked by wb_clk_i)
Endpoint: io_out[15] (output port clocked by wb_clk_i)
Path Group: wb_clk_i
Path Type: max

Fanout     Cap    Slew   Delay    Time   Description
-----------------------------------------------------------------------------
                          0.00    0.00   clock wb_clk_i (rise edge)
                          0.00    0.00   clock source latency
                  0.11    0.08    0.08 ^ wb_clk_i (in)
     1    0.02                           wb_clk_i (net)
                  0.11    0.00    0.08 ^ clkbuf_0_wb_clk_i/A (sky130_fd_sc_hd__clkbuf_16)
                  0.11    0.21    0.29 ^ clkbuf_0_wb_clk_i/X (sky130_fd_sc_hd__clkbuf_16)
     8    0.09                           clknet_0_wb_clk_i (net)
                  0.11    0.00    0.30 ^ clkbuf_3_2__f_wb_clk_i/A (sky130_fd_sc_hd__clkbuf_16)
                  0.07    0.18    0.48 ^ clkbuf_3_2__f_wb_clk_i/X (sky130_fd_sc_hd__clkbuf_16)
    17    0.05                           clknet_3_2__leaf_wb_clk_i (net)
                  0.07    0.00    0.48 ^ _6303_/CLK (sky130_fd_sc_hd__dfxtp_1)
                  0.08    0.37    0.84 v _6303_/Q (sky130_fd_sc_hd__dfxtp_1)
     5    0.02                           hsv_mixer0.enc0[9] (net)
                  0.08    0.00    0.84 v _3397_/A2 (sky130_fd_sc_hd__a2111o_1)
                  0.11    0.51    1.35 v _3397_/X (sky130_fd_sc_hd__a2111o_1)
     4    0.01                           _2526_ (net)
                  0.11    0.00    1.35 v _3418_/C (sky130_fd_sc_hd__or4_2)
                  0.14    0.73    2.08 v _3418_/X (sky130_fd_sc_hd__or4_2)
     4    0.01                           _2547_ (net)
                  0.14    0.00    2.08 v _3423_/A (sky130_fd_sc_hd__clkbuf_2)
                  0.08    0.20    2.28 v _3423_/X (sky130_fd_sc_hd__clkbuf_2)
     5    0.02                           _2552_ (net)
                  0.08    0.00    2.28 v _3428_/B (sky130_fd_sc_hd__or3_2)
                  0.12    0.55    2.83 v _3428_/X (sky130_fd_sc_hd__or3_2)
     5    0.02                           _2557_ (net)
                  0.12    0.00    2.83 v _3429_/C (sky130_fd_sc_hd__and3_1)
                  0.05    0.24    3.07 v _3429_/X (sky130_fd_sc_hd__and3_1)
     2    0.01                           _2558_ (net)
                  0.05    0.00    3.07 v _3433_/A (sky130_fd_sc_hd__and2_1)
                  0.05    0.15    3.22 v _3433_/X (sky130_fd_sc_hd__and2_1)
     2    0.01                           _2562_ (net)
                  0.05    0.00    3.22 v _3474_/A (sky130_fd_sc_hd__nor2_1)
                  0.17    0.18    3.40 ^ _3474_/Y (sky130_fd_sc_hd__nor2_1)
     3    0.01                           _2603_ (net)
                  0.17    0.00    3.40 ^ _3536_/C (sky130_fd_sc_hd__and3_1)
                  0.10    0.23    3.63 ^ _3536_/X (sky130_fd_sc_hd__and3_1)
     3    0.01                           _2665_ (net)
                  0.10    0.00    3.63 ^ _3542_/A1 (sky130_fd_sc_hd__o211ai_1)
                  0.10    0.13    3.76 v _3542_/Y (sky130_fd_sc_hd__o211ai_1)
     2    0.01                           _2671_ (net)
                  0.10    0.00    3.76 v _3543_/C (sky130_fd_sc_hd__and3_1)
                  0.07    0.24    4.00 v _3543_/X (sky130_fd_sc_hd__and3_1)
     3    0.01                           _2672_ (net)
                  0.07    0.00    4.00 v _3621_/A (sky130_fd_sc_hd__or3_1)
                  0.11    0.45    4.46 v _3621_/X (sky130_fd_sc_hd__or3_1)
     3    0.01                           _2750_ (net)
                  0.11    0.00    4.46 v _3625_/A1 (sky130_fd_sc_hd__a21o_1)
                  0.06    0.21    4.67 v _3625_/X (sky130_fd_sc_hd__a21o_1)
     2    0.01                           _2754_ (net)
                  0.06    0.00    4.67 v _3638_/A2 (sky130_fd_sc_hd__a21o_1)
                  0.07    0.22    4.89 v _3638_/X (sky130_fd_sc_hd__a21o_1)
     3    0.01                           _2767_ (net)
                  0.07    0.00    4.89 v _3639_/B_N (sky130_fd_sc_hd__nor2b_2)
                  0.10    0.20    5.09 v _3639_/Y (sky130_fd_sc_hd__nor2b_2)
     3    0.02                           _2768_ (net)
                  0.10    0.00    5.09 v _3675_/A (sky130_fd_sc_hd__xnor2_1)
                  0.29    0.31    5.41 ^ _3675_/Y (sky130_fd_sc_hd__xnor2_1)
     2    0.01                           _2804_ (net)
                  0.29    0.00    5.41 ^ _3676_/A (sky130_fd_sc_hd__dlymetal6s2s_1)
                  0.19    0.26    5.67 ^ _3676_/X (sky130_fd_sc_hd__dlymetal6s2s_1)
     5    0.02                           _2805_ (net)
                  0.19    0.00    5.67 ^ _4119_/C_N (sky130_fd_sc_hd__or3b_1)
                  0.08    0.41    6.08 v _4119_/X (sky130_fd_sc_hd__or3b_1)
     2    0.01                           _0384_ (net)
                  0.08    0.00    6.08 v _4122_/C (sky130_fd_sc_hd__and4_1)
                  0.06    0.24    6.32 v _4122_/X (sky130_fd_sc_hd__and4_1)
     3    0.01                           _0387_ (net)
                  0.06    0.00    6.32 v _4124_/B (sky130_fd_sc_hd__or3_1)
                  0.08    0.38    6.70 v _4124_/X (sky130_fd_sc_hd__or3_1)
     2    0.00                           _0389_ (net)
                  0.08    0.00    6.70 v _4145_/A (sky130_fd_sc_hd__and2_1)
                  0.06    0.19    6.89 v _4145_/X (sky130_fd_sc_hd__and2_1)
     3    0.01                           _0410_ (net)
                  0.06    0.00    6.89 v _4216_/B (sky130_fd_sc_hd__xnor2_1)
                  0.09    0.15    7.04 v _4216_/Y (sky130_fd_sc_hd__xnor2_1)
     1    0.01                           _0481_ (net)
                  0.09    0.00    7.04 v _4217_/A (sky130_fd_sc_hd__xnor2_1)
                  0.30    0.31    7.36 ^ _4217_/Y (sky130_fd_sc_hd__xnor2_1)
     2    0.01                           _0482_ (net)
                  0.30    0.00    7.36 ^ _4220_/B (sky130_fd_sc_hd__xnor2_2)
                  0.28    0.21    7.57 ^ _4220_/Y (sky130_fd_sc_hd__xnor2_2)
     2    0.02                           _0485_ (net)
                  0.28    0.00    7.57 ^ _4221_/B_N (sky130_fd_sc_hd__or2b_1)
                  0.04    0.27    7.84 v _4221_/X (sky130_fd_sc_hd__or2b_1)
     1    0.00                           _0486_ (net)
                  0.04    0.00    7.84 v _4222_/B (sky130_fd_sc_hd__and2_2)
                  0.07    0.24    8.08 v _4222_/X (sky130_fd_sc_hd__and2_2)
     2    0.02                           _0487_ (net)
                  0.07    0.00    8.08 v _4223_/B (sky130_fd_sc_hd__xor2_4)
                  0.27    0.28    8.36 ^ _4223_/X (sky130_fd_sc_hd__xor2_4)
     3    0.03                           _0488_ (net)
                  0.27    0.00    8.36 ^ _4473_/A1 (sky130_fd_sc_hd__a211oi_4)
                  0.10    0.13    8.49 v _4473_/Y (sky130_fd_sc_hd__a211oi_4)
     3    0.02                           _0738_ (net)
                  0.10    0.00    8.49 v _4502_/B (sky130_fd_sc_hd__or3_2)
                  0.12    0.56    9.05 v _4502_/X (sky130_fd_sc_hd__or3_2)
     3    0.02                           _0767_ (net)
                  0.12    0.00    9.05 v _4547_/A1 (sky130_fd_sc_hd__a21o_1)
                  0.05    0.21    9.26 v _4547_/X (sky130_fd_sc_hd__a21o_1)
     3    0.01                           _0812_ (net)
                  0.05    0.00    9.26 v _4548_/C (sky130_fd_sc_hd__and3_1)
                  0.04    0.18    9.45 v _4548_/X (sky130_fd_sc_hd__and3_1)
     1    0.00                           _0813_ (net)
                  0.04    0.00    9.45 v _4550_/A (sky130_fd_sc_hd__or2_1)
                  0.07    0.25    9.70 v _4550_/X (sky130_fd_sc_hd__or2_1)
     2    0.01                           _0815_ (net)
                  0.07    0.00    9.70 v _4601_/A1 (sky130_fd_sc_hd__o221a_1)
                  0.05    0.28    9.98 v _4601_/X (sky130_fd_sc_hd__o221a_1)
     1    0.00                           _0866_ (net)
                  0.05    0.00    9.98 v _4611_/A (sky130_fd_sc_hd__or4_1)
                  0.08    0.54   10.52 v _4611_/X (sky130_fd_sc_hd__or4_1)
     1    0.00                           _0876_ (net)
                  0.08    0.00   10.52 v _4612_/C (sky130_fd_sc_hd__or3_1)
                  0.07    0.33   10.85 v _4612_/X (sky130_fd_sc_hd__or3_1)
     1    0.00                           _0877_ (net)
                  0.07    0.00   10.85 v _4616_/A2 (sky130_fd_sc_hd__a31o_1)
                  0.04    0.22   11.07 v _4616_/X (sky130_fd_sc_hd__a31o_1)
     1    0.00                           _0881_ (net)
                  0.04    0.00   11.07 v _4620_/A2 (sky130_fd_sc_hd__a2111o_1)
                  0.08    0.45   11.51 v _4620_/X (sky130_fd_sc_hd__a2111o_1)
     2    0.01                           _0885_ (net)
                  0.08    0.00   11.51 v _4623_/A2 (sky130_fd_sc_hd__a21o_1)
                  0.08    0.25   11.76 v _4623_/X (sky130_fd_sc_hd__a21o_1)
     5    0.01                           _0888_ (net)
                  0.08    0.00   11.76 v _4625_/A2 (sky130_fd_sc_hd__a2111o_1)
                  0.11    0.51   12.27 v _4625_/X (sky130_fd_sc_hd__a2111o_1)
     3    0.01                           _0890_ (net)
                  0.11    0.00   12.27 v _4626_/C (sky130_fd_sc_hd__or3_1)
                  0.12    0.42   12.69 v _4626_/X (sky130_fd_sc_hd__or3_1)
     3    0.01                           _0891_ (net)
                  0.12    0.00   12.69 v _5702_/B (sky130_fd_sc_hd__xnor2_1)
                  0.12    0.21   12.89 v _5702_/Y (sky130_fd_sc_hd__xnor2_1)
     3    0.01                           _1967_ (net)
                  0.12    0.00   12.89 v _5780_/B2 (sky130_fd_sc_hd__o22a_1)
                  0.04    0.19   13.08 v _5780_/X (sky130_fd_sc_hd__o22a_1)
     1    0.00                           _2044_ (net)
                  0.04    0.00   13.08 v _5781_/B1 (sky130_fd_sc_hd__o2bb2a_1)
                  0.08    0.33   13.41 v _5781_/X (sky130_fd_sc_hd__o2bb2a_1)
     2    0.01                           _2045_ (net)
                  0.08    0.00   13.41 v _5810_/B1 (sky130_fd_sc_hd__a22o_1)
                  0.04    0.20   13.60 v _5810_/X (sky130_fd_sc_hd__a22o_1)
     1    0.00                           _2074_ (net)
                  0.04    0.00   13.60 v _5811_/B1 (sky130_fd_sc_hd__a21o_1)
                  0.04    0.17   13.77 v _5811_/X (sky130_fd_sc_hd__a21o_1)
     1    0.01                           _2075_ (net)
                  0.04    0.00   13.77 v _5812_/B2 (sky130_fd_sc_hd__a221oi_2)
                  0.28    0.32   14.09 ^ _5812_/Y (sky130_fd_sc_hd__a221oi_2)
     1    0.01                           hsv_mixer0.pwm1.out (net)
                  0.28    0.00   14.09 ^ _6537_/A (sky130_fd_sc_hd__ebufn_8)
                  0.31    0.38   14.47 ^ _6537_/Z (sky130_fd_sc_hd__ebufn_8)
     1    0.04                           io_out[15] (net)
                  0.31    0.01   14.48 ^ io_out[15] (out)
                                 14.48   data arrival time

                         20.00   20.00   clock wb_clk_i (rise edge)
                          0.00   20.00   clock network delay (propagated)
                         -0.25   19.75   clock uncertainty
                          0.00   19.75   clock reconvergence pessimism
                         -4.00   15.75   output external delay
                                 15.75   data required time
-----------------------------------------------------------------------------
                                 15.75   data required time
                                -14.48   data arrival time
-----------------------------------------------------------------------------
                                  1.27   slack (MET)



===========================================================================
report_checks --slack_max -0.01
============================================================================
No paths found.
