OpenROAD 0b8b7ae255f8fbbbefa57d443949b84e73eed757 
This program is licensed under the BSD-3 license. See the LICENSE file for details.
Components of this program may be licensed under more restrictive licenses which must be honored.
[INFO ODB-0222] Reading LEF file: /content/wrapped_hsv_mixer/runs/RUN_2022.06.08_16.33.07/tmp/merged.unpadded.nom.lef
[INFO ODB-0223]     Created 13 technology layers
[INFO ODB-0224]     Created 25 technology vias
[INFO ODB-0225]     Created 441 library cells
[INFO ODB-0226] Finished LEF file:  /content/wrapped_hsv_mixer/runs/RUN_2022.06.08_16.33.07/tmp/merged.unpadded.nom.lef
[INFO ODB-0127] Reading DEF file: /content/wrapped_hsv_mixer/runs/RUN_2022.06.08_16.33.07/tmp/routing/17-diodes.def
[INFO ODB-0128] Design: wrapped_hsv_mixer
[INFO ODB-0130]     Created 214 pins.
[INFO ODB-0131]     Created 5960 components and 33058 component-terminals.
[INFO ODB-0132]     Created 2 special nets and 20984 connections.
[INFO ODB-0133]     Created 3531 nets and 11969 connections.
[INFO ODB-0134] Finished DEF file: /content/wrapped_hsv_mixer/runs/RUN_2022.06.08_16.33.07/tmp/routing/17-diodes.def
Placement Analysis
---------------------------------
total displacement       3787.6 u
average displacement        0.6 u
max displacement           24.3 u
original HPWL           98764.2 u
legalized HPWL         102022.9 u
delta HPWL                    3 %

[INFO DPL-0020] Mirrored 1635 instances
[INFO DPL-0021] HPWL before          102022.9 u
[INFO DPL-0022] HPWL after            99603.2 u
[INFO DPL-0023] HPWL delta               -2.4 %
