
===========================================================================
report_checks -unconstrained
============================================================================

======================= Slowest Corner ===================================

Startpoint: _6303_ (rising edge-triggered flip-flop clocked by wb_clk_i)
Endpoint: io_out[15] (output port clocked by wb_clk_i)
Path Group: wb_clk_i
Path Type: max
Corner: ss

Fanout     Cap    Slew   Delay    Time   Description
-----------------------------------------------------------------------------
                          0.00    0.00   clock wb_clk_i (rise edge)
                          0.00    0.00   clock source latency
                  0.18    0.13    0.13 ^ wb_clk_i (in)
     2    0.02                           wb_clk_i (net)
                  0.18    0.00    0.13 ^ clkbuf_0_wb_clk_i/A (sky130_fd_sc_hd__clkbuf_16)
                  0.17    0.38    0.51 ^ clkbuf_0_wb_clk_i/X (sky130_fd_sc_hd__clkbuf_16)
    16    0.10                           clknet_0_wb_clk_i (net)
                  0.17    0.01    0.52 ^ clkbuf_3_2__f_wb_clk_i/A (sky130_fd_sc_hd__clkbuf_16)
                  0.13    0.34    0.86 ^ clkbuf_3_2__f_wb_clk_i/X (sky130_fd_sc_hd__clkbuf_16)
    34    0.06                           clknet_3_2__leaf_wb_clk_i (net)
                  0.13    0.00    0.86 ^ _6303_/CLK (sky130_fd_sc_hd__dfxtp_1)
                  0.13    0.71    1.57 v _6303_/Q (sky130_fd_sc_hd__dfxtp_1)
     5    0.01                           hsv_mixer0.enc0[9] (net)
                  0.13    0.00    1.57 v _3397_/A2 (sky130_fd_sc_hd__a2111o_1)
                  0.21    0.97    2.54 v _3397_/X (sky130_fd_sc_hd__a2111o_1)
     4    0.01                           _2526_ (net)
                  0.21    0.00    2.54 v _3418_/C (sky130_fd_sc_hd__or4_2)
                  0.29    1.71    4.25 v _3418_/X (sky130_fd_sc_hd__or4_2)
     4    0.01                           _2547_ (net)
                  0.29    0.00    4.25 v _3423_/A (sky130_fd_sc_hd__clkbuf_2)
                  0.13    0.37    4.62 v _3423_/X (sky130_fd_sc_hd__clkbuf_2)
     5    0.02                           _2552_ (net)
                  0.13    0.00    4.62 v _3428_/B (sky130_fd_sc_hd__or3_2)
                  0.25    1.28    5.91 v _3428_/X (sky130_fd_sc_hd__or3_2)
     5    0.02                           _2557_ (net)
                  0.25    0.00    5.91 v _3429_/C (sky130_fd_sc_hd__and3_1)
                  0.08    0.49    6.40 v _3429_/X (sky130_fd_sc_hd__and3_1)
     2    0.00                           _2558_ (net)
                  0.08    0.00    6.40 v _3433_/A (sky130_fd_sc_hd__and2_1)
                  0.09    0.32    6.71 v _3433_/X (sky130_fd_sc_hd__and2_1)
     2    0.01                           _2562_ (net)
                  0.09    0.00    6.71 v _3474_/A (sky130_fd_sc_hd__nor2_1)
                  0.26    0.29    7.00 ^ _3474_/Y (sky130_fd_sc_hd__nor2_1)
     3    0.01                           _2603_ (net)
                  0.26    0.00    7.00 ^ _3536_/C (sky130_fd_sc_hd__and3_1)
                  0.16    0.46    7.46 ^ _3536_/X (sky130_fd_sc_hd__and3_1)
     3    0.01                           _2665_ (net)
                  0.16    0.00    7.46 ^ _3542_/A1 (sky130_fd_sc_hd__o211ai_1)
                  0.20    0.29    7.75 v _3542_/Y (sky130_fd_sc_hd__o211ai_1)
     2    0.00                           _2671_ (net)
                  0.20    0.00    7.75 v _3543_/C (sky130_fd_sc_hd__and3_1)
                  0.13    0.51    8.26 v _3543_/X (sky130_fd_sc_hd__and3_1)
     3    0.01                           _2672_ (net)
                  0.13    0.00    8.26 v _3621_/A (sky130_fd_sc_hd__or3_1)
                  0.21    1.01    9.27 v _3621_/X (sky130_fd_sc_hd__or3_1)
     3    0.01                           _2750_ (net)
                  0.21    0.00    9.27 v _3625_/A1 (sky130_fd_sc_hd__a21o_1)
                  0.10    0.40    9.68 v _3625_/X (sky130_fd_sc_hd__a21o_1)
     2    0.01                           _2754_ (net)
                  0.10    0.00    9.68 v _3638_/A2 (sky130_fd_sc_hd__a21o_1)
                  0.12    0.41   10.09 v _3638_/X (sky130_fd_sc_hd__a21o_1)
     3    0.01                           _2767_ (net)
                  0.12    0.00   10.09 v _3639_/B_N (sky130_fd_sc_hd__nor2b_2)
                  0.14    0.41   10.50 v _3639_/Y (sky130_fd_sc_hd__nor2b_2)
     3    0.02                           _2768_ (net)
                  0.14    0.00   10.50 v _3675_/A (sky130_fd_sc_hd__xnor2_1)
                  0.42    0.48   10.98 ^ _3675_/Y (sky130_fd_sc_hd__xnor2_1)
     2    0.01                           _2804_ (net)
                  0.42    0.00   10.98 ^ _3676_/A (sky130_fd_sc_hd__dlymetal6s2s_1)
                  0.27    0.47   11.45 ^ _3676_/X (sky130_fd_sc_hd__dlymetal6s2s_1)
     5    0.02                           _2805_ (net)
                  0.27    0.00   11.45 ^ _4119_/C_N (sky130_fd_sc_hd__or3b_1)
                  0.16    0.93   12.38 v _4119_/X (sky130_fd_sc_hd__or3b_1)
     2    0.00                           _0384_ (net)
                  0.16    0.00   12.38 v _4122_/C (sky130_fd_sc_hd__and4_1)
                  0.11    0.49   12.87 v _4122_/X (sky130_fd_sc_hd__and4_1)
     3    0.01                           _0387_ (net)
                  0.11    0.00   12.87 v _4124_/B (sky130_fd_sc_hd__or3_1)
                  0.15    0.86   13.73 v _4124_/X (sky130_fd_sc_hd__or3_1)
     2    0.00                           _0389_ (net)
                  0.15    0.00   13.73 v _4145_/A (sky130_fd_sc_hd__and2_1)
                  0.11    0.38   14.11 v _4145_/X (sky130_fd_sc_hd__and2_1)
     3    0.01                           _0410_ (net)
                  0.11    0.00   14.11 v _4216_/B (sky130_fd_sc_hd__xnor2_1)
                  0.15    0.27   14.37 v _4216_/Y (sky130_fd_sc_hd__xnor2_1)
     1    0.01                           _0481_ (net)
                  0.15    0.00   14.37 v _4217_/A (sky130_fd_sc_hd__xnor2_1)
                  0.46    0.51   14.88 ^ _4217_/Y (sky130_fd_sc_hd__xnor2_1)
     2    0.01                           _0482_ (net)
                  0.46    0.00   14.88 ^ _4220_/B (sky130_fd_sc_hd__xnor2_2)
                  0.43    0.43   15.31 ^ _4220_/Y (sky130_fd_sc_hd__xnor2_2)
     2    0.02                           _0485_ (net)
                  0.43    0.00   15.31 ^ _4221_/B_N (sky130_fd_sc_hd__or2b_1)
                  0.08    0.61   15.92 v _4221_/X (sky130_fd_sc_hd__or2b_1)
     1    0.00                           _0486_ (net)
                  0.08    0.00   15.92 v _4222_/B (sky130_fd_sc_hd__and2_2)
                  0.14    0.51   16.43 v _4222_/X (sky130_fd_sc_hd__and2_2)
     2    0.02                           _0487_ (net)
                  0.14    0.00   16.43 v _4223_/B (sky130_fd_sc_hd__xor2_4)
                  0.41    0.46   16.89 ^ _4223_/X (sky130_fd_sc_hd__xor2_4)
     3    0.03                           _0488_ (net)
                  0.41    0.00   16.89 ^ _4473_/A1 (sky130_fd_sc_hd__a211oi_4)
                  0.16    0.28   17.17 v _4473_/Y (sky130_fd_sc_hd__a211oi_4)
     3    0.02                           _0738_ (net)
                  0.16    0.00   17.17 v _4502_/B (sky130_fd_sc_hd__or3_2)
                  0.26    1.31   18.49 v _4502_/X (sky130_fd_sc_hd__or3_2)
     6    0.02                           _0767_ (net)
                  0.26    0.00   18.49 v _4547_/A1 (sky130_fd_sc_hd__a21o_1)
                  0.09    0.42   18.91 v _4547_/X (sky130_fd_sc_hd__a21o_1)
     3    0.01                           _0812_ (net)
                  0.09    0.00   18.91 v _4548_/C (sky130_fd_sc_hd__and3_1)
                  0.06    0.38   19.29 v _4548_/X (sky130_fd_sc_hd__and3_1)
     1    0.00                           _0813_ (net)
                  0.06    0.00   19.29 v _4550_/A (sky130_fd_sc_hd__or2_1)
                  0.12    0.55   19.84 v _4550_/X (sky130_fd_sc_hd__or2_1)
     2    0.01                           _0815_ (net)
                  0.12    0.00   19.84 v _4601_/A1 (sky130_fd_sc_hd__o221a_1)
                  0.09    0.51   20.35 v _4601_/X (sky130_fd_sc_hd__o221a_1)
     1    0.00                           _0866_ (net)
                  0.09    0.00   20.35 v _4611_/A (sky130_fd_sc_hd__or4_1)
                  0.16    1.24   21.59 v _4611_/X (sky130_fd_sc_hd__or4_1)
     1    0.00                           _0876_ (net)
                  0.16    0.00   21.59 v _4612_/C (sky130_fd_sc_hd__or3_1)
                  0.13    0.77   22.37 v _4612_/X (sky130_fd_sc_hd__or3_1)
     1    0.00                           _0877_ (net)
                  0.13    0.00   22.37 v _4616_/A2 (sky130_fd_sc_hd__a31o_1)
                  0.07    0.41   22.78 v _4616_/X (sky130_fd_sc_hd__a31o_1)
     1    0.00                           _0881_ (net)
                  0.07    0.00   22.78 v _4620_/A2 (sky130_fd_sc_hd__a2111o_1)
                  0.14    0.85   23.63 v _4620_/X (sky130_fd_sc_hd__a2111o_1)
     2    0.01                           _0885_ (net)
                  0.14    0.00   23.63 v _4623_/A2 (sky130_fd_sc_hd__a21o_1)
                  0.14    0.45   24.08 v _4623_/X (sky130_fd_sc_hd__a21o_1)
     5    0.01                           _0888_ (net)
                  0.14    0.00   24.08 v _4625_/A2 (sky130_fd_sc_hd__a2111o_1)
                  0.21    0.97   25.06 v _4625_/X (sky130_fd_sc_hd__a2111o_1)
     3    0.01                           _0890_ (net)
                  0.21    0.00   25.06 v _4626_/C (sky130_fd_sc_hd__or3_1)
                  0.23    0.93   25.99 v _4626_/X (sky130_fd_sc_hd__or3_1)
     3    0.01                           _0891_ (net)
                  0.23    0.00   25.99 v _5702_/B (sky130_fd_sc_hd__xnor2_1)
                  0.23    0.39   26.38 v _5702_/Y (sky130_fd_sc_hd__xnor2_1)
     3    0.01                           _1967_ (net)
                  0.23    0.00   26.38 v _5780_/B2 (sky130_fd_sc_hd__o22a_1)
                  0.08    0.38   26.76 v _5780_/X (sky130_fd_sc_hd__o22a_1)
     1    0.00                           _2044_ (net)
                  0.08    0.00   26.76 v _5781_/B1 (sky130_fd_sc_hd__o2bb2a_1)
                  0.14    0.71   27.47 v _5781_/X (sky130_fd_sc_hd__o2bb2a_1)
     2    0.01                           _2045_ (net)
                  0.14    0.00   27.47 v _5810_/B1 (sky130_fd_sc_hd__a22o_1)
                  0.07    0.37   27.84 v _5810_/X (sky130_fd_sc_hd__a22o_1)
     1    0.00                           _2074_ (net)
                  0.07    0.00   27.84 v _5811_/B1 (sky130_fd_sc_hd__a21o_1)
                  0.08    0.31   28.16 v _5811_/X (sky130_fd_sc_hd__a21o_1)
     1    0.01                           _2075_ (net)
                  0.08    0.00   28.16 v _5812_/B2 (sky130_fd_sc_hd__a221oi_2)
                  0.44    0.54   28.69 ^ _5812_/Y (sky130_fd_sc_hd__a221oi_2)
     1    0.01                           hsv_mixer0.pwm1.out (net)
                  0.44    0.00   28.70 ^ _6537_/A (sky130_fd_sc_hd__ebufn_8)
                  0.48    0.69   29.38 ^ _6537_/Z (sky130_fd_sc_hd__ebufn_8)
     1    0.04                           io_out[15] (net)
                  0.48    0.01   29.39 ^ io_out[15] (out)
                                 29.39   data arrival time

                         20.00   20.00   clock wb_clk_i (rise edge)
                          0.00   20.00   clock network delay (propagated)
                         -0.25   19.75   clock uncertainty
                          0.00   19.75   clock reconvergence pessimism
                         -4.00   15.75   output external delay
                                 15.75   data required time
-----------------------------------------------------------------------------
                                 15.75   data required time
                                -29.39   data arrival time
-----------------------------------------------------------------------------
                                -13.64   slack (VIOLATED)



======================= Typical Corner ===================================

Startpoint: _6303_ (rising edge-triggered flip-flop clocked by wb_clk_i)
Endpoint: io_out[15] (output port clocked by wb_clk_i)
Path Group: wb_clk_i
Path Type: max
Corner: tt

Fanout     Cap    Slew   Delay    Time   Description
-----------------------------------------------------------------------------
                          0.00    0.00   clock wb_clk_i (rise edge)
                          0.00    0.00   clock source latency
                  0.11    0.08    0.08 ^ wb_clk_i (in)
     2    0.02                           wb_clk_i (net)
                  0.11    0.00    0.08 ^ clkbuf_0_wb_clk_i/A (sky130_fd_sc_hd__clkbuf_16)
                  0.11    0.22    0.30 ^ clkbuf_0_wb_clk_i/X (sky130_fd_sc_hd__clkbuf_16)
    16    0.10                           clknet_0_wb_clk_i (net)
                  0.11    0.01    0.31 ^ clkbuf_3_2__f_wb_clk_i/A (sky130_fd_sc_hd__clkbuf_16)
                  0.08    0.19    0.50 ^ clkbuf_3_2__f_wb_clk_i/X (sky130_fd_sc_hd__clkbuf_16)
    34    0.07                           clknet_3_2__leaf_wb_clk_i (net)
                  0.08    0.00    0.51 ^ _6303_/CLK (sky130_fd_sc_hd__dfxtp_1)
                  0.07    0.36    0.87 v _6303_/Q (sky130_fd_sc_hd__dfxtp_1)
     5    0.01                           hsv_mixer0.enc0[9] (net)
                  0.07    0.00    0.87 v _3397_/A2 (sky130_fd_sc_hd__a2111o_1)
                  0.11    0.50    1.37 v _3397_/X (sky130_fd_sc_hd__a2111o_1)
     4    0.01                           _2526_ (net)
                  0.11    0.00    1.37 v _3418_/C (sky130_fd_sc_hd__or4_2)
                  0.14    0.72    2.09 v _3418_/X (sky130_fd_sc_hd__or4_2)
     4    0.01                           _2547_ (net)
                  0.14    0.00    2.09 v _3423_/A (sky130_fd_sc_hd__clkbuf_2)
                  0.07    0.19    2.28 v _3423_/X (sky130_fd_sc_hd__clkbuf_2)
     5    0.02                           _2552_ (net)
                  0.07    0.00    2.28 v _3428_/B (sky130_fd_sc_hd__or3_2)
                  0.12    0.55    2.83 v _3428_/X (sky130_fd_sc_hd__or3_2)
     5    0.02                           _2557_ (net)
                  0.12    0.00    2.83 v _3429_/C (sky130_fd_sc_hd__and3_1)
                  0.04    0.23    3.06 v _3429_/X (sky130_fd_sc_hd__and3_1)
     2    0.00                           _2558_ (net)
                  0.04    0.00    3.06 v _3433_/A (sky130_fd_sc_hd__and2_1)
                  0.04    0.15    3.21 v _3433_/X (sky130_fd_sc_hd__and2_1)
     2    0.01                           _2562_ (net)
                  0.04    0.00    3.21 v _3474_/A (sky130_fd_sc_hd__nor2_1)
                  0.16    0.17    3.38 ^ _3474_/Y (sky130_fd_sc_hd__nor2_1)
     3    0.01                           _2603_ (net)
                  0.16    0.00    3.38 ^ _3536_/C (sky130_fd_sc_hd__and3_1)
                  0.10    0.23    3.60 ^ _3536_/X (sky130_fd_sc_hd__and3_1)
     3    0.01                           _2665_ (net)
                  0.10    0.00    3.60 ^ _3542_/A1 (sky130_fd_sc_hd__o211ai_1)
                  0.09    0.12    3.73 v _3542_/Y (sky130_fd_sc_hd__o211ai_1)
     2    0.00                           _2671_ (net)
                  0.09    0.00    3.73 v _3543_/C (sky130_fd_sc_hd__and3_1)
                  0.06    0.24    3.96 v _3543_/X (sky130_fd_sc_hd__and3_1)
     3    0.01                           _2672_ (net)
                  0.06    0.00    3.96 v _3621_/A (sky130_fd_sc_hd__or3_1)
                  0.10    0.44    4.40 v _3621_/X (sky130_fd_sc_hd__or3_1)
     3    0.01                           _2750_ (net)
                  0.10    0.00    4.40 v _3625_/A1 (sky130_fd_sc_hd__a21o_1)
                  0.05    0.21    4.61 v _3625_/X (sky130_fd_sc_hd__a21o_1)
     2    0.01                           _2754_ (net)
                  0.05    0.00    4.61 v _3638_/A2 (sky130_fd_sc_hd__a21o_1)
                  0.06    0.22    4.83 v _3638_/X (sky130_fd_sc_hd__a21o_1)
     3    0.01                           _2767_ (net)
                  0.07    0.00    4.83 v _3639_/B_N (sky130_fd_sc_hd__nor2b_2)
                  0.09    0.20    5.03 v _3639_/Y (sky130_fd_sc_hd__nor2b_2)
     3    0.02                           _2768_ (net)
                  0.09    0.00    5.03 v _3675_/A (sky130_fd_sc_hd__xnor2_1)
                  0.26    0.29    5.32 ^ _3675_/Y (sky130_fd_sc_hd__xnor2_1)
     2    0.01                           _2804_ (net)
                  0.26    0.00    5.32 ^ _3676_/A (sky130_fd_sc_hd__dlymetal6s2s_1)
                  0.18    0.25    5.57 ^ _3676_/X (sky130_fd_sc_hd__dlymetal6s2s_1)
     5    0.02                           _2805_ (net)
                  0.18    0.00    5.57 ^ _4119_/C_N (sky130_fd_sc_hd__or3b_1)
                  0.07    0.39    5.97 v _4119_/X (sky130_fd_sc_hd__or3b_1)
     2    0.00                           _0384_ (net)
                  0.07    0.00    5.97 v _4122_/C (sky130_fd_sc_hd__and4_1)
                  0.06    0.23    6.20 v _4122_/X (sky130_fd_sc_hd__and4_1)
     3    0.01                           _0387_ (net)
                  0.06    0.00    6.20 v _4124_/B (sky130_fd_sc_hd__or3_1)
                  0.07    0.37    6.57 v _4124_/X (sky130_fd_sc_hd__or3_1)
     2    0.00                           _0389_ (net)
                  0.07    0.00    6.57 v _4145_/A (sky130_fd_sc_hd__and2_1)
                  0.06    0.18    6.75 v _4145_/X (sky130_fd_sc_hd__and2_1)
     3    0.01                           _0410_ (net)
                  0.06    0.00    6.75 v _4216_/B (sky130_fd_sc_hd__xnor2_1)
                  0.08    0.15    6.89 v _4216_/Y (sky130_fd_sc_hd__xnor2_1)
     1    0.01                           _0481_ (net)
                  0.08    0.00    6.89 v _4217_/A (sky130_fd_sc_hd__xnor2_1)
                  0.28    0.30    7.19 ^ _4217_/Y (sky130_fd_sc_hd__xnor2_1)
     2    0.01                           _0482_ (net)
                  0.28    0.00    7.19 ^ _4220_/B (sky130_fd_sc_hd__xnor2_2)
                  0.27    0.21    7.40 ^ _4220_/Y (sky130_fd_sc_hd__xnor2_2)
     2    0.02                           _0485_ (net)
                  0.27    0.00    7.40 ^ _4221_/B_N (sky130_fd_sc_hd__or2b_1)
                  0.04    0.26    7.66 v _4221_/X (sky130_fd_sc_hd__or2b_1)
     1    0.00                           _0486_ (net)
                  0.04    0.00    7.66 v _4222_/B (sky130_fd_sc_hd__and2_2)
                  0.07    0.24    7.90 v _4222_/X (sky130_fd_sc_hd__and2_2)
     2    0.02                           _0487_ (net)
                  0.07    0.00    7.90 v _4223_/B (sky130_fd_sc_hd__xor2_4)
                  0.27    0.28    8.18 ^ _4223_/X (sky130_fd_sc_hd__xor2_4)
     3    0.03                           _0488_ (net)
                  0.27    0.00    8.18 ^ _4473_/A1 (sky130_fd_sc_hd__a211oi_4)
                  0.10    0.13    8.31 v _4473_/Y (sky130_fd_sc_hd__a211oi_4)
     3    0.02                           _0738_ (net)
                  0.10    0.00    8.31 v _4502_/B (sky130_fd_sc_hd__or3_2)
                  0.13    0.57    8.88 v _4502_/X (sky130_fd_sc_hd__or3_2)
     6    0.02                           _0767_ (net)
                  0.13    0.00    8.88 v _4547_/A1 (sky130_fd_sc_hd__a21o_1)
                  0.05    0.21    9.09 v _4547_/X (sky130_fd_sc_hd__a21o_1)
     3    0.01                           _0812_ (net)
                  0.05    0.00    9.09 v _4548_/C (sky130_fd_sc_hd__and3_1)
                  0.03    0.18    9.27 v _4548_/X (sky130_fd_sc_hd__and3_1)
     1    0.00                           _0813_ (net)
                  0.03    0.00    9.27 v _4550_/A (sky130_fd_sc_hd__or2_1)
                  0.06    0.25    9.52 v _4550_/X (sky130_fd_sc_hd__or2_1)
     2    0.01                           _0815_ (net)
                  0.06    0.00    9.52 v _4601_/A1 (sky130_fd_sc_hd__o221a_1)
                  0.04    0.27    9.78 v _4601_/X (sky130_fd_sc_hd__o221a_1)
     1    0.00                           _0866_ (net)
                  0.04    0.00    9.78 v _4611_/A (sky130_fd_sc_hd__or4_1)
                  0.08    0.52   10.31 v _4611_/X (sky130_fd_sc_hd__or4_1)
     1    0.00                           _0876_ (net)
                  0.08    0.00   10.31 v _4612_/C (sky130_fd_sc_hd__or3_1)
                  0.06    0.32   10.63 v _4612_/X (sky130_fd_sc_hd__or3_1)
     1    0.00                           _0877_ (net)
                  0.06    0.00   10.63 v _4616_/A2 (sky130_fd_sc_hd__a31o_1)
                  0.04    0.22   10.85 v _4616_/X (sky130_fd_sc_hd__a31o_1)
     1    0.00                           _0881_ (net)
                  0.04    0.00   10.85 v _4620_/A2 (sky130_fd_sc_hd__a2111o_1)
                  0.07    0.44   11.29 v _4620_/X (sky130_fd_sc_hd__a2111o_1)
     2    0.01                           _0885_ (net)
                  0.07    0.00   11.29 v _4623_/A2 (sky130_fd_sc_hd__a21o_1)
                  0.08    0.24   11.53 v _4623_/X (sky130_fd_sc_hd__a21o_1)
     5    0.01                           _0888_ (net)
                  0.08    0.00   11.53 v _4625_/A2 (sky130_fd_sc_hd__a2111o_1)
                  0.11    0.50   12.03 v _4625_/X (sky130_fd_sc_hd__a2111o_1)
     3    0.01                           _0890_ (net)
                  0.11    0.00   12.03 v _4626_/C (sky130_fd_sc_hd__or3_1)
                  0.11    0.40   12.43 v _4626_/X (sky130_fd_sc_hd__or3_1)
     3    0.01                           _0891_ (net)
                  0.11    0.00   12.43 v _5702_/B (sky130_fd_sc_hd__xnor2_1)
                  0.12    0.20   12.63 v _5702_/Y (sky130_fd_sc_hd__xnor2_1)
     3    0.01                           _1967_ (net)
                  0.12    0.00   12.63 v _5780_/B2 (sky130_fd_sc_hd__o22a_1)
                  0.04    0.18   12.81 v _5780_/X (sky130_fd_sc_hd__o22a_1)
     1    0.00                           _2044_ (net)
                  0.04    0.00   12.81 v _5781_/B1 (sky130_fd_sc_hd__o2bb2a_1)
                  0.07    0.32   13.14 v _5781_/X (sky130_fd_sc_hd__o2bb2a_1)
     2    0.01                           _2045_ (net)
                  0.07    0.00   13.14 v _5810_/B1 (sky130_fd_sc_hd__a22o_1)
                  0.04    0.19   13.33 v _5810_/X (sky130_fd_sc_hd__a22o_1)
     1    0.00                           _2074_ (net)
                  0.04    0.00   13.33 v _5811_/B1 (sky130_fd_sc_hd__a21o_1)
                  0.04    0.17   13.50 v _5811_/X (sky130_fd_sc_hd__a21o_1)
     1    0.01                           _2075_ (net)
                  0.04    0.00   13.50 v _5812_/B2 (sky130_fd_sc_hd__a221oi_2)
                  0.28    0.31   13.81 ^ _5812_/Y (sky130_fd_sc_hd__a221oi_2)
     1    0.01                           hsv_mixer0.pwm1.out (net)
                  0.28    0.00   13.81 ^ _6537_/A (sky130_fd_sc_hd__ebufn_8)
                  0.30    0.38   14.19 ^ _6537_/Z (sky130_fd_sc_hd__ebufn_8)
     1    0.04                           io_out[15] (net)
                  0.30    0.01   14.20 ^ io_out[15] (out)
                                 14.20   data arrival time

                         20.00   20.00   clock wb_clk_i (rise edge)
                          0.00   20.00   clock network delay (propagated)
                         -0.25   19.75   clock uncertainty
                          0.00   19.75   clock reconvergence pessimism
                         -4.00   15.75   output external delay
                                 15.75   data required time
-----------------------------------------------------------------------------
                                 15.75   data required time
                                -14.20   data arrival time
-----------------------------------------------------------------------------
                                  1.55   slack (MET)



======================= Fastest Corner ===================================

Startpoint: _6303_ (rising edge-triggered flip-flop clocked by wb_clk_i)
Endpoint: io_out[15] (output port clocked by wb_clk_i)
Path Group: wb_clk_i
Path Type: max
Corner: ff

Fanout     Cap    Slew   Delay    Time   Description
-----------------------------------------------------------------------------
                          0.00    0.00   clock wb_clk_i (rise edge)
                          0.00    0.00   clock source latency
                  0.09    0.06    0.06 ^ wb_clk_i (in)
     2    0.02                           wb_clk_i (net)
                  0.09    0.00    0.06 ^ clkbuf_0_wb_clk_i/A (sky130_fd_sc_hd__clkbuf_16)
                  0.09    0.15    0.21 ^ clkbuf_0_wb_clk_i/X (sky130_fd_sc_hd__clkbuf_16)
    16    0.10                           clknet_0_wb_clk_i (net)
                  0.09    0.01    0.22 ^ clkbuf_3_2__f_wb_clk_i/A (sky130_fd_sc_hd__clkbuf_16)
                  0.06    0.13    0.35 ^ clkbuf_3_2__f_wb_clk_i/X (sky130_fd_sc_hd__clkbuf_16)
    34    0.07                           clknet_3_2__leaf_wb_clk_i (net)
                  0.06    0.00    0.35 ^ _6303_/CLK (sky130_fd_sc_hd__dfxtp_1)
                  0.05    0.23    0.59 v _6303_/Q (sky130_fd_sc_hd__dfxtp_1)
     5    0.01                           hsv_mixer0.enc0[9] (net)
                  0.05    0.00    0.59 v _3397_/A2 (sky130_fd_sc_hd__a2111o_1)
                  0.08    0.31    0.90 v _3397_/X (sky130_fd_sc_hd__a2111o_1)
     4    0.01                           _2526_ (net)
                  0.08    0.00    0.90 v _3418_/C (sky130_fd_sc_hd__or4_2)
                  0.09    0.41    1.30 v _3418_/X (sky130_fd_sc_hd__or4_2)
     4    0.01                           _2547_ (net)
                  0.09    0.00    1.30 v _3423_/A (sky130_fd_sc_hd__clkbuf_2)
                  0.05    0.13    1.43 v _3423_/X (sky130_fd_sc_hd__clkbuf_2)
     5    0.02                           _2552_ (net)
                  0.05    0.00    1.43 v _3428_/B (sky130_fd_sc_hd__or3_2)
                  0.08    0.32    1.75 v _3428_/X (sky130_fd_sc_hd__or3_2)
     5    0.02                           _2557_ (net)
                  0.08    0.00    1.75 v _3429_/C (sky130_fd_sc_hd__and3_1)
                  0.03    0.14    1.89 v _3429_/X (sky130_fd_sc_hd__and3_1)
     2    0.00                           _2558_ (net)
                  0.03    0.00    1.89 v _3433_/A (sky130_fd_sc_hd__and2_1)
                  0.03    0.10    1.99 v _3433_/X (sky130_fd_sc_hd__and2_1)
     2    0.01                           _2562_ (net)
                  0.03    0.00    1.99 v _3474_/A (sky130_fd_sc_hd__nor2_1)
                  0.11    0.12    2.10 ^ _3474_/Y (sky130_fd_sc_hd__nor2_1)
     3    0.01                           _2603_ (net)
                  0.11    0.00    2.10 ^ _3536_/C (sky130_fd_sc_hd__and3_1)
                  0.07    0.14    2.24 ^ _3536_/X (sky130_fd_sc_hd__and3_1)
     3    0.01                           _2665_ (net)
                  0.07    0.00    2.24 ^ _3542_/A1 (sky130_fd_sc_hd__o211ai_1)
                  0.05    0.07    2.31 v _3542_/Y (sky130_fd_sc_hd__o211ai_1)
     2    0.00                           _2671_ (net)
                  0.05    0.00    2.31 v _3543_/C (sky130_fd_sc_hd__and3_1)
                  0.05    0.15    2.46 v _3543_/X (sky130_fd_sc_hd__and3_1)
     3    0.01                           _2672_ (net)
                  0.05    0.00    2.46 v _3621_/A (sky130_fd_sc_hd__or3_1)
                  0.07    0.26    2.72 v _3621_/X (sky130_fd_sc_hd__or3_1)
     3    0.01                           _2750_ (net)
                  0.07    0.00    2.72 v _3625_/A1 (sky130_fd_sc_hd__a21o_1)
                  0.04    0.13    2.85 v _3625_/X (sky130_fd_sc_hd__a21o_1)
     2    0.01                           _2754_ (net)
                  0.04    0.00    2.85 v _3638_/A2 (sky130_fd_sc_hd__a21o_1)
                  0.05    0.14    3.00 v _3638_/X (sky130_fd_sc_hd__a21o_1)
     3    0.01                           _2767_ (net)
                  0.05    0.00    3.00 v _3639_/B_N (sky130_fd_sc_hd__nor2b_2)
                  0.07    0.13    3.13 v _3639_/Y (sky130_fd_sc_hd__nor2b_2)
     3    0.02                           _2768_ (net)
                  0.07    0.00    3.13 v _3675_/A (sky130_fd_sc_hd__xnor2_1)
                  0.19    0.20    3.33 ^ _3675_/Y (sky130_fd_sc_hd__xnor2_1)
     2    0.01                           _2804_ (net)
                  0.19    0.00    3.33 ^ _3676_/A (sky130_fd_sc_hd__dlymetal6s2s_1)
                  0.14    0.16    3.49 ^ _3676_/X (sky130_fd_sc_hd__dlymetal6s2s_1)
     5    0.02                           _2805_ (net)
                  0.14    0.00    3.49 ^ _4119_/C_N (sky130_fd_sc_hd__or3b_1)
                  0.05    0.22    3.71 v _4119_/X (sky130_fd_sc_hd__or3b_1)
     2    0.00                           _0384_ (net)
                  0.05    0.00    3.71 v _4122_/C (sky130_fd_sc_hd__and4_1)
                  0.04    0.15    3.86 v _4122_/X (sky130_fd_sc_hd__and4_1)
     3    0.01                           _0387_ (net)
                  0.04    0.00    3.86 v _4124_/B (sky130_fd_sc_hd__or3_1)
                  0.05    0.21    4.07 v _4124_/X (sky130_fd_sc_hd__or3_1)
     2    0.00                           _0389_ (net)
                  0.05    0.00    4.07 v _4145_/A (sky130_fd_sc_hd__and2_1)
                  0.04    0.11    4.18 v _4145_/X (sky130_fd_sc_hd__and2_1)
     3    0.01                           _0410_ (net)
                  0.04    0.00    4.18 v _4216_/B (sky130_fd_sc_hd__xnor2_1)
                  0.06    0.09    4.28 v _4216_/Y (sky130_fd_sc_hd__xnor2_1)
     1    0.01                           _0481_ (net)
                  0.06    0.00    4.28 v _4217_/A (sky130_fd_sc_hd__xnor2_1)
                  0.20    0.21    4.48 ^ _4217_/Y (sky130_fd_sc_hd__xnor2_1)
     2    0.01                           _0482_ (net)
                  0.20    0.00    4.49 ^ _4220_/B (sky130_fd_sc_hd__xnor2_2)
                  0.20    0.12    4.60 ^ _4220_/Y (sky130_fd_sc_hd__xnor2_2)
     2    0.02                           _0485_ (net)
                  0.20    0.00    4.60 ^ _4221_/B_N (sky130_fd_sc_hd__or2b_1)
                  0.03    0.14    4.74 v _4221_/X (sky130_fd_sc_hd__or2b_1)
     1    0.00                           _0486_ (net)
                  0.03    0.00    4.74 v _4222_/B (sky130_fd_sc_hd__and2_2)
                  0.05    0.15    4.89 v _4222_/X (sky130_fd_sc_hd__and2_2)
     2    0.02                           _0487_ (net)
                  0.05    0.00    4.90 v _4223_/B (sky130_fd_sc_hd__xor2_4)
                  0.20    0.20    5.10 ^ _4223_/X (sky130_fd_sc_hd__xor2_4)
     3    0.03                           _0488_ (net)
                  0.20    0.00    5.10 ^ _4473_/A1 (sky130_fd_sc_hd__a211oi_4)
                  0.07    0.06    5.16 v _4473_/Y (sky130_fd_sc_hd__a211oi_4)
     3    0.02                           _0738_ (net)
                  0.07    0.00    5.16 v _4502_/B (sky130_fd_sc_hd__or3_2)
                  0.08    0.33    5.49 v _4502_/X (sky130_fd_sc_hd__or3_2)
     6    0.02                           _0767_ (net)
                  0.08    0.00    5.49 v _4547_/A1 (sky130_fd_sc_hd__a21o_1)
                  0.04    0.14    5.62 v _4547_/X (sky130_fd_sc_hd__a21o_1)
     3    0.01                           _0812_ (net)
                  0.04    0.00    5.63 v _4548_/C (sky130_fd_sc_hd__and3_1)
                  0.03    0.11    5.74 v _4548_/X (sky130_fd_sc_hd__and3_1)
     1    0.00                           _0813_ (net)
                  0.03    0.00    5.74 v _4550_/A (sky130_fd_sc_hd__or2_1)
                  0.04    0.15    5.89 v _4550_/X (sky130_fd_sc_hd__or2_1)
     2    0.01                           _0815_ (net)
                  0.04    0.00    5.89 v _4601_/A1 (sky130_fd_sc_hd__o221a_1)
                  0.03    0.16    6.05 v _4601_/X (sky130_fd_sc_hd__o221a_1)
     1    0.00                           _0866_ (net)
                  0.03    0.00    6.05 v _4611_/A (sky130_fd_sc_hd__or4_1)
                  0.05    0.30    6.35 v _4611_/X (sky130_fd_sc_hd__or4_1)
     1    0.00                           _0876_ (net)
                  0.05    0.00    6.35 v _4612_/C (sky130_fd_sc_hd__or3_1)
                  0.04    0.18    6.53 v _4612_/X (sky130_fd_sc_hd__or3_1)
     1    0.00                           _0877_ (net)
                  0.04    0.00    6.53 v _4616_/A2 (sky130_fd_sc_hd__a31o_1)
                  0.03    0.14    6.67 v _4616_/X (sky130_fd_sc_hd__a31o_1)
     1    0.00                           _0881_ (net)
                  0.03    0.00    6.67 v _4620_/A2 (sky130_fd_sc_hd__a2111o_1)
                  0.05    0.27    6.94 v _4620_/X (sky130_fd_sc_hd__a2111o_1)
     2    0.01                           _0885_ (net)
                  0.05    0.00    6.94 v _4623_/A2 (sky130_fd_sc_hd__a21o_1)
                  0.05    0.16    7.09 v _4623_/X (sky130_fd_sc_hd__a21o_1)
     5    0.01                           _0888_ (net)
                  0.05    0.00    7.09 v _4625_/A2 (sky130_fd_sc_hd__a2111o_1)
                  0.07    0.31    7.40 v _4625_/X (sky130_fd_sc_hd__a2111o_1)
     3    0.01                           _0890_ (net)
                  0.07    0.00    7.40 v _4626_/C (sky130_fd_sc_hd__or3_1)
                  0.07    0.24    7.64 v _4626_/X (sky130_fd_sc_hd__or3_1)
     3    0.01                           _0891_ (net)
                  0.07    0.00    7.64 v _5702_/B (sky130_fd_sc_hd__xnor2_1)
                  0.08    0.13    7.77 v _5702_/Y (sky130_fd_sc_hd__xnor2_1)
     3    0.01                           _1967_ (net)
                  0.08    0.00    7.77 v _5780_/B2 (sky130_fd_sc_hd__o22a_1)
                  0.02    0.11    7.88 v _5780_/X (sky130_fd_sc_hd__o22a_1)
     1    0.00                           _2044_ (net)
                  0.02    0.00    7.88 v _5781_/B1 (sky130_fd_sc_hd__o2bb2a_1)
                  0.05    0.20    8.08 v _5781_/X (sky130_fd_sc_hd__o2bb2a_1)
     2    0.01                           _2045_ (net)
                  0.05    0.00    8.08 v _5810_/B1 (sky130_fd_sc_hd__a22o_1)
                  0.03    0.09    8.17 v _5810_/X (sky130_fd_sc_hd__a22o_1)
     1    0.00                           _2074_ (net)
                  0.03    0.00    8.17 v _5811_/B1 (sky130_fd_sc_hd__a21o_1)
                  0.03    0.08    8.25 v _5811_/X (sky130_fd_sc_hd__a21o_1)
     1    0.01                           _2075_ (net)
                  0.03    0.00    8.25 v _5812_/B2 (sky130_fd_sc_hd__a221oi_2)
                  0.16    0.17    8.41 ^ _5812_/Y (sky130_fd_sc_hd__a221oi_2)
     1    0.01                           hsv_mixer0.pwm1.out (net)
                  0.16    0.00    8.41 ^ _6537_/A (sky130_fd_sc_hd__ebufn_8)
                  0.23    0.24    8.66 ^ _6537_/Z (sky130_fd_sc_hd__ebufn_8)
     1    0.04                           io_out[15] (net)
                  0.23    0.01    8.67 ^ io_out[15] (out)
                                  8.67   data arrival time

                         20.00   20.00   clock wb_clk_i (rise edge)
                          0.00   20.00   clock network delay (propagated)
                         -0.25   19.75   clock uncertainty
                          0.00   19.75   clock reconvergence pessimism
                         -4.00   15.75   output external delay
                                 15.75   data required time
-----------------------------------------------------------------------------
                                 15.75   data required time
                                 -8.67   data arrival time
-----------------------------------------------------------------------------
                                  7.08   slack (MET)



===========================================================================
report_checks --slack_max -0.01
============================================================================

======================= Slowest Corner ===================================

Startpoint: _6303_ (rising edge-triggered flip-flop clocked by wb_clk_i)
Endpoint: io_out[15] (output port clocked by wb_clk_i)
Path Group: wb_clk_i
Path Type: max
Corner: ss

Fanout     Cap    Slew   Delay    Time   Description
-----------------------------------------------------------------------------
                          0.00    0.00   clock wb_clk_i (rise edge)
                          0.00    0.00   clock source latency
                  0.18    0.13    0.13 ^ wb_clk_i (in)
     2    0.02                           wb_clk_i (net)
                  0.18    0.00    0.13 ^ clkbuf_0_wb_clk_i/A (sky130_fd_sc_hd__clkbuf_16)
                  0.17    0.38    0.51 ^ clkbuf_0_wb_clk_i/X (sky130_fd_sc_hd__clkbuf_16)
    16    0.10                           clknet_0_wb_clk_i (net)
                  0.17    0.01    0.52 ^ clkbuf_3_2__f_wb_clk_i/A (sky130_fd_sc_hd__clkbuf_16)
                  0.13    0.34    0.86 ^ clkbuf_3_2__f_wb_clk_i/X (sky130_fd_sc_hd__clkbuf_16)
    34    0.06                           clknet_3_2__leaf_wb_clk_i (net)
                  0.13    0.00    0.86 ^ _6303_/CLK (sky130_fd_sc_hd__dfxtp_1)
                  0.13    0.71    1.57 v _6303_/Q (sky130_fd_sc_hd__dfxtp_1)
     5    0.01                           hsv_mixer0.enc0[9] (net)
                  0.13    0.00    1.57 v _3397_/A2 (sky130_fd_sc_hd__a2111o_1)
                  0.21    0.97    2.54 v _3397_/X (sky130_fd_sc_hd__a2111o_1)
     4    0.01                           _2526_ (net)
                  0.21    0.00    2.54 v _3418_/C (sky130_fd_sc_hd__or4_2)
                  0.29    1.71    4.25 v _3418_/X (sky130_fd_sc_hd__or4_2)
     4    0.01                           _2547_ (net)
                  0.29    0.00    4.25 v _3423_/A (sky130_fd_sc_hd__clkbuf_2)
                  0.13    0.37    4.62 v _3423_/X (sky130_fd_sc_hd__clkbuf_2)
     5    0.02                           _2552_ (net)
                  0.13    0.00    4.62 v _3428_/B (sky130_fd_sc_hd__or3_2)
                  0.25    1.28    5.91 v _3428_/X (sky130_fd_sc_hd__or3_2)
     5    0.02                           _2557_ (net)
                  0.25    0.00    5.91 v _3429_/C (sky130_fd_sc_hd__and3_1)
                  0.08    0.49    6.40 v _3429_/X (sky130_fd_sc_hd__and3_1)
     2    0.00                           _2558_ (net)
                  0.08    0.00    6.40 v _3433_/A (sky130_fd_sc_hd__and2_1)
                  0.09    0.32    6.71 v _3433_/X (sky130_fd_sc_hd__and2_1)
     2    0.01                           _2562_ (net)
                  0.09    0.00    6.71 v _3474_/A (sky130_fd_sc_hd__nor2_1)
                  0.26    0.29    7.00 ^ _3474_/Y (sky130_fd_sc_hd__nor2_1)
     3    0.01                           _2603_ (net)
                  0.26    0.00    7.00 ^ _3536_/C (sky130_fd_sc_hd__and3_1)
                  0.16    0.46    7.46 ^ _3536_/X (sky130_fd_sc_hd__and3_1)
     3    0.01                           _2665_ (net)
                  0.16    0.00    7.46 ^ _3542_/A1 (sky130_fd_sc_hd__o211ai_1)
                  0.20    0.29    7.75 v _3542_/Y (sky130_fd_sc_hd__o211ai_1)
     2    0.00                           _2671_ (net)
                  0.20    0.00    7.75 v _3543_/C (sky130_fd_sc_hd__and3_1)
                  0.13    0.51    8.26 v _3543_/X (sky130_fd_sc_hd__and3_1)
     3    0.01                           _2672_ (net)
                  0.13    0.00    8.26 v _3621_/A (sky130_fd_sc_hd__or3_1)
                  0.21    1.01    9.27 v _3621_/X (sky130_fd_sc_hd__or3_1)
     3    0.01                           _2750_ (net)
                  0.21    0.00    9.27 v _3625_/A1 (sky130_fd_sc_hd__a21o_1)
                  0.10    0.40    9.68 v _3625_/X (sky130_fd_sc_hd__a21o_1)
     2    0.01                           _2754_ (net)
                  0.10    0.00    9.68 v _3638_/A2 (sky130_fd_sc_hd__a21o_1)
                  0.12    0.41   10.09 v _3638_/X (sky130_fd_sc_hd__a21o_1)
     3    0.01                           _2767_ (net)
                  0.12    0.00   10.09 v _3639_/B_N (sky130_fd_sc_hd__nor2b_2)
                  0.14    0.41   10.50 v _3639_/Y (sky130_fd_sc_hd__nor2b_2)
     3    0.02                           _2768_ (net)
                  0.14    0.00   10.50 v _3675_/A (sky130_fd_sc_hd__xnor2_1)
                  0.42    0.48   10.98 ^ _3675_/Y (sky130_fd_sc_hd__xnor2_1)
     2    0.01                           _2804_ (net)
                  0.42    0.00   10.98 ^ _3676_/A (sky130_fd_sc_hd__dlymetal6s2s_1)
                  0.27    0.47   11.45 ^ _3676_/X (sky130_fd_sc_hd__dlymetal6s2s_1)
     5    0.02                           _2805_ (net)
                  0.27    0.00   11.45 ^ _4119_/C_N (sky130_fd_sc_hd__or3b_1)
                  0.16    0.93   12.38 v _4119_/X (sky130_fd_sc_hd__or3b_1)
     2    0.00                           _0384_ (net)
                  0.16    0.00   12.38 v _4122_/C (sky130_fd_sc_hd__and4_1)
                  0.11    0.49   12.87 v _4122_/X (sky130_fd_sc_hd__and4_1)
     3    0.01                           _0387_ (net)
                  0.11    0.00   12.87 v _4124_/B (sky130_fd_sc_hd__or3_1)
                  0.15    0.86   13.73 v _4124_/X (sky130_fd_sc_hd__or3_1)
     2    0.00                           _0389_ (net)
                  0.15    0.00   13.73 v _4145_/A (sky130_fd_sc_hd__and2_1)
                  0.11    0.38   14.11 v _4145_/X (sky130_fd_sc_hd__and2_1)
     3    0.01                           _0410_ (net)
                  0.11    0.00   14.11 v _4216_/B (sky130_fd_sc_hd__xnor2_1)
                  0.15    0.27   14.37 v _4216_/Y (sky130_fd_sc_hd__xnor2_1)
     1    0.01                           _0481_ (net)
                  0.15    0.00   14.37 v _4217_/A (sky130_fd_sc_hd__xnor2_1)
                  0.46    0.51   14.88 ^ _4217_/Y (sky130_fd_sc_hd__xnor2_1)
     2    0.01                           _0482_ (net)
                  0.46    0.00   14.88 ^ _4220_/B (sky130_fd_sc_hd__xnor2_2)
                  0.43    0.43   15.31 ^ _4220_/Y (sky130_fd_sc_hd__xnor2_2)
     2    0.02                           _0485_ (net)
                  0.43    0.00   15.31 ^ _4221_/B_N (sky130_fd_sc_hd__or2b_1)
                  0.08    0.61   15.92 v _4221_/X (sky130_fd_sc_hd__or2b_1)
     1    0.00                           _0486_ (net)
                  0.08    0.00   15.92 v _4222_/B (sky130_fd_sc_hd__and2_2)
                  0.14    0.51   16.43 v _4222_/X (sky130_fd_sc_hd__and2_2)
     2    0.02                           _0487_ (net)
                  0.14    0.00   16.43 v _4223_/B (sky130_fd_sc_hd__xor2_4)
                  0.41    0.46   16.89 ^ _4223_/X (sky130_fd_sc_hd__xor2_4)
     3    0.03                           _0488_ (net)
                  0.41    0.00   16.89 ^ _4473_/A1 (sky130_fd_sc_hd__a211oi_4)
                  0.16    0.28   17.17 v _4473_/Y (sky130_fd_sc_hd__a211oi_4)
     3    0.02                           _0738_ (net)
                  0.16    0.00   17.17 v _4502_/B (sky130_fd_sc_hd__or3_2)
                  0.26    1.31   18.49 v _4502_/X (sky130_fd_sc_hd__or3_2)
     6    0.02                           _0767_ (net)
                  0.26    0.00   18.49 v _4547_/A1 (sky130_fd_sc_hd__a21o_1)
                  0.09    0.42   18.91 v _4547_/X (sky130_fd_sc_hd__a21o_1)
     3    0.01                           _0812_ (net)
                  0.09    0.00   18.91 v _4548_/C (sky130_fd_sc_hd__and3_1)
                  0.06    0.38   19.29 v _4548_/X (sky130_fd_sc_hd__and3_1)
     1    0.00                           _0813_ (net)
                  0.06    0.00   19.29 v _4550_/A (sky130_fd_sc_hd__or2_1)
                  0.12    0.55   19.84 v _4550_/X (sky130_fd_sc_hd__or2_1)
     2    0.01                           _0815_ (net)
                  0.12    0.00   19.84 v _4601_/A1 (sky130_fd_sc_hd__o221a_1)
                  0.09    0.51   20.35 v _4601_/X (sky130_fd_sc_hd__o221a_1)
     1    0.00                           _0866_ (net)
                  0.09    0.00   20.35 v _4611_/A (sky130_fd_sc_hd__or4_1)
                  0.16    1.24   21.59 v _4611_/X (sky130_fd_sc_hd__or4_1)
     1    0.00                           _0876_ (net)
                  0.16    0.00   21.59 v _4612_/C (sky130_fd_sc_hd__or3_1)
                  0.13    0.77   22.37 v _4612_/X (sky130_fd_sc_hd__or3_1)
     1    0.00                           _0877_ (net)
                  0.13    0.00   22.37 v _4616_/A2 (sky130_fd_sc_hd__a31o_1)
                  0.07    0.41   22.78 v _4616_/X (sky130_fd_sc_hd__a31o_1)
     1    0.00                           _0881_ (net)
                  0.07    0.00   22.78 v _4620_/A2 (sky130_fd_sc_hd__a2111o_1)
                  0.14    0.85   23.63 v _4620_/X (sky130_fd_sc_hd__a2111o_1)
     2    0.01                           _0885_ (net)
                  0.14    0.00   23.63 v _4623_/A2 (sky130_fd_sc_hd__a21o_1)
                  0.14    0.45   24.08 v _4623_/X (sky130_fd_sc_hd__a21o_1)
     5    0.01                           _0888_ (net)
                  0.14    0.00   24.08 v _4625_/A2 (sky130_fd_sc_hd__a2111o_1)
                  0.21    0.97   25.06 v _4625_/X (sky130_fd_sc_hd__a2111o_1)
     3    0.01                           _0890_ (net)
                  0.21    0.00   25.06 v _4626_/C (sky130_fd_sc_hd__or3_1)
                  0.23    0.93   25.99 v _4626_/X (sky130_fd_sc_hd__or3_1)
     3    0.01                           _0891_ (net)
                  0.23    0.00   25.99 v _5702_/B (sky130_fd_sc_hd__xnor2_1)
                  0.23    0.39   26.38 v _5702_/Y (sky130_fd_sc_hd__xnor2_1)
     3    0.01                           _1967_ (net)
                  0.23    0.00   26.38 v _5780_/B2 (sky130_fd_sc_hd__o22a_1)
                  0.08    0.38   26.76 v _5780_/X (sky130_fd_sc_hd__o22a_1)
     1    0.00                           _2044_ (net)
                  0.08    0.00   26.76 v _5781_/B1 (sky130_fd_sc_hd__o2bb2a_1)
                  0.14    0.71   27.47 v _5781_/X (sky130_fd_sc_hd__o2bb2a_1)
     2    0.01                           _2045_ (net)
                  0.14    0.00   27.47 v _5810_/B1 (sky130_fd_sc_hd__a22o_1)
                  0.07    0.37   27.84 v _5810_/X (sky130_fd_sc_hd__a22o_1)
     1    0.00                           _2074_ (net)
                  0.07    0.00   27.84 v _5811_/B1 (sky130_fd_sc_hd__a21o_1)
                  0.08    0.31   28.16 v _5811_/X (sky130_fd_sc_hd__a21o_1)
     1    0.01                           _2075_ (net)
                  0.08    0.00   28.16 v _5812_/B2 (sky130_fd_sc_hd__a221oi_2)
                  0.44    0.54   28.69 ^ _5812_/Y (sky130_fd_sc_hd__a221oi_2)
     1    0.01                           hsv_mixer0.pwm1.out (net)
                  0.44    0.00   28.70 ^ _6537_/A (sky130_fd_sc_hd__ebufn_8)
                  0.48    0.69   29.38 ^ _6537_/Z (sky130_fd_sc_hd__ebufn_8)
     1    0.04                           io_out[15] (net)
                  0.48    0.01   29.39 ^ io_out[15] (out)
                                 29.39   data arrival time

                         20.00   20.00   clock wb_clk_i (rise edge)
                          0.00   20.00   clock network delay (propagated)
                         -0.25   19.75   clock uncertainty
                          0.00   19.75   clock reconvergence pessimism
                         -4.00   15.75   output external delay
                                 15.75   data required time
-----------------------------------------------------------------------------
                                 15.75   data required time
                                -29.39   data arrival time
-----------------------------------------------------------------------------
                                -13.64   slack (VIOLATED)



======================= Typical Corner ===================================

No paths found.

======================= Fastest Corner ===================================

No paths found.
