
===========================================================================
 report_clock_skew
============================================================================

======================== Slowest Corner ==================================

Clock wb_clk_i
Latency      CRPR       Skew
_6301_/CLK ^
   0.86
_6302_/CLK ^
   0.76     -0.05       0.06


======================= Typical Corner ===================================

Clock wb_clk_i
Latency      CRPR       Skew
_6301_/CLK ^
   0.51
_6302_/CLK ^
   0.44     -0.03       0.03


======================= Fastest Corner ===================================

Clock wb_clk_i
Latency      CRPR       Skew
_6301_/CLK ^
   0.35
_6302_/CLK ^
   0.31     -0.02       0.02

