
===========================================================================
 report_power
============================================================================


======================= Slowest Corner =================================

Group                  Internal  Switching    Leakage      Total
                          Power      Power      Power      Power (Watts)
----------------------------------------------------------------
Sequential             1.83e-04   8.45e-06   1.63e-06   1.93e-04   4.6%
Combinational          1.85e-03   2.16e-03   1.65e-05   4.03e-03  95.4%
Macro                  0.00e+00   0.00e+00   0.00e+00   0.00e+00   0.0%
Pad                    0.00e+00   0.00e+00   0.00e+00   0.00e+00   0.0%
----------------------------------------------------------------
Total                  2.03e-03   2.17e-03   1.81e-05   4.22e-03 100.0%
                          48.1%      51.5%       0.4%

======================= Typical Corner ===================================

Group                  Internal  Switching    Leakage      Total
                          Power      Power      Power      Power (Watts)
----------------------------------------------------------------
Sequential             2.36e-04   1.09e-05   9.37e-10   2.47e-04   4.6%
Combinational          2.38e-03   2.75e-03   3.00e-08   5.13e-03  95.4%
Macro                  0.00e+00   0.00e+00   0.00e+00   0.00e+00   0.0%
Pad                    0.00e+00   0.00e+00   0.00e+00   0.00e+00   0.0%
----------------------------------------------------------------
Total                  2.61e-03   2.76e-03   3.09e-08   5.37e-03 100.0%
                          48.6%      51.4%       0.0%


======================= Fastest Corner =================================

Group                  Internal  Switching    Leakage      Total
                          Power      Power      Power      Power (Watts)
----------------------------------------------------------------
Sequential             2.74e-04   1.30e-05   1.62e-09   2.87e-04   4.6%
Combinational          2.65e-03   3.24e-03   4.18e-08   5.89e-03  95.4%
Macro                  0.00e+00   0.00e+00   0.00e+00   0.00e+00   0.0%
Pad                    0.00e+00   0.00e+00   0.00e+00   0.00e+00   0.0%
----------------------------------------------------------------
Total                  2.92e-03   3.25e-03   4.34e-08   6.17e-03 100.0%
                          47.3%      52.7%       0.0%
