
===========================================================================
report_checks -path_delay min (Hold)
============================================================================
Startpoint: _6318_ (rising edge-triggered flip-flop clocked by wb_clk_i)
Endpoint: _6323_ (rising edge-triggered flip-flop clocked by wb_clk_i)
Path Group: wb_clk_i
Path Type: min

Fanout     Cap    Slew   Delay    Time   Description
-----------------------------------------------------------------------------
                  0.15    0.00    0.00   clock wb_clk_i (rise edge)
                          0.00    0.00   clock network delay (ideal)
                  0.15    0.00    0.00 ^ _6318_/CLK (sky130_fd_sc_hd__dfxtp_1)
                  0.08    0.35    0.35 ^ _6318_/Q (sky130_fd_sc_hd__dfxtp_1)
     3    0.01                           hsv_mixer0.debounce2_a.button_hist[3] (net)
                  0.08    0.00    0.35 ^ _6114_/A1 (sky130_fd_sc_hd__a31o_1)
                  0.04    0.12    0.47 ^ _6114_/X (sky130_fd_sc_hd__a31o_1)
     1    0.00                           _0049_ (net)
                  0.04    0.00    0.47 ^ _6323_/D (sky130_fd_sc_hd__dfxtp_1)
                                  0.47   data arrival time

                  0.15    0.00    0.00   clock wb_clk_i (rise edge)
                          0.00    0.00   clock network delay (ideal)
                          0.25    0.25   clock uncertainty
                          0.00    0.25   clock reconvergence pessimism
                                  0.25 ^ _6323_/CLK (sky130_fd_sc_hd__dfxtp_1)
                         -0.02    0.23   library hold time
                                  0.23   data required time
-----------------------------------------------------------------------------
                                  0.23   data required time
                                 -0.47   data arrival time
-----------------------------------------------------------------------------
                                  0.24   slack (MET)


Startpoint: _6343_ (rising edge-triggered flip-flop clocked by wb_clk_i)
Endpoint: _6350_ (rising edge-triggered flip-flop clocked by wb_clk_i)
Path Group: wb_clk_i
Path Type: min

Fanout     Cap    Slew   Delay    Time   Description
-----------------------------------------------------------------------------
                  0.15    0.00    0.00   clock wb_clk_i (rise edge)
                          0.00    0.00   clock network delay (ideal)
                  0.15    0.00    0.00 ^ _6343_/CLK (sky130_fd_sc_hd__dfxtp_1)
                  0.08    0.35    0.35 ^ _6343_/Q (sky130_fd_sc_hd__dfxtp_1)
     3    0.01                           hsv_mixer0.debounce0_b.button_hist[1] (net)
                  0.08    0.00    0.35 ^ _6186_/A1 (sky130_fd_sc_hd__a41o_1)
                  0.04    0.14    0.49 ^ _6186_/X (sky130_fd_sc_hd__a41o_1)
     1    0.00                           _0076_ (net)
                  0.04    0.00    0.49 ^ _6350_/D (sky130_fd_sc_hd__dfxtp_1)
                                  0.49   data arrival time

                  0.15    0.00    0.00   clock wb_clk_i (rise edge)
                          0.00    0.00   clock network delay (ideal)
                          0.25    0.25   clock uncertainty
                          0.00    0.25   clock reconvergence pessimism
                                  0.25 ^ _6350_/CLK (sky130_fd_sc_hd__dfxtp_1)
                         -0.02    0.23   library hold time
                                  0.23   data required time
-----------------------------------------------------------------------------
                                  0.23   data required time
                                 -0.49   data arrival time
-----------------------------------------------------------------------------
                                  0.25   slack (MET)


Startpoint: _6354_ (rising edge-triggered flip-flop clocked by wb_clk_i)
Endpoint: _6359_ (rising edge-triggered flip-flop clocked by wb_clk_i)
Path Group: wb_clk_i
Path Type: min

Fanout     Cap    Slew   Delay    Time   Description
-----------------------------------------------------------------------------
                  0.15    0.00    0.00   clock wb_clk_i (rise edge)
                          0.00    0.00   clock network delay (ideal)
                  0.15    0.00    0.00 ^ _6354_/CLK (sky130_fd_sc_hd__dfxtp_1)
                  0.08    0.35    0.35 ^ _6354_/Q (sky130_fd_sc_hd__dfxtp_1)
     3    0.01                           hsv_mixer0.debounce0_a.button_hist[3] (net)
                  0.08    0.00    0.35 ^ _6208_/A1 (sky130_fd_sc_hd__a32o_1)
                  0.05    0.14    0.49 ^ _6208_/X (sky130_fd_sc_hd__a32o_1)
     1    0.00                           _0085_ (net)
                  0.05    0.00    0.49 ^ _6359_/D (sky130_fd_sc_hd__dfxtp_1)
                                  0.49   data arrival time

                  0.15    0.00    0.00   clock wb_clk_i (rise edge)
                          0.00    0.00   clock network delay (ideal)
                          0.25    0.25   clock uncertainty
                          0.00    0.25   clock reconvergence pessimism
                                  0.25 ^ _6359_/CLK (sky130_fd_sc_hd__dfxtp_1)
                         -0.02    0.23   library hold time
                                  0.23   data required time
-----------------------------------------------------------------------------
                                  0.23   data required time
                                 -0.49   data arrival time
-----------------------------------------------------------------------------
                                  0.26   slack (MET)


Startpoint: _6380_ (rising edge-triggered flip-flop clocked by wb_clk_i)
Endpoint: _6380_ (rising edge-triggered flip-flop clocked by wb_clk_i)
Path Group: wb_clk_i
Path Type: min

Fanout     Cap    Slew   Delay    Time   Description
-----------------------------------------------------------------------------
                  0.15    0.00    0.00   clock wb_clk_i (rise edge)
                          0.00    0.00   clock network delay (ideal)
                  0.15    0.00    0.00 ^ _6380_/CLK (sky130_fd_sc_hd__dfxtp_1)
                  0.12    0.37    0.37 ^ _6380_/Q (sky130_fd_sc_hd__dfxtp_1)
     4    0.01                           hsv_mixer0.pwm0.count[4] (net)
                  0.12    0.00    0.37 ^ _6265_/A1 (sky130_fd_sc_hd__o21a_1)
                  0.03    0.12    0.49 ^ _6265_/X (sky130_fd_sc_hd__o21a_1)
     1    0.00                           _0106_ (net)
                  0.03    0.00    0.49 ^ _6380_/D (sky130_fd_sc_hd__dfxtp_1)
                                  0.49   data arrival time

                  0.15    0.00    0.00   clock wb_clk_i (rise edge)
                          0.00    0.00   clock network delay (ideal)
                          0.25    0.25   clock uncertainty
                          0.00    0.25   clock reconvergence pessimism
                                  0.25 ^ _6380_/CLK (sky130_fd_sc_hd__dfxtp_1)
                         -0.02    0.23   library hold time
                                  0.23   data required time
-----------------------------------------------------------------------------
                                  0.23   data required time
                                 -0.49   data arrival time
-----------------------------------------------------------------------------
                                  0.26   slack (MET)


Startpoint: _6382_ (rising edge-triggered flip-flop clocked by wb_clk_i)
Endpoint: _6382_ (rising edge-triggered flip-flop clocked by wb_clk_i)
Path Group: wb_clk_i
Path Type: min

Fanout     Cap    Slew   Delay    Time   Description
-----------------------------------------------------------------------------
                  0.15    0.00    0.00   clock wb_clk_i (rise edge)
                          0.00    0.00   clock network delay (ideal)
                  0.15    0.00    0.00 ^ _6382_/CLK (sky130_fd_sc_hd__dfxtp_1)
                  0.12    0.37    0.37 ^ _6382_/Q (sky130_fd_sc_hd__dfxtp_1)
     4    0.01                           hsv_mixer0.pwm0.count[6] (net)
                  0.12    0.00    0.37 ^ _6271_/A1 (sky130_fd_sc_hd__o21a_1)
                  0.03    0.12    0.49 ^ _6271_/X (sky130_fd_sc_hd__o21a_1)
     1    0.00                           _0108_ (net)
                  0.03    0.00    0.49 ^ _6382_/D (sky130_fd_sc_hd__dfxtp_1)
                                  0.49   data arrival time

                  0.15    0.00    0.00   clock wb_clk_i (rise edge)
                          0.00    0.00   clock network delay (ideal)
                          0.25    0.25   clock uncertainty
                          0.00    0.25   clock reconvergence pessimism
                                  0.25 ^ _6382_/CLK (sky130_fd_sc_hd__dfxtp_1)
                         -0.02    0.23   library hold time
                                  0.23   data required time
-----------------------------------------------------------------------------
                                  0.23   data required time
                                 -0.49   data arrival time
-----------------------------------------------------------------------------
                                  0.26   slack (MET)


