Wed Jun 08 16:33:07 UTC 2022 - Executing "openroad -python /content/OpenLane/scripts/odbpy/lefutil.py get_metal_layers -o /content/wrapped_hsv_mixer/runs/RUN_2022.06.08_16.33.07/tmp/layers.list /content/conda-env/share/pdk/sky130A/libs.ref/sky130_fd_sc_hd/techlef/sky130_fd_sc_hd__nom.tlef"

Wed Jun 08 16:33:08 UTC 2022 - Executing "/content/OpenLane/scripts/mergeLef.py -o /content/wrapped_hsv_mixer/runs/RUN_2022.06.08_16.33.07/tmp/merged.unpadded.nom.lef -i /content/conda-env/share/pdk/sky130A/libs.ref/sky130_fd_sc_hd/techlef/sky130_fd_sc_hd__nom.tlef /content/conda-env/share/pdk/sky130A/libs.ref/sky130_fd_sc_hd/lef/sky130_fd_sc_hd.lef |& tee /dev/null"

Wed Jun 08 16:33:08 UTC 2022 - Executing "/content/OpenLane/scripts/mergeLef.py -o /content/wrapped_hsv_mixer/runs/RUN_2022.06.08_16.33.07/tmp/merged.unpadded.min.lef -i /content/conda-env/share/pdk/sky130A/libs.ref/sky130_fd_sc_hd/techlef/sky130_fd_sc_hd__min.tlef /content/conda-env/share/pdk/sky130A/libs.ref/sky130_fd_sc_hd/lef/sky130_fd_sc_hd.lef |& tee /dev/null"

Wed Jun 08 16:33:08 UTC 2022 - Executing "/content/OpenLane/scripts/mergeLef.py -o /content/wrapped_hsv_mixer/runs/RUN_2022.06.08_16.33.07/tmp/merged.unpadded.max.lef -i /content/conda-env/share/pdk/sky130A/libs.ref/sky130_fd_sc_hd/techlef/sky130_fd_sc_hd__max.tlef /content/conda-env/share/pdk/sky130A/libs.ref/sky130_fd_sc_hd/lef/sky130_fd_sc_hd.lef |& tee /dev/null"

Wed Jun 08 16:33:08 UTC 2022 - Executing "openroad -python /content/OpenLane/scripts/mergeLib.py --output /content/wrapped_hsv_mixer/runs/RUN_2022.06.08_16.33.07/tmp/synthesis/merged.lib --name sky130A_merged /content/conda-env/share/pdk/sky130A/libs.ref/sky130_fd_sc_hd/lib/sky130_fd_sc_hd__tt_025C_1v80.lib"

Wed Jun 08 16:33:09 UTC 2022 - Executing "openroad -python /content/OpenLane/scripts/libtrim.py --cell-file /content/wrapped_hsv_mixer/runs/RUN_2022.06.08_16.33.07/tmp/synthesis/trimmed.lib.exclude.list --output /content/wrapped_hsv_mixer/runs/RUN_2022.06.08_16.33.07/tmp/synthesis/trimmed.lib /content/wrapped_hsv_mixer/runs/RUN_2022.06.08_16.33.07/tmp/synthesis/merged.lib"

Wed Jun 08 16:33:09 UTC 2022 - Executing "echo {openlane ad24025768f6e43058646dad0528af04cabf2aec} > /content/wrapped_hsv_mixer/runs/RUN_2022.06.08_16.33.07/OPENLANE_VERSION"

Wed Jun 08 16:33:09 UTC 2022 - Executing "openroad -python /content/OpenLane/scripts/new_tracks.py -i /content/conda-env/share/pdk/sky130A/libs.tech/openlane/sky130_fd_sc_hd/tracks.info -o /content/wrapped_hsv_mixer/runs/RUN_2022.06.08_16.33.07/tmp/routing/config.tracks"

Wed Jun 08 16:33:09 UTC 2022 - Executing "sed -E {s/^([[:space:]]+)pg_pin(.*)/\1pin\2\n\1    direction : "inout";/g} /content/conda-env/share/pdk/sky130A/libs.ref/sky130_fd_sc_hd/lib/sky130_fd_sc_hd__tt_025C_1v80.lib > /content/wrapped_hsv_mixer/runs/RUN_2022.06.08_16.33.07/tmp/synthesis/1-sky130_fd_sc_hd__tt_025C_1v80.no_pg.lib"

Wed Jun 08 16:33:09 UTC 2022 - Executing "yosys -c /content/OpenLane/scripts/yosys/synth.tcl -l /content/wrapped_hsv_mixer/runs/RUN_2022.06.08_16.33.07/logs/synthesis/1-synthesis.log |& tee /dev/null"

Wed Jun 08 16:33:22 UTC 2022 - Executing "sed -i -e {s/\(set ::env(CURRENT_NETLIST)\).*/\1 \/content\/wrapped_hsv_mixer\/runs\/RUN_2022.06.08_16.33.07\/results\/synthesis\/wrapped_hsv_mixer.v/} /content/wrapped_hsv_mixer/runs/RUN_2022.06.08_16.33.07/config.tcl"

Wed Jun 08 16:33:22 UTC 2022 - Executing "sed -i -e {s/\(set ::env(PREV_NETLIST)\).*/\1 0/} /content/wrapped_hsv_mixer/runs/RUN_2022.06.08_16.33.07/config.tcl"

Wed Jun 08 16:33:22 UTC 2022 - Executing "sed -i /defparam/d /content/wrapped_hsv_mixer/runs/RUN_2022.06.08_16.33.07/results/synthesis/wrapped_hsv_mixer.v"

Wed Jun 08 16:33:22 UTC 2022 - Executing "openroad -exit /content/OpenLane/scripts/openroad/sta.tcl |& tee /dev/null /content/wrapped_hsv_mixer/runs/RUN_2022.06.08_16.33.07/logs/synthesis/2-sta.log"

Wed Jun 08 16:33:24 UTC 2022 - Executing "openroad -exit /content/OpenLane/scripts/openroad/floorplan.tcl |& tee /dev/null /content/wrapped_hsv_mixer/runs/RUN_2022.06.08_16.33.07/logs/floorplan/3-initial_fp.log"

Wed Jun 08 16:33:25 UTC 2022 - Executing "openroad -python /content/OpenLane/scripts/odbpy/defutil.py extract_core_dims --output-data /content/wrapped_hsv_mixer/runs/RUN_2022.06.08_16.33.07/tmp/dimensions.txt --input-lef /content/wrapped_hsv_mixer/runs/RUN_2022.06.08_16.33.07/tmp/merged.nom.lef /content/wrapped_hsv_mixer/runs/RUN_2022.06.08_16.33.07/tmp/floorplan/3-initial_fp.def"

Wed Jun 08 16:33:25 UTC 2022 - Executing "openroad -exit /content/OpenLane/scripts/openroad/ioplacer.tcl |& tee /dev/null /content/wrapped_hsv_mixer/runs/RUN_2022.06.08_16.33.07/logs/floorplan/4-io.log"

Wed Jun 08 16:33:25 UTC 2022 - Executing "openroad -exit /content/OpenLane/scripts/openroad/tapcell.tcl |& tee /dev/null /content/wrapped_hsv_mixer/runs/RUN_2022.06.08_16.33.07/logs/floorplan/5-tap.log"

Wed Jun 08 16:33:26 UTC 2022 - Executing "openroad -exit /content/OpenLane/scripts/openroad/pdn.tcl |& tee /dev/null /content/wrapped_hsv_mixer/runs/RUN_2022.06.08_16.33.07/logs/floorplan/6-pdn.log"

Wed Jun 08 16:33:27 UTC 2022 - Executing "openroad -exit /content/OpenLane/scripts/openroad/replace.tcl |& tee /dev/null /content/wrapped_hsv_mixer/runs/RUN_2022.06.08_16.33.07/logs/placement/7-global.log"

Wed Jun 08 16:33:41 UTC 2022 - Executing "openroad -exit /content/OpenLane/scripts/openroad/resizer.tcl |& tee /dev/null /content/wrapped_hsv_mixer/runs/RUN_2022.06.08_16.33.07/logs/placement/8-resizer.log"

Wed Jun 08 16:33:44 UTC 2022 - Executing "openroad -exit /content/OpenLane/scripts/openroad/write_verilog.tcl |& tee /dev/null /content/wrapped_hsv_mixer/runs/RUN_2022.06.08_16.33.07/logs/placement/9-write_verilog.log"

Wed Jun 08 16:33:45 UTC 2022 - Executing "sed -i -e {s/\(set ::env(CURRENT_NETLIST)\).*/\1 \/content\/wrapped_hsv_mixer\/runs\/RUN_2022.06.08_16.33.07\/results\/placement\/wrapped_hsv_mixer.resized.v/} /content/wrapped_hsv_mixer/runs/RUN_2022.06.08_16.33.07/config.tcl"

Wed Jun 08 16:33:45 UTC 2022 - Executing "sed -i -e {s/\(set ::env(PREV_NETLIST)\).*/\1 \/content\/wrapped_hsv_mixer\/runs\/RUN_2022.06.08_16.33.07\/results\/synthesis\/wrapped_hsv_mixer.v/} /content/wrapped_hsv_mixer/runs/RUN_2022.06.08_16.33.07/config.tcl"

Wed Jun 08 16:33:45 UTC 2022 - Executing "openroad -exit /content/OpenLane/scripts/openroad/opendp.tcl |& tee /dev/null /content/wrapped_hsv_mixer/runs/RUN_2022.06.08_16.33.07/logs/placement/10-detailed.log"

Wed Jun 08 16:33:45 UTC 2022 - Executing "openroad -python /content/OpenLane/scripts/libtrim.py --cell-file /content/wrapped_hsv_mixer/runs/RUN_2022.06.08_16.33.07/tmp/cts/cts.lib.exclude.list --output /content/wrapped_hsv_mixer/runs/RUN_2022.06.08_16.33.07/tmp/cts/cts.lib /content/conda-env/share/pdk/sky130A/libs.ref/sky130_fd_sc_hd/lib/sky130_fd_sc_hd__tt_025C_1v80.lib"

Wed Jun 08 16:33:46 UTC 2022 - Executing "openroad -exit /content/OpenLane/scripts/openroad/cts.tcl |& tee /dev/null /content/wrapped_hsv_mixer/runs/RUN_2022.06.08_16.33.07/logs/cts/11-cts.log"

Wed Jun 08 16:34:36 UTC 2022 - Executing "openroad -exit /content/OpenLane/scripts/openroad/write_verilog.tcl |& tee /dev/null /content/wrapped_hsv_mixer/runs/RUN_2022.06.08_16.33.07/logs/cts/12-write_verilog.log"

Wed Jun 08 16:34:37 UTC 2022 - Executing "sed -i -e {s/\(set ::env(CURRENT_NETLIST)\).*/\1 \/content\/wrapped_hsv_mixer\/runs\/RUN_2022.06.08_16.33.07\/results\/cts\/wrapped_hsv_mixer.v/} /content/wrapped_hsv_mixer/runs/RUN_2022.06.08_16.33.07/config.tcl"

Wed Jun 08 16:34:37 UTC 2022 - Executing "sed -i -e {s/\(set ::env(PREV_NETLIST)\).*/\1 \/content\/wrapped_hsv_mixer\/runs\/RUN_2022.06.08_16.33.07\/results\/placement\/wrapped_hsv_mixer.resized.v/} /content/wrapped_hsv_mixer/runs/RUN_2022.06.08_16.33.07/config.tcl"

Wed Jun 08 16:34:37 UTC 2022 - Executing "openroad -exit /content/OpenLane/scripts/openroad/resizer_timing.tcl |& tee /dev/null /content/wrapped_hsv_mixer/runs/RUN_2022.06.08_16.33.07/logs/cts/13-resizer.log"

Wed Jun 08 16:34:39 UTC 2022 - Executing "openroad -exit /content/OpenLane/scripts/openroad/write_verilog.tcl |& tee /dev/null /content/wrapped_hsv_mixer/runs/RUN_2022.06.08_16.33.07/logs/cts/14-write_verilog.log"

Wed Jun 08 16:34:39 UTC 2022 - Executing "sed -i -e {s/\(set ::env(CURRENT_NETLIST)\).*/\1 \/content\/wrapped_hsv_mixer\/runs\/RUN_2022.06.08_16.33.07\/results\/cts\/wrapped_hsv_mixer.resized.v/} /content/wrapped_hsv_mixer/runs/RUN_2022.06.08_16.33.07/config.tcl"

Wed Jun 08 16:34:39 UTC 2022 - Executing "sed -i -e {s/\(set ::env(PREV_NETLIST)\).*/\1 \/content\/wrapped_hsv_mixer\/runs\/RUN_2022.06.08_16.33.07\/results\/cts\/wrapped_hsv_mixer.v/} /content/wrapped_hsv_mixer/runs/RUN_2022.06.08_16.33.07/config.tcl"

Wed Jun 08 16:34:39 UTC 2022 - Executing "openroad -exit /content/OpenLane/scripts/openroad/resizer_routing_timing.tcl |& tee /dev/null /content/wrapped_hsv_mixer/runs/RUN_2022.06.08_16.33.07/logs/routing/15-resizer.log"

Wed Jun 08 16:34:42 UTC 2022 - Executing "openroad -exit /content/OpenLane/scripts/openroad/write_verilog.tcl |& tee /dev/null /content/wrapped_hsv_mixer/runs/RUN_2022.06.08_16.33.07/logs/routing/16-write_verilog.log"

Wed Jun 08 16:34:42 UTC 2022 - Executing "sed -i -e {s/\(set ::env(CURRENT_NETLIST)\).*/\1 \/content\/wrapped_hsv_mixer\/runs\/RUN_2022.06.08_16.33.07\/results\/routing\/wrapped_hsv_mixer.resized.v/} /content/wrapped_hsv_mixer/runs/RUN_2022.06.08_16.33.07/config.tcl"

Wed Jun 08 16:34:42 UTC 2022 - Executing "sed -i -e {s/\(set ::env(PREV_NETLIST)\).*/\1 \/content\/wrapped_hsv_mixer\/runs\/RUN_2022.06.08_16.33.07\/results\/cts\/wrapped_hsv_mixer.resized.v/} /content/wrapped_hsv_mixer/runs/RUN_2022.06.08_16.33.07/config.tcl"

Wed Jun 08 16:34:42 UTC 2022 - Executing "openroad -python /content/OpenLane/scripts/odbpy/diodes.py place --output /content/wrapped_hsv_mixer/runs/RUN_2022.06.08_16.33.07/tmp/routing/17-diodes.def --input-lef /content/wrapped_hsv_mixer/runs/RUN_2022.06.08_16.33.07/tmp/merged.nom.lef --diode-cell sky130_fd_sc_hd__diode_2 --diode-pin DIODE --fake-diode-cell sky130_fd_sc_hd__diode_2 /content/wrapped_hsv_mixer/runs/RUN_2022.06.08_16.33.07/tmp/routing/15-resizer_timing.def |& tee /dev/null /content/wrapped_hsv_mixer/runs/RUN_2022.06.08_16.33.07/logs/routing/17-diodes.log"

Wed Jun 08 16:34:43 UTC 2022 - Executing "openroad -exit /content/OpenLane/scripts/openroad/opendp.tcl |& tee /dev/null /content/wrapped_hsv_mixer/runs/RUN_2022.06.08_16.33.07/logs/routing/18-diode_legalization.log"

Wed Jun 08 16:34:44 UTC 2022 - Executing "openroad -exit /content/OpenLane/scripts/openroad/write_verilog.tcl |& tee /dev/null /content/wrapped_hsv_mixer/runs/RUN_2022.06.08_16.33.07/logs/routing/19-write_verilog.with_diodes.log"

Wed Jun 08 16:34:44 UTC 2022 - Executing "sed -i -e {s/\(set ::env(CURRENT_NETLIST)\).*/\1 \/content\/wrapped_hsv_mixer\/runs\/RUN_2022.06.08_16.33.07\/results\/synthesis\/wrapped_hsv_mixer_diodes.v/} /content/wrapped_hsv_mixer/runs/RUN_2022.06.08_16.33.07/config.tcl"

Wed Jun 08 16:34:44 UTC 2022 - Executing "sed -i -e {s/\(set ::env(PREV_NETLIST)\).*/\1 \/content\/wrapped_hsv_mixer\/runs\/RUN_2022.06.08_16.33.07\/results\/routing\/wrapped_hsv_mixer.resized.v/} /content/wrapped_hsv_mixer/runs/RUN_2022.06.08_16.33.07/config.tcl"

Wed Jun 08 16:34:44 UTC 2022 - Executing "openroad -exit /content/OpenLane/scripts/openroad/fill.tcl |& tee /dev/null /content/wrapped_hsv_mixer/runs/RUN_2022.06.08_16.33.07/logs/routing/20-fill.log"

Wed Jun 08 16:34:45 UTC 2022 - Executing "openroad -exit /content/OpenLane/scripts/openroad/groute.tcl |& tee /dev/null /content/wrapped_hsv_mixer/runs/RUN_2022.06.08_16.33.07/logs/routing/21-global.log"

Wed Jun 08 16:34:47 UTC 2022 - Executing "openroad -exit /content/OpenLane/scripts/openroad/write_verilog.tcl |& tee /dev/null /content/wrapped_hsv_mixer/runs/RUN_2022.06.08_16.33.07/logs/routing/22-write_verilog_global.log"

Wed Jun 08 16:34:47 UTC 2022 - Executing "sed -i -e {s/\(set ::env(CURRENT_NETLIST)\).*/\1 \/content\/wrapped_hsv_mixer\/runs\/RUN_2022.06.08_16.33.07\/tmp\/routing\/21-global.v/} /content/wrapped_hsv_mixer/runs/RUN_2022.06.08_16.33.07/config.tcl"

Wed Jun 08 16:34:47 UTC 2022 - Executing "sed -i -e {s/\(set ::env(PREV_NETLIST)\).*/\1 \/content\/wrapped_hsv_mixer\/runs\/RUN_2022.06.08_16.33.07\/results\/synthesis\/wrapped_hsv_mixer_diodes.v/} /content/wrapped_hsv_mixer/runs/RUN_2022.06.08_16.33.07/config.tcl"

Wed Jun 08 16:34:47 UTC 2022 - Executing "openroad -exit /content/OpenLane/scripts/openroad/droute.tcl |& tee /dev/null /content/wrapped_hsv_mixer/runs/RUN_2022.06.08_16.33.07/logs/routing/23-detailed.log"

Wed Jun 08 16:37:48 UTC 2022 - Executing "openroad -python /content/OpenLane/scripts/drc_rosetta.py tr to_klayout -o /content/wrapped_hsv_mixer/runs/RUN_2022.06.08_16.33.07/reports/routing/detailed.klayout.xml --design-name wrapped_hsv_mixer /content/wrapped_hsv_mixer/runs/RUN_2022.06.08_16.33.07/reports/routing/detailed.drc"

Wed Jun 08 16:37:48 UTC 2022 - Executing "openroad -exit /content/OpenLane/scripts/openroad/write_verilog.tcl |& tee /dev/null /content/wrapped_hsv_mixer/runs/RUN_2022.06.08_16.33.07/logs/routing/24-write_verilog_detailed.log"

Wed Jun 08 16:37:49 UTC 2022 - Executing "sed -i -e {s/\(set ::env(CURRENT_NETLIST)\).*/\1 \/content\/wrapped_hsv_mixer\/runs\/RUN_2022.06.08_16.33.07\/tmp\/routing\/23-detailed.v/} /content/wrapped_hsv_mixer/runs/RUN_2022.06.08_16.33.07/config.tcl"

Wed Jun 08 16:37:49 UTC 2022 - Executing "sed -i -e {s/\(set ::env(PREV_NETLIST)\).*/\1 \/content\/wrapped_hsv_mixer\/runs\/RUN_2022.06.08_16.33.07\/tmp\/routing\/21-global.v/} /content/wrapped_hsv_mixer/runs/RUN_2022.06.08_16.33.07/config.tcl"

Wed Jun 08 16:37:49 UTC 2022 - Executing "openroad -exit /content/OpenLane/scripts/openroad/rcx.tcl |& tee /dev/null /content/wrapped_hsv_mixer/runs/RUN_2022.06.08_16.33.07/logs/signoff/25-parasitics_extraction.min.log"

Wed Jun 08 16:37:51 UTC 2022 - Executing "openroad -exit /content/OpenLane/scripts/openroad/sta_multi_corner.tcl |& tee /dev/null /content/wrapped_hsv_mixer/runs/RUN_2022.06.08_16.33.07/logs/signoff/26-parasitics_multi_corner_sta.min.log"

Wed Jun 08 16:37:57 UTC 2022 - Executing "openroad -exit /content/OpenLane/scripts/openroad/rcx.tcl |& tee /dev/null /content/wrapped_hsv_mixer/runs/RUN_2022.06.08_16.33.07/logs/signoff/27-parasitics_extraction.max.log"

Wed Jun 08 16:37:59 UTC 2022 - Executing "openroad -exit /content/OpenLane/scripts/openroad/sta_multi_corner.tcl |& tee /dev/null /content/wrapped_hsv_mixer/runs/RUN_2022.06.08_16.33.07/logs/signoff/28-parasitics_multi_corner_sta.max.log"

Wed Jun 08 16:38:05 UTC 2022 - Executing "openroad -exit /content/OpenLane/scripts/openroad/rcx.tcl |& tee /dev/null /content/wrapped_hsv_mixer/runs/RUN_2022.06.08_16.33.07/logs/signoff/29-parasitics_extraction.nom.log"

Wed Jun 08 16:38:07 UTC 2022 - Executing "openroad -exit /content/OpenLane/scripts/openroad/sta.tcl |& tee /dev/null /content/wrapped_hsv_mixer/runs/RUN_2022.06.08_16.33.07/logs/signoff/30-parasitics_sta.log"

Wed Jun 08 16:38:10 UTC 2022 - Executing "openroad -exit /content/OpenLane/scripts/openroad/sta_multi_corner.tcl |& tee /dev/null /content/wrapped_hsv_mixer/runs/RUN_2022.06.08_16.33.07/logs/signoff/31-parasitics_multi_corner_sta.log"

Wed Jun 08 16:38:16 UTC 2022 - Executing "magic -noconsole -dnull -rcfile /content/conda-env/share/pdk/sky130A/libs.tech/magic/sky130A.magicrc /content/OpenLane/scripts/magic/mag_gds.tcl </dev/null |& tee /dev/null /content/wrapped_hsv_mixer/runs/RUN_2022.06.08_16.33.07/logs/signoff/32-gdsii.log"

Wed Jun 08 16:38:18 UTC 2022 - Executing "magic -noconsole -dnull -rcfile /content/conda-env/share/pdk/sky130A/libs.tech/magic/sky130A.magicrc /content/OpenLane/scripts/magic/gds_pointers.tcl </dev/null |& tee /dev/null /content/wrapped_hsv_mixer/runs/RUN_2022.06.08_16.33.07/logs/signoff/32-gds_ptrs.log"

Wed Jun 08 16:38:20 UTC 2022 - Executing "sed -i -n {/^<< properties >>/,/^<< end >>/p} /content/wrapped_hsv_mixer/runs/RUN_2022.06.08_16.33.07/tmp/signoff/gds_ptrs.mag"

Wed Jun 08 16:38:20 UTC 2022 - Executing "magic -noconsole -dnull -rcfile /content/conda-env/share/pdk/sky130A/libs.tech/magic/sky130A.magicrc /content/OpenLane/scripts/magic/lef.tcl </dev/null |& tee /dev/null /content/wrapped_hsv_mixer/runs/RUN_2022.06.08_16.33.07/logs/signoff/32-lef.log"

Wed Jun 08 16:38:22 UTC 2022 - Executing "magic -noconsole -dnull -rcfile /content/conda-env/share/pdk/sky130A/libs.tech/magic/sky130A.magicrc /content/OpenLane/scripts/magic/maglef.tcl </dev/null |& tee /dev/null /content/wrapped_hsv_mixer/runs/RUN_2022.06.08_16.33.07/logs/signoff/32-maglef.log"

Wed Jun 08 16:38:23 UTC 2022 - Executing "magic -noconsole -dnull -rcfile /content/conda-env/share/pdk/sky130A/libs.tech/magic/sky130A.magicrc /content/OpenLane/scripts/magic/extract_spice.tcl </dev/null |& tee /dev/null /content/wrapped_hsv_mixer/runs/RUN_2022.06.08_16.33.07/logs/signoff/33-spice.log"

Wed Jun 08 16:38:30 UTC 2022 - Executing "openroad -python /content/OpenLane/scripts/odbpy/power_utils.py write_powered_def --input-lef /content/wrapped_hsv_mixer/runs/RUN_2022.06.08_16.33.07/tmp/merged.nom.lef --power-port vccd1 --ground-port vssd1 --powered-netlist {} --output /content/wrapped_hsv_mixer/runs/RUN_2022.06.08_16.33.07/tmp/signoff/33-powered_def.def /content/wrapped_hsv_mixer/runs/RUN_2022.06.08_16.33.07/results/routing/wrapped_hsv_mixer.def |& tee /dev/null /content/wrapped_hsv_mixer/runs/RUN_2022.06.08_16.33.07/logs/signoff/34-write_powered_def.log"

Wed Jun 08 16:38:31 UTC 2022 - Executing "openroad -exit /content/OpenLane/scripts/openroad/write_verilog.tcl |& tee /dev/null /dev/null"

Wed Jun 08 16:38:31 UTC 2022 - Executing "sed -i -e {s/\(set ::env(CURRENT_NETLIST)\).*/\1 \/content\/wrapped_hsv_mixer\/runs\/RUN_2022.06.08_16.33.07\/tmp\/signoff\/33-powered_netlist.v/} /content/wrapped_hsv_mixer/runs/RUN_2022.06.08_16.33.07/config.tcl"

Wed Jun 08 16:38:31 UTC 2022 - Executing "sed -i -e {s/\(set ::env(PREV_NETLIST)\).*/\1 \/content\/wrapped_hsv_mixer\/runs\/RUN_2022.06.08_16.33.07\/tmp\/routing\/23-detailed.v/} /content/wrapped_hsv_mixer/runs/RUN_2022.06.08_16.33.07/config.tcl"

Wed Jun 08 16:38:31 UTC 2022 - Executing "netgen -batch source /content/wrapped_hsv_mixer/runs/RUN_2022.06.08_16.33.07/tmp/signoff/36-setup_file.lef.lvs |& tee /dev/null /content/wrapped_hsv_mixer/runs/RUN_2022.06.08_16.33.07/logs/signoff/36-lef.log"

Wed Jun 08 16:38:33 UTC 2022 - Executing "magic -noconsole -dnull -rcfile /content/conda-env/share/pdk/sky130A/libs.tech/magic/sky130A.magicrc /content/OpenLane/scripts/magic/drc.tcl </dev/null |& tee /dev/null /content/wrapped_hsv_mixer/runs/RUN_2022.06.08_16.33.07/logs/signoff/37-drc.log"

Wed Jun 08 16:39:10 UTC 2022 - Executing "openroad -python /content/OpenLane/scripts/drc_rosetta.py magic to_tcl -o /content/wrapped_hsv_mixer/runs/RUN_2022.06.08_16.33.07/reports/signoff/drc.tcl /content/wrapped_hsv_mixer/runs/RUN_2022.06.08_16.33.07/reports/signoff/drc.rpt"

Wed Jun 08 16:39:10 UTC 2022 - Executing "openroad -python /content/OpenLane/scripts/drc_rosetta.py magic to_tr -o /content/wrapped_hsv_mixer/runs/RUN_2022.06.08_16.33.07/reports/signoff/drc.tr /content/wrapped_hsv_mixer/runs/RUN_2022.06.08_16.33.07/reports/signoff/drc.rpt"

Wed Jun 08 16:39:11 UTC 2022 - Executing "openroad -python /content/OpenLane/scripts/drc_rosetta.py tr to_klayout -o /content/wrapped_hsv_mixer/runs/RUN_2022.06.08_16.33.07/reports/signoff/drc.klayout.xml --design-name wrapped_hsv_mixer /content/wrapped_hsv_mixer/runs/RUN_2022.06.08_16.33.07/reports/signoff/drc.tr"

Wed Jun 08 16:39:12 UTC 2022 - Executing "openroad -python /content/OpenLane/scripts/drc_rosetta.py magic to_tr -o /content/wrapped_hsv_mixer/runs/RUN_2022.06.08_16.33.07/reports/signoff/drc.rdb /content/wrapped_hsv_mixer/runs/RUN_2022.06.08_16.33.07/reports/signoff/drc.rpt"

Wed Jun 08 16:39:13 UTC 2022 - Executing "openroad -exit /content/OpenLane/scripts/openroad/antenna_check.tcl |& tee /dev/null /content/wrapped_hsv_mixer/runs/RUN_2022.06.08_16.33.07/logs/signoff/38-antenna.log"

Wed Jun 08 16:39:15 UTC 2022 - Executing "openroad -python /content/OpenLane/scripts/generate_reports.py -d /content/wrapped_hsv_mixer --design_name wrapped_hsv_mixer --tag RUN_2022.06.08_16.33.07 --output_file /content/wrapped_hsv_mixer/runs/RUN_2022.06.08_16.33.07/reports/metrics.csv --man_report /content/wrapped_hsv_mixer/runs/RUN_2022.06.08_16.33.07/reports/manufacturability.rpt --run_path /content/wrapped_hsv_mixer/runs/RUN_2022.06.08_16.33.07"

