[INFO]: Current run directory is /content/wrapped_hsv_mixer/runs/RUN_2022.06.08_16.33.07
[INFO]: Preparing LEF files for the nom corner...
[INFO]: Preparing LEF files for the min corner...
[INFO]: Preparing LEF files for the max corner...
[INFO]: Running Synthesis...
[INFO]: Running Single-Corner Static Timing Analysis...
[INFO]: Running Initial Floorplanning...
[INFO]: Extracting core dimensions...
[INFO]: Set CORE_WIDTH to 320.62, CORE_HEIGHT to 318.24.
[INFO]: Running IO Placement...
[INFO]: Running Tap/Decap Insertion...
[INFO]: Power planning with power {vccd1} and ground {vssd1}...
[INFO]: Generating PDN...
[INFO]: Running Global Placement...
[INFO]: Running Placement Resizer Design Optimizations...
[INFO]: Writing Verilog...
[INFO]: Running Detailed Placement...
[INFO]: Running Clock Tree Synthesis...
[INFO]: Writing Verilog...
[INFO]: Running Placement Resizer Timing Optimizations...
[INFO]: Writing Verilog...
[INFO]: Routing...
[INFO]: Running Global Routing Resizer Timing Optimizations...
[INFO]: Writing Verilog...
[INFO]: Running Diode Insertion...
[INFO]: Running Detailed Placement...
[INFO]: Writing Verilog...
[INFO]: Running Fill Insertion...
[INFO]: Running Global Routing...
[INFO]: Writing Verilog...
[INFO]: Running Detailed Routing...
[INFO]: No DRC violations after detailed routing.
[INFO]: Writing Verilog...
[INFO]: Running parasitics-based static timing analysis...
[INFO]: Running SPEF Extraction at the min process corner...
[INFO]: Running Multi-Corner Static Timing Analysis at the min process corner...
[INFO]: Running SPEF Extraction at the max process corner...
[INFO]: Running Multi-Corner Static Timing Analysis at the max process corner...
[INFO]: Running SPEF Extraction at the nom process corner...
[INFO]: Running Single-Corner Static Timing Analysis at the nom process corner...
[INFO]: Running Multi-Corner Static Timing Analysis at the nom process corner...
[INFO]: Running Magic to generate various views...
[INFO]: Streaming out GDS-II with Magic...
[INFO]: Generating MAGLEF views...
[INFO]: Running Magic Spice Export from LEF...
[INFO]: Writing Powered Verilog...
[INFO]: Writing Verilog...
[INFO]: Running LEF LVS...
[INFO]: Running Magic DRC...
[INFO]: Converting Magic DRC Violations to Magic Readable Format...
[INFO]: Converting Magic DRC Violations to Klayout XML Database...
[INFO]: No DRC violations after GDS streaming out.
[INFO]: Running Antenna Checks...
[INFO]: Running OpenROAD Antenna Rule Checker...
[INFO]: Skipping CVC...
[INFO]: Saving final set of views in '/content/wrapped_hsv_mixer/runs/RUN_2022.06.08_16.33.07/results/final'...
[INFO]: Saving runtime environment...
[INFO]: Generating final set of reports...
[INFO]: Created manufacturability report at 'wrapped_hsv_mixer/runs/RUN_2022.06.08_16.33.07/reports/manufacturability.rpt'.
[INFO]: Created metrics report at 'wrapped_hsv_mixer/runs/RUN_2022.06.08_16.33.07/reports/metrics.csv'.
[WARNING]: There are max slew violations in the design at the typical corner. Please refer to 'wrapped_hsv_mixer/runs/RUN_2022.06.08_16.33.07/reports/signoff/30-rcx_sta.slew.rpt'.
[INFO]: There are no hold violations in the design at the typical corner.
[INFO]: There are no setup violations in the design at the typical corner.
[SUCCESS]: Flow complete.
[INFO]: Note that the following warnings have been generated:
