OpenROAD 0b8b7ae255f8fbbbefa57d443949b84e73eed757 
This program is licensed under the BSD-3 license. See the LICENSE file for details.
Components of this program may be licensed under more restrictive licenses which must be honored.
[INFO ODB-0222] Reading LEF file: /content/wrapped_hsv_mixer/runs/RUN_2022.06.08_16.33.07/tmp/merged.nom.lef
[INFO ODB-0223]     Created 13 technology layers
[INFO ODB-0224]     Created 25 technology vias
[INFO ODB-0225]     Created 441 library cells
[INFO ODB-0226] Finished LEF file:  /content/wrapped_hsv_mixer/runs/RUN_2022.06.08_16.33.07/tmp/merged.nom.lef
if {[info exists ::env(CLOCK_PORT)] && $::env(CLOCK_PORT) != ""} { 
    create_clock [get_ports $::env(CLOCK_PORT)]  -name $::env(CLOCK_PORT)  -period $::env(CLOCK_PERIOD)
} else {
    create_clock -name __VIRTUAL_CLK__ -period $::env(CLOCK_PERIOD)
    set ::env(CLOCK_PORT) __VIRTUAL_CLK__
}
set input_delay_value [expr $::env(CLOCK_PERIOD) * $::env(IO_PCT)]
set output_delay_value [expr $::env(CLOCK_PERIOD) * $::env(IO_PCT)]
puts "\[INFO\]: Setting output delay to: $output_delay_value"
[INFO]: Setting output delay to: 4.0
puts "\[INFO\]: Setting input delay to: $input_delay_value"
[INFO]: Setting input delay to: 4.0
set_max_fanout $::env(SYNTH_MAX_FANOUT) [current_design]
set clk_indx [lsearch [all_inputs] [get_port $::env(CLOCK_PORT)]]
#set rst_indx [lsearch [all_inputs] [get_port resetn]]
set all_inputs_wo_clk [lreplace [all_inputs] $clk_indx $clk_indx]
#set all_inputs_wo_clk_rst [lreplace $all_inputs_wo_clk $rst_indx $rst_indx]
set all_inputs_wo_clk_rst $all_inputs_wo_clk
# correct resetn
set_input_delay $input_delay_value  -clock [get_clocks $::env(CLOCK_PORT)] $all_inputs_wo_clk_rst
#set_input_delay 0.0 -clock [get_clocks $::env(CLOCK_PORT)] {resetn}
set_output_delay $output_delay_value  -clock [get_clocks $::env(CLOCK_PORT)] [all_outputs]
# TODO set this as parameter
set_driving_cell -lib_cell $::env(SYNTH_DRIVING_CELL) -pin $::env(SYNTH_DRIVING_CELL_PIN) [all_inputs]
set cap_load [expr $::env(SYNTH_CAP_LOAD) / 1000.0]
puts "\[INFO\]: Setting load to: $cap_load"
[INFO]: Setting load to: 0.033442
set_load  $cap_load [all_outputs]
puts "\[INFO\]: Setting clock uncertainity to: $::env(SYNTH_CLOCK_UNCERTAINITY)"
[INFO]: Setting clock uncertainity to: 0.25
set_clock_uncertainty $::env(SYNTH_CLOCK_UNCERTAINITY) [get_clocks $::env(CLOCK_PORT)]
puts "\[INFO\]: Setting clock transition to: $::env(SYNTH_CLOCK_TRANSITION)"
[INFO]: Setting clock transition to: 0.15
set_clock_transition $::env(SYNTH_CLOCK_TRANSITION) [get_clocks $::env(CLOCK_PORT)]
puts "\[INFO\]: Setting timing derate to: [expr {$::env(SYNTH_TIMING_DERATE) * 10}] %"
[INFO]: Setting timing derate to: 0.5 %
set_timing_derate -early [expr {1-$::env(SYNTH_TIMING_DERATE)}]
set_timing_derate -late [expr {1+$::env(SYNTH_TIMING_DERATE)}]
min_report

===========================================================================
report_checks -path_delay min (Hold)
============================================================================
Startpoint: _6318_ (rising edge-triggered flip-flop clocked by wb_clk_i)
Endpoint: _6323_ (rising edge-triggered flip-flop clocked by wb_clk_i)
Path Group: wb_clk_i
Path Type: min

Fanout     Cap    Slew   Delay    Time   Description
-----------------------------------------------------------------------------
                  0.15    0.00    0.00   clock wb_clk_i (rise edge)
                          0.00    0.00   clock network delay (ideal)
                  0.15    0.00    0.00 ^ _6318_/CLK (sky130_fd_sc_hd__dfxtp_2)
                  0.04    0.34    0.34 ^ _6318_/Q (sky130_fd_sc_hd__dfxtp_2)
     3    0.01                           hsv_mixer0.debounce2_a.button_hist[3] (net)
                  0.05    0.00    0.34 ^ _6114_/A1 (sky130_fd_sc_hd__a31o_2)
                  0.03    0.12    0.46 ^ _6114_/X (sky130_fd_sc_hd__a31o_2)
     1    0.00                           _0049_ (net)
                  0.03    0.00    0.46 ^ _6323_/D (sky130_fd_sc_hd__dfxtp_2)
                                  0.46   data arrival time

                  0.15    0.00    0.00   clock wb_clk_i (rise edge)
                          0.00    0.00   clock network delay (ideal)
                          0.25    0.25   clock uncertainty
                          0.00    0.25   clock reconvergence pessimism
                                  0.25 ^ _6323_/CLK (sky130_fd_sc_hd__dfxtp_2)
                         -0.01    0.24   library hold time
                                  0.24   data required time
-----------------------------------------------------------------------------
                                  0.24   data required time
                                 -0.46   data arrival time
-----------------------------------------------------------------------------
                                  0.23   slack (MET)


Startpoint: _6380_ (rising edge-triggered flip-flop clocked by wb_clk_i)
Endpoint: _6380_ (rising edge-triggered flip-flop clocked by wb_clk_i)
Path Group: wb_clk_i
Path Type: min

Fanout     Cap    Slew   Delay    Time   Description
-----------------------------------------------------------------------------
                  0.15    0.00    0.00   clock wb_clk_i (rise edge)
                          0.00    0.00   clock network delay (ideal)
                  0.15    0.00    0.00 ^ _6380_/CLK (sky130_fd_sc_hd__dfxtp_2)
                  0.06    0.35    0.35 ^ _6380_/Q (sky130_fd_sc_hd__dfxtp_2)
     4    0.01                           hsv_mixer0.pwm0.count[4] (net)
                  0.06    0.00    0.35 ^ _6265_/A1 (sky130_fd_sc_hd__o21a_2)
                  0.03    0.11    0.46 ^ _6265_/X (sky130_fd_sc_hd__o21a_2)
     1    0.00                           _0106_ (net)
                  0.03    0.00    0.47 ^ _6380_/D (sky130_fd_sc_hd__dfxtp_2)
                                  0.47   data arrival time

                  0.15    0.00    0.00   clock wb_clk_i (rise edge)
                          0.00    0.00   clock network delay (ideal)
                          0.25    0.25   clock uncertainty
                          0.00    0.25   clock reconvergence pessimism
                                  0.25 ^ _6380_/CLK (sky130_fd_sc_hd__dfxtp_2)
                         -0.01    0.24   library hold time
                                  0.24   data required time
-----------------------------------------------------------------------------
                                  0.24   data required time
                                 -0.47   data arrival time
-----------------------------------------------------------------------------
                                  0.23   slack (MET)


Startpoint: _6366_ (rising edge-triggered flip-flop clocked by wb_clk_i)
Endpoint: _6366_ (rising edge-triggered flip-flop clocked by wb_clk_i)
Path Group: wb_clk_i
Path Type: min

Fanout     Cap    Slew   Delay    Time   Description
-----------------------------------------------------------------------------
                  0.15    0.00    0.00   clock wb_clk_i (rise edge)
                          0.00    0.00   clock network delay (ideal)
                  0.15    0.00    0.00 ^ _6366_/CLK (sky130_fd_sc_hd__dfxtp_2)
                  0.06    0.35    0.35 ^ _6366_/Q (sky130_fd_sc_hd__dfxtp_2)
     4    0.01                           hsv_mixer0.pwm2.count[6] (net)
                  0.06    0.00    0.35 ^ _6229_/A1 (sky130_fd_sc_hd__o21a_2)
                  0.03    0.11    0.46 ^ _6229_/X (sky130_fd_sc_hd__o21a_2)
     1    0.00                           _0092_ (net)
                  0.03    0.00    0.47 ^ _6366_/D (sky130_fd_sc_hd__dfxtp_2)
                                  0.47   data arrival time

                  0.15    0.00    0.00   clock wb_clk_i (rise edge)
                          0.00    0.00   clock network delay (ideal)
                          0.25    0.25   clock uncertainty
                          0.00    0.25   clock reconvergence pessimism
                                  0.25 ^ _6366_/CLK (sky130_fd_sc_hd__dfxtp_2)
                         -0.01    0.24   library hold time
                                  0.24   data required time
-----------------------------------------------------------------------------
                                  0.24   data required time
                                 -0.47   data arrival time
-----------------------------------------------------------------------------
                                  0.23   slack (MET)


Startpoint: _6374_ (rising edge-triggered flip-flop clocked by wb_clk_i)
Endpoint: _6374_ (rising edge-triggered flip-flop clocked by wb_clk_i)
Path Group: wb_clk_i
Path Type: min

Fanout     Cap    Slew   Delay    Time   Description
-----------------------------------------------------------------------------
                  0.15    0.00    0.00   clock wb_clk_i (rise edge)
                          0.00    0.00   clock network delay (ideal)
                  0.15    0.00    0.00 ^ _6374_/CLK (sky130_fd_sc_hd__dfxtp_2)
                  0.06    0.35    0.35 ^ _6374_/Q (sky130_fd_sc_hd__dfxtp_2)
     4    0.01                           hsv_mixer0.pwm1.count[6] (net)
                  0.06    0.00    0.35 ^ _6250_/A1 (sky130_fd_sc_hd__o21a_2)
                  0.03    0.11    0.46 ^ _6250_/X (sky130_fd_sc_hd__o21a_2)
     1    0.00                           _0100_ (net)
                  0.03    0.00    0.47 ^ _6374_/D (sky130_fd_sc_hd__dfxtp_2)
                                  0.47   data arrival time

                  0.15    0.00    0.00   clock wb_clk_i (rise edge)
                          0.00    0.00   clock network delay (ideal)
                          0.25    0.25   clock uncertainty
                          0.00    0.25   clock reconvergence pessimism
                                  0.25 ^ _6374_/CLK (sky130_fd_sc_hd__dfxtp_2)
                         -0.01    0.24   library hold time
                                  0.24   data required time
-----------------------------------------------------------------------------
                                  0.24   data required time
                                 -0.47   data arrival time
-----------------------------------------------------------------------------
                                  0.23   slack (MET)


Startpoint: _6382_ (rising edge-triggered flip-flop clocked by wb_clk_i)
Endpoint: _6382_ (rising edge-triggered flip-flop clocked by wb_clk_i)
Path Group: wb_clk_i
Path Type: min

Fanout     Cap    Slew   Delay    Time   Description
-----------------------------------------------------------------------------
                  0.15    0.00    0.00   clock wb_clk_i (rise edge)
                          0.00    0.00   clock network delay (ideal)
                  0.15    0.00    0.00 ^ _6382_/CLK (sky130_fd_sc_hd__dfxtp_2)
                  0.06    0.35    0.35 ^ _6382_/Q (sky130_fd_sc_hd__dfxtp_2)
     4    0.01                           hsv_mixer0.pwm0.count[6] (net)
                  0.06    0.00    0.35 ^ _6271_/A1 (sky130_fd_sc_hd__o21a_2)
                  0.03    0.11    0.46 ^ _6271_/X (sky130_fd_sc_hd__o21a_2)
     1    0.00                           _0108_ (net)
                  0.03    0.00    0.47 ^ _6382_/D (sky130_fd_sc_hd__dfxtp_2)
                                  0.47   data arrival time

                  0.15    0.00    0.00   clock wb_clk_i (rise edge)
                          0.00    0.00   clock network delay (ideal)
                          0.25    0.25   clock uncertainty
                          0.00    0.25   clock reconvergence pessimism
                                  0.25 ^ _6382_/CLK (sky130_fd_sc_hd__dfxtp_2)
                         -0.01    0.24   library hold time
                                  0.24   data required time
-----------------------------------------------------------------------------
                                  0.24   data required time
                                 -0.47   data arrival time
-----------------------------------------------------------------------------
                                  0.23   slack (MET)


min_report_end
max_report

===========================================================================
report_checks -path_delay max (Setup)
============================================================================
Startpoint: _6303_ (rising edge-triggered flip-flop clocked by wb_clk_i)
Endpoint: io_out[14] (output port clocked by wb_clk_i)
Path Group: wb_clk_i
Path Type: max

Fanout     Cap    Slew   Delay    Time   Description
-----------------------------------------------------------------------------
                  0.15    0.00    0.00   clock wb_clk_i (rise edge)
                          0.00    0.00   clock network delay (ideal)
                  0.15    0.00    0.00 ^ _6303_/CLK (sky130_fd_sc_hd__dfxtp_2)
                  0.04    0.38    0.38 v _6303_/Q (sky130_fd_sc_hd__dfxtp_2)
     5    0.01                           hsv_mixer0.enc0[9] (net)
                  0.04    0.00    0.38 v _3397_/A2 (sky130_fd_sc_hd__a2111o_2)
                  0.10    0.53    0.91 v _3397_/X (sky130_fd_sc_hd__a2111o_2)
     4    0.01                           _2526_ (net)
                  0.10    0.00    0.91 v _3418_/C (sky130_fd_sc_hd__or4_2)
                  0.14    0.72    1.64 v _3418_/X (sky130_fd_sc_hd__or4_2)
     4    0.01                           _2547_ (net)
                  0.14    0.00    1.64 v _3423_/A (sky130_fd_sc_hd__buf_1)
                  0.09    0.19    1.83 v _3423_/X (sky130_fd_sc_hd__buf_1)
     5    0.02                           _2552_ (net)
                  0.09    0.00    1.83 v _3428_/B (sky130_fd_sc_hd__or3_2)
                  0.11    0.54    2.38 v _3428_/X (sky130_fd_sc_hd__or3_2)
     5    0.01                           _2557_ (net)
                  0.11    0.00    2.38 v _3429_/C (sky130_fd_sc_hd__and3_2)
                  0.05    0.26    2.63 v _3429_/X (sky130_fd_sc_hd__and3_2)
     2    0.01                           _2558_ (net)
                  0.05    0.00    2.64 v _3433_/A (sky130_fd_sc_hd__and2_2)
                  0.05    0.18    2.82 v _3433_/X (sky130_fd_sc_hd__and2_2)
     2    0.01                           _2562_ (net)
                  0.05    0.01    2.83 v _3474_/A (sky130_fd_sc_hd__nor2_2)
                  0.15    0.16    2.99 ^ _3474_/Y (sky130_fd_sc_hd__nor2_2)
     3    0.01                           _2603_ (net)
                  0.15    0.01    3.00 ^ _3535_/B1 (sky130_fd_sc_hd__a21oi_2)
                  0.06    0.07    3.07 v _3535_/Y (sky130_fd_sc_hd__a21oi_2)
     3    0.01                           _2664_ (net)
                  0.06    0.00    3.07 v _3538_/B1 (sky130_fd_sc_hd__a211o_2)
                  0.06    0.33    3.40 v _3538_/X (sky130_fd_sc_hd__a211o_2)
     2    0.01                           _2667_ (net)
                  0.06    0.00    3.40 v _3543_/A (sky130_fd_sc_hd__and3_2)
                  0.06    0.21    3.61 v _3543_/X (sky130_fd_sc_hd__and3_2)
     3    0.01                           _2672_ (net)
                  0.06    0.00    3.61 v _3621_/A (sky130_fd_sc_hd__or3_2)
                  0.10    0.53    4.14 v _3621_/X (sky130_fd_sc_hd__or3_2)
     3    0.01                           _2750_ (net)
                  0.10    0.00    4.14 v _3625_/A1 (sky130_fd_sc_hd__a21o_2)
                  0.04    0.22    4.37 v _3625_/X (sky130_fd_sc_hd__a21o_2)
     2    0.01                           _2754_ (net)
                  0.05    0.00    4.37 v _3638_/A2 (sky130_fd_sc_hd__a21o_2)
                  0.06    0.24    4.61 v _3638_/X (sky130_fd_sc_hd__a21o_2)
     3    0.01                           _2767_ (net)
                  0.06    0.00    4.61 v _3639_/B_N (sky130_fd_sc_hd__nor2b_2)
                  0.08    0.19    4.80 v _3639_/Y (sky130_fd_sc_hd__nor2b_2)
     3    0.02                           _2768_ (net)
                  0.08    0.01    4.81 v _3675_/A (sky130_fd_sc_hd__xnor2_2)
                  0.12    0.17    4.99 ^ _3675_/Y (sky130_fd_sc_hd__xnor2_2)
     2    0.00                           _2804_ (net)
                  0.12    0.00    4.99 ^ _3676_/A (sky130_fd_sc_hd__buf_1)
                  0.18    0.20    5.19 ^ _3676_/X (sky130_fd_sc_hd__buf_1)
     5    0.01                           _2805_ (net)
                  0.18    0.00    5.19 ^ _4119_/C_N (sky130_fd_sc_hd__or3b_2)
                  0.09    0.50    5.69 v _4119_/X (sky130_fd_sc_hd__or3b_2)
     2    0.01                           _0384_ (net)
                  0.09    0.00    5.70 v _4122_/C (sky130_fd_sc_hd__and4_2)
                  0.06    0.27    5.96 v _4122_/X (sky130_fd_sc_hd__and4_2)
     3    0.01                           _0387_ (net)
                  0.06    0.00    5.97 v _4124_/B (sky130_fd_sc_hd__or3_2)
                  0.09    0.49    6.45 v _4124_/X (sky130_fd_sc_hd__or3_2)
     2    0.01                           _0389_ (net)
                  0.09    0.00    6.45 v _4145_/A (sky130_fd_sc_hd__and2_2)
                  0.06    0.22    6.67 v _4145_/X (sky130_fd_sc_hd__and2_2)
     3    0.01                           _0410_ (net)
                  0.06    0.01    6.68 v _4216_/B (sky130_fd_sc_hd__xnor2_2)
                  0.07    0.15    6.83 v _4216_/Y (sky130_fd_sc_hd__xnor2_2)
     1    0.01                           _0481_ (net)
                  0.08    0.02    6.85 v _4217_/A (sky130_fd_sc_hd__xnor2_2)
                  0.18    0.22    7.06 ^ _4217_/Y (sky130_fd_sc_hd__xnor2_2)
     2    0.01                           _0482_ (net)
                  0.18    0.01    7.07 ^ _4220_/B (sky130_fd_sc_hd__xnor2_2)
                  0.18    0.16    7.23 ^ _4220_/Y (sky130_fd_sc_hd__xnor2_2)
     2    0.01                           _0485_ (net)
                  0.18    0.00    7.23 ^ _4221_/B_N (sky130_fd_sc_hd__or2b_2)
                  0.05    0.32    7.55 v _4221_/X (sky130_fd_sc_hd__or2b_2)
     1    0.00                           _0486_ (net)
                  0.05    0.00    7.55 v _4222_/B (sky130_fd_sc_hd__and2_2)
                  0.06    0.22    7.78 v _4222_/X (sky130_fd_sc_hd__and2_2)
     2    0.01                           _0487_ (net)
                  0.06    0.01    7.79 v _4223_/B (sky130_fd_sc_hd__xor2_2)
                  0.26    0.25    8.04 ^ _4223_/X (sky130_fd_sc_hd__xor2_2)
     3    0.02                           _0488_ (net)
                  0.26    0.01    8.04 ^ _4473_/A1 (sky130_fd_sc_hd__a211oi_2)
                  0.10    0.14    8.19 v _4473_/Y (sky130_fd_sc_hd__a211oi_2)
     3    0.01                           _0738_ (net)
                  0.10    0.00    8.19 v _4502_/B (sky130_fd_sc_hd__or3_2)
                  0.11    0.53    8.72 v _4502_/X (sky130_fd_sc_hd__or3_2)
     3    0.01                           _0767_ (net)
                  0.11    0.00    8.72 v _4547_/A1 (sky130_fd_sc_hd__a21o_2)
                  0.06    0.24    8.97 v _4547_/X (sky130_fd_sc_hd__a21o_2)
     3    0.01                           _0812_ (net)
                  0.06    0.00    8.97 v _4548_/C (sky130_fd_sc_hd__and3_2)
                  0.03    0.21    9.18 v _4548_/X (sky130_fd_sc_hd__and3_2)
     1    0.00                           _0813_ (net)
                  0.03    0.00    9.18 v _4550_/A (sky130_fd_sc_hd__or2_2)
                  0.06    0.31    9.49 v _4550_/X (sky130_fd_sc_hd__or2_2)
     2    0.00                           _0815_ (net)
                  0.06    0.00    9.50 v _4601_/A1 (sky130_fd_sc_hd__o221a_2)
                  0.04    0.29    9.79 v _4601_/X (sky130_fd_sc_hd__o221a_2)
     1    0.00                           _0866_ (net)
                  0.04    0.00    9.79 v _4611_/A (sky130_fd_sc_hd__or4_2)
                  0.09    0.67   10.46 v _4611_/X (sky130_fd_sc_hd__or4_2)
     1    0.00                           _0876_ (net)
                  0.09    0.00   10.46 v _4612_/C (sky130_fd_sc_hd__or3_2)
                  0.08    0.43   10.90 v _4612_/X (sky130_fd_sc_hd__or3_2)
     1    0.00                           _0877_ (net)
                  0.08    0.00   10.90 v _4616_/A2 (sky130_fd_sc_hd__a31o_2)
                  0.04    0.25   11.15 v _4616_/X (sky130_fd_sc_hd__a31o_2)
     1    0.00                           _0881_ (net)
                  0.04    0.00   11.15 v _4620_/A2 (sky130_fd_sc_hd__a2111o_2)
                  0.07    0.49   11.65 v _4620_/X (sky130_fd_sc_hd__a2111o_2)
     2    0.01                           _0885_ (net)
                  0.07    0.00   11.65 v _4623_/A2 (sky130_fd_sc_hd__a21o_2)
                  0.06    0.26   11.91 v _4623_/X (sky130_fd_sc_hd__a21o_2)
     5    0.01                           _0888_ (net)
                  0.06    0.00   11.91 v _4625_/A2 (sky130_fd_sc_hd__a2111o_2)
                  0.10    0.54   12.45 v _4625_/X (sky130_fd_sc_hd__a2111o_2)
     3    0.01                           _0890_ (net)
                  0.10    0.00   12.45 v _4626_/C (sky130_fd_sc_hd__or3_2)
                  0.12    0.51   12.96 v _4626_/X (sky130_fd_sc_hd__or3_2)
     3    0.02                           _0891_ (net)
                  0.12    0.01   12.97 v _5702_/B (sky130_fd_sc_hd__xnor2_2)
                  0.08    0.18   13.15 v _5702_/Y (sky130_fd_sc_hd__xnor2_2)
     3    0.01                           _1967_ (net)
                  0.08    0.00   13.15 v _5821_/A2 (sky130_fd_sc_hd__o22a_2)
                  0.03    0.23   13.39 v _5821_/X (sky130_fd_sc_hd__o22a_2)
     1    0.00                           _2084_ (net)
                  0.03    0.00   13.39 v _5822_/B1 (sky130_fd_sc_hd__o2bb2a_2)
                  0.05    0.27   13.66 v _5822_/X (sky130_fd_sc_hd__o2bb2a_2)
     2    0.00                           _2085_ (net)
                  0.05    0.00   13.66 v _5848_/B1 (sky130_fd_sc_hd__a22o_2)
                  0.04    0.21   13.87 v _5848_/X (sky130_fd_sc_hd__a22o_2)
     1    0.00                           _2111_ (net)
                  0.04    0.00   13.88 v _5849_/B1 (sky130_fd_sc_hd__a21o_2)
                  0.04    0.19   14.07 v _5849_/X (sky130_fd_sc_hd__a21o_2)
     1    0.00                           _2112_ (net)
                  0.04    0.01   14.08 v _5850_/B2 (sky130_fd_sc_hd__a221oi_2)
                  0.16    0.22   14.30 ^ _5850_/Y (sky130_fd_sc_hd__a221oi_2)
     1    0.00                           hsv_mixer0.pwm0.out (net)
                  0.16    0.00   14.31 ^ _6536_/A (sky130_fd_sc_hd__ebufn_2)
                  0.44    0.41   14.71 ^ _6536_/Z (sky130_fd_sc_hd__ebufn_2)
     1    0.04                           io_out[14] (net)
                  0.44    0.00   14.71 ^ io_out[14] (out)
                                 14.71   data arrival time

                  0.15   20.00   20.00   clock wb_clk_i (rise edge)
                          0.00   20.00   clock network delay (ideal)
                         -0.25   19.75   clock uncertainty
                          0.00   19.75   clock reconvergence pessimism
                         -4.00   15.75   output external delay
                                 15.75   data required time
-----------------------------------------------------------------------------
                                 15.75   data required time
                                -14.71   data arrival time
-----------------------------------------------------------------------------
                                  1.04   slack (MET)


Startpoint: _6303_ (rising edge-triggered flip-flop clocked by wb_clk_i)
Endpoint: io_out[16] (output port clocked by wb_clk_i)
Path Group: wb_clk_i
Path Type: max

Fanout     Cap    Slew   Delay    Time   Description
-----------------------------------------------------------------------------
                  0.15    0.00    0.00   clock wb_clk_i (rise edge)
                          0.00    0.00   clock network delay (ideal)
                  0.15    0.00    0.00 ^ _6303_/CLK (sky130_fd_sc_hd__dfxtp_2)
                  0.04    0.38    0.38 v _6303_/Q (sky130_fd_sc_hd__dfxtp_2)
     5    0.01                           hsv_mixer0.enc0[9] (net)
                  0.04    0.00    0.38 v _3397_/A2 (sky130_fd_sc_hd__a2111o_2)
                  0.10    0.53    0.91 v _3397_/X (sky130_fd_sc_hd__a2111o_2)
     4    0.01                           _2526_ (net)
                  0.10    0.00    0.91 v _3418_/C (sky130_fd_sc_hd__or4_2)
                  0.14    0.72    1.64 v _3418_/X (sky130_fd_sc_hd__or4_2)
     4    0.01                           _2547_ (net)
                  0.14    0.00    1.64 v _3423_/A (sky130_fd_sc_hd__buf_1)
                  0.09    0.19    1.83 v _3423_/X (sky130_fd_sc_hd__buf_1)
     5    0.02                           _2552_ (net)
                  0.09    0.00    1.83 v _3428_/B (sky130_fd_sc_hd__or3_2)
                  0.11    0.54    2.38 v _3428_/X (sky130_fd_sc_hd__or3_2)
     5    0.01                           _2557_ (net)
                  0.11    0.00    2.38 v _3429_/C (sky130_fd_sc_hd__and3_2)
                  0.05    0.26    2.63 v _3429_/X (sky130_fd_sc_hd__and3_2)
     2    0.01                           _2558_ (net)
                  0.05    0.00    2.64 v _3433_/A (sky130_fd_sc_hd__and2_2)
                  0.05    0.18    2.82 v _3433_/X (sky130_fd_sc_hd__and2_2)
     2    0.01                           _2562_ (net)
                  0.05    0.01    2.83 v _3474_/A (sky130_fd_sc_hd__nor2_2)
                  0.15    0.16    2.99 ^ _3474_/Y (sky130_fd_sc_hd__nor2_2)
     3    0.01                           _2603_ (net)
                  0.15    0.01    3.00 ^ _3535_/B1 (sky130_fd_sc_hd__a21oi_2)
                  0.06    0.07    3.07 v _3535_/Y (sky130_fd_sc_hd__a21oi_2)
     3    0.01                           _2664_ (net)
                  0.06    0.00    3.07 v _3538_/B1 (sky130_fd_sc_hd__a211o_2)
                  0.06    0.33    3.40 v _3538_/X (sky130_fd_sc_hd__a211o_2)
     2    0.01                           _2667_ (net)
                  0.06    0.00    3.40 v _3543_/A (sky130_fd_sc_hd__and3_2)
                  0.06    0.21    3.61 v _3543_/X (sky130_fd_sc_hd__and3_2)
     3    0.01                           _2672_ (net)
                  0.06    0.00    3.61 v _3621_/A (sky130_fd_sc_hd__or3_2)
                  0.10    0.53    4.14 v _3621_/X (sky130_fd_sc_hd__or3_2)
     3    0.01                           _2750_ (net)
                  0.10    0.00    4.14 v _3625_/A1 (sky130_fd_sc_hd__a21o_2)
                  0.04    0.22    4.37 v _3625_/X (sky130_fd_sc_hd__a21o_2)
     2    0.01                           _2754_ (net)
                  0.05    0.00    4.37 v _3638_/A2 (sky130_fd_sc_hd__a21o_2)
                  0.06    0.24    4.61 v _3638_/X (sky130_fd_sc_hd__a21o_2)
     3    0.01                           _2767_ (net)
                  0.06    0.00    4.61 v _3639_/B_N (sky130_fd_sc_hd__nor2b_2)
                  0.08    0.19    4.80 v _3639_/Y (sky130_fd_sc_hd__nor2b_2)
     3    0.02                           _2768_ (net)
                  0.08    0.01    4.81 v _3675_/A (sky130_fd_sc_hd__xnor2_2)
                  0.12    0.17    4.99 ^ _3675_/Y (sky130_fd_sc_hd__xnor2_2)
     2    0.00                           _2804_ (net)
                  0.12    0.00    4.99 ^ _3676_/A (sky130_fd_sc_hd__buf_1)
                  0.18    0.20    5.19 ^ _3676_/X (sky130_fd_sc_hd__buf_1)
     5    0.01                           _2805_ (net)
                  0.18    0.00    5.19 ^ _4119_/C_N (sky130_fd_sc_hd__or3b_2)
                  0.09    0.50    5.69 v _4119_/X (sky130_fd_sc_hd__or3b_2)
     2    0.01                           _0384_ (net)
                  0.09    0.00    5.70 v _4122_/C (sky130_fd_sc_hd__and4_2)
                  0.06    0.27    5.96 v _4122_/X (sky130_fd_sc_hd__and4_2)
     3    0.01                           _0387_ (net)
                  0.06    0.00    5.97 v _4124_/B (sky130_fd_sc_hd__or3_2)
                  0.09    0.49    6.45 v _4124_/X (sky130_fd_sc_hd__or3_2)
     2    0.01                           _0389_ (net)
                  0.09    0.00    6.45 v _4145_/A (sky130_fd_sc_hd__and2_2)
                  0.06    0.22    6.67 v _4145_/X (sky130_fd_sc_hd__and2_2)
     3    0.01                           _0410_ (net)
                  0.06    0.01    6.68 v _4216_/B (sky130_fd_sc_hd__xnor2_2)
                  0.07    0.15    6.83 v _4216_/Y (sky130_fd_sc_hd__xnor2_2)
     1    0.01                           _0481_ (net)
                  0.08    0.02    6.85 v _4217_/A (sky130_fd_sc_hd__xnor2_2)
                  0.18    0.22    7.06 ^ _4217_/Y (sky130_fd_sc_hd__xnor2_2)
     2    0.01                           _0482_ (net)
                  0.18    0.01    7.07 ^ _4220_/B (sky130_fd_sc_hd__xnor2_2)
                  0.18    0.16    7.23 ^ _4220_/Y (sky130_fd_sc_hd__xnor2_2)
     2    0.01                           _0485_ (net)
                  0.18    0.00    7.23 ^ _4221_/B_N (sky130_fd_sc_hd__or2b_2)
                  0.05    0.32    7.55 v _4221_/X (sky130_fd_sc_hd__or2b_2)
     1    0.00                           _0486_ (net)
                  0.05    0.00    7.55 v _4222_/B (sky130_fd_sc_hd__and2_2)
                  0.06    0.22    7.78 v _4222_/X (sky130_fd_sc_hd__and2_2)
     2    0.01                           _0487_ (net)
                  0.06    0.01    7.79 v _4223_/B (sky130_fd_sc_hd__xor2_2)
                  0.26    0.25    8.04 ^ _4223_/X (sky130_fd_sc_hd__xor2_2)
     3    0.02                           _0488_ (net)
                  0.26    0.01    8.04 ^ _4473_/A1 (sky130_fd_sc_hd__a211oi_2)
                  0.10    0.14    8.19 v _4473_/Y (sky130_fd_sc_hd__a211oi_2)
     3    0.01                           _0738_ (net)
                  0.10    0.00    8.19 v _4502_/B (sky130_fd_sc_hd__or3_2)
                  0.11    0.53    8.72 v _4502_/X (sky130_fd_sc_hd__or3_2)
     3    0.01                           _0767_ (net)
                  0.11    0.00    8.72 v _4547_/A1 (sky130_fd_sc_hd__a21o_2)
                  0.06    0.24    8.97 v _4547_/X (sky130_fd_sc_hd__a21o_2)
     3    0.01                           _0812_ (net)
                  0.06    0.00    8.97 v _4548_/C (sky130_fd_sc_hd__and3_2)
                  0.03    0.21    9.18 v _4548_/X (sky130_fd_sc_hd__and3_2)
     1    0.00                           _0813_ (net)
                  0.03    0.00    9.18 v _4550_/A (sky130_fd_sc_hd__or2_2)
                  0.06    0.31    9.49 v _4550_/X (sky130_fd_sc_hd__or2_2)
     2    0.00                           _0815_ (net)
                  0.06    0.00    9.50 v _4601_/A1 (sky130_fd_sc_hd__o221a_2)
                  0.04    0.29    9.79 v _4601_/X (sky130_fd_sc_hd__o221a_2)
     1    0.00                           _0866_ (net)
                  0.04    0.00    9.79 v _4611_/A (sky130_fd_sc_hd__or4_2)
                  0.09    0.67   10.46 v _4611_/X (sky130_fd_sc_hd__or4_2)
     1    0.00                           _0876_ (net)
                  0.09    0.00   10.46 v _4612_/C (sky130_fd_sc_hd__or3_2)
                  0.08    0.43   10.90 v _4612_/X (sky130_fd_sc_hd__or3_2)
     1    0.00                           _0877_ (net)
                  0.08    0.00   10.90 v _4616_/A2 (sky130_fd_sc_hd__a31o_2)
                  0.04    0.25   11.15 v _4616_/X (sky130_fd_sc_hd__a31o_2)
     1    0.00                           _0881_ (net)
                  0.04    0.00   11.15 v _4620_/A2 (sky130_fd_sc_hd__a2111o_2)
                  0.07    0.49   11.65 v _4620_/X (sky130_fd_sc_hd__a2111o_2)
     2    0.01                           _0885_ (net)
                  0.07    0.00   11.65 v _4623_/A2 (sky130_fd_sc_hd__a21o_2)
                  0.06    0.26   11.91 v _4623_/X (sky130_fd_sc_hd__a21o_2)
     5    0.01                           _0888_ (net)
                  0.06    0.00   11.91 v _4625_/A2 (sky130_fd_sc_hd__a2111o_2)
                  0.10    0.54   12.45 v _4625_/X (sky130_fd_sc_hd__a2111o_2)
     3    0.01                           _0890_ (net)
                  0.10    0.00   12.45 v _4626_/C (sky130_fd_sc_hd__or3_2)
                  0.12    0.51   12.96 v _4626_/X (sky130_fd_sc_hd__or3_2)
     3    0.02                           _0891_ (net)
                  0.12    0.01   12.97 v _5702_/B (sky130_fd_sc_hd__xnor2_2)
                  0.08    0.18   13.15 v _5702_/Y (sky130_fd_sc_hd__xnor2_2)
     3    0.01                           _1967_ (net)
                  0.08    0.00   13.15 v _5705_/A2 (sky130_fd_sc_hd__o22a_2)
                  0.03    0.23   13.39 v _5705_/X (sky130_fd_sc_hd__o22a_2)
     1    0.00                           _1970_ (net)
                  0.03    0.00   13.39 v _5707_/B1 (sky130_fd_sc_hd__o2bb2a_2)
                  0.05    0.27   13.66 v _5707_/X (sky130_fd_sc_hd__o2bb2a_2)
     2    0.00                           _1972_ (net)
                  0.05    0.00   13.66 v _5763_/B1 (sky130_fd_sc_hd__a22o_2)
                  0.04    0.21   13.87 v _5763_/X (sky130_fd_sc_hd__a22o_2)
     1    0.00                           _2028_ (net)
                  0.04    0.00   13.88 v _5764_/B1 (sky130_fd_sc_hd__a21o_2)
                  0.04    0.19   14.07 v _5764_/X (sky130_fd_sc_hd__a21o_2)
     1    0.00                           _2029_ (net)
                  0.04    0.01   14.08 v _5768_/B2 (sky130_fd_sc_hd__a221oi_2)
                  0.16    0.22   14.30 ^ _5768_/Y (sky130_fd_sc_hd__a221oi_2)
     1    0.00                           hsv_mixer0.pwm2.out (net)
                  0.16    0.00   14.31 ^ _6538_/A (sky130_fd_sc_hd__ebufn_2)
                  0.44    0.41   14.71 ^ _6538_/Z (sky130_fd_sc_hd__ebufn_2)
     1    0.04                           io_out[16] (net)
                  0.44    0.00   14.71 ^ io_out[16] (out)
                                 14.71   data arrival time

                  0.15   20.00   20.00   clock wb_clk_i (rise edge)
                          0.00   20.00   clock network delay (ideal)
                         -0.25   19.75   clock uncertainty
                          0.00   19.75   clock reconvergence pessimism
                         -4.00   15.75   output external delay
                                 15.75   data required time
-----------------------------------------------------------------------------
                                 15.75   data required time
                                -14.71   data arrival time
-----------------------------------------------------------------------------
                                  1.04   slack (MET)


Startpoint: _6303_ (rising edge-triggered flip-flop clocked by wb_clk_i)
Endpoint: io_out[15] (output port clocked by wb_clk_i)
Path Group: wb_clk_i
Path Type: max

Fanout     Cap    Slew   Delay    Time   Description
-----------------------------------------------------------------------------
                  0.15    0.00    0.00   clock wb_clk_i (rise edge)
                          0.00    0.00   clock network delay (ideal)
                  0.15    0.00    0.00 ^ _6303_/CLK (sky130_fd_sc_hd__dfxtp_2)
                  0.04    0.38    0.38 v _6303_/Q (sky130_fd_sc_hd__dfxtp_2)
     5    0.01                           hsv_mixer0.enc0[9] (net)
                  0.04    0.00    0.38 v _3397_/A2 (sky130_fd_sc_hd__a2111o_2)
                  0.10    0.53    0.91 v _3397_/X (sky130_fd_sc_hd__a2111o_2)
     4    0.01                           _2526_ (net)
                  0.10    0.00    0.91 v _3418_/C (sky130_fd_sc_hd__or4_2)
                  0.14    0.72    1.64 v _3418_/X (sky130_fd_sc_hd__or4_2)
     4    0.01                           _2547_ (net)
                  0.14    0.00    1.64 v _3423_/A (sky130_fd_sc_hd__buf_1)
                  0.09    0.19    1.83 v _3423_/X (sky130_fd_sc_hd__buf_1)
     5    0.02                           _2552_ (net)
                  0.09    0.00    1.83 v _3428_/B (sky130_fd_sc_hd__or3_2)
                  0.11    0.54    2.38 v _3428_/X (sky130_fd_sc_hd__or3_2)
     5    0.01                           _2557_ (net)
                  0.11    0.00    2.38 v _3429_/C (sky130_fd_sc_hd__and3_2)
                  0.05    0.26    2.63 v _3429_/X (sky130_fd_sc_hd__and3_2)
     2    0.01                           _2558_ (net)
                  0.05    0.00    2.64 v _3433_/A (sky130_fd_sc_hd__and2_2)
                  0.05    0.18    2.82 v _3433_/X (sky130_fd_sc_hd__and2_2)
     2    0.01                           _2562_ (net)
                  0.05    0.01    2.83 v _3474_/A (sky130_fd_sc_hd__nor2_2)
                  0.15    0.16    2.99 ^ _3474_/Y (sky130_fd_sc_hd__nor2_2)
     3    0.01                           _2603_ (net)
                  0.15    0.01    3.00 ^ _3535_/B1 (sky130_fd_sc_hd__a21oi_2)
                  0.06    0.07    3.07 v _3535_/Y (sky130_fd_sc_hd__a21oi_2)
     3    0.01                           _2664_ (net)
                  0.06    0.00    3.07 v _3538_/B1 (sky130_fd_sc_hd__a211o_2)
                  0.06    0.33    3.40 v _3538_/X (sky130_fd_sc_hd__a211o_2)
     2    0.01                           _2667_ (net)
                  0.06    0.00    3.40 v _3543_/A (sky130_fd_sc_hd__and3_2)
                  0.06    0.21    3.61 v _3543_/X (sky130_fd_sc_hd__and3_2)
     3    0.01                           _2672_ (net)
                  0.06    0.00    3.61 v _3621_/A (sky130_fd_sc_hd__or3_2)
                  0.10    0.53    4.14 v _3621_/X (sky130_fd_sc_hd__or3_2)
     3    0.01                           _2750_ (net)
                  0.10    0.00    4.14 v _3625_/A1 (sky130_fd_sc_hd__a21o_2)
                  0.04    0.22    4.37 v _3625_/X (sky130_fd_sc_hd__a21o_2)
     2    0.01                           _2754_ (net)
                  0.05    0.00    4.37 v _3638_/A2 (sky130_fd_sc_hd__a21o_2)
                  0.06    0.24    4.61 v _3638_/X (sky130_fd_sc_hd__a21o_2)
     3    0.01                           _2767_ (net)
                  0.06    0.00    4.61 v _3639_/B_N (sky130_fd_sc_hd__nor2b_2)
                  0.08    0.19    4.80 v _3639_/Y (sky130_fd_sc_hd__nor2b_2)
     3    0.02                           _2768_ (net)
                  0.08    0.01    4.81 v _3675_/A (sky130_fd_sc_hd__xnor2_2)
                  0.12    0.17    4.99 ^ _3675_/Y (sky130_fd_sc_hd__xnor2_2)
     2    0.00                           _2804_ (net)
                  0.12    0.00    4.99 ^ _3676_/A (sky130_fd_sc_hd__buf_1)
                  0.18    0.20    5.19 ^ _3676_/X (sky130_fd_sc_hd__buf_1)
     5    0.01                           _2805_ (net)
                  0.18    0.00    5.19 ^ _4119_/C_N (sky130_fd_sc_hd__or3b_2)
                  0.09    0.50    5.69 v _4119_/X (sky130_fd_sc_hd__or3b_2)
     2    0.01                           _0384_ (net)
                  0.09    0.00    5.70 v _4122_/C (sky130_fd_sc_hd__and4_2)
                  0.06    0.27    5.96 v _4122_/X (sky130_fd_sc_hd__and4_2)
     3    0.01                           _0387_ (net)
                  0.06    0.00    5.97 v _4124_/B (sky130_fd_sc_hd__or3_2)
                  0.09    0.49    6.45 v _4124_/X (sky130_fd_sc_hd__or3_2)
     2    0.01                           _0389_ (net)
                  0.09    0.00    6.45 v _4145_/A (sky130_fd_sc_hd__and2_2)
                  0.06    0.22    6.67 v _4145_/X (sky130_fd_sc_hd__and2_2)
     3    0.01                           _0410_ (net)
                  0.06    0.01    6.68 v _4216_/B (sky130_fd_sc_hd__xnor2_2)
                  0.07    0.15    6.83 v _4216_/Y (sky130_fd_sc_hd__xnor2_2)
     1    0.01                           _0481_ (net)
                  0.08    0.02    6.85 v _4217_/A (sky130_fd_sc_hd__xnor2_2)
                  0.18    0.22    7.06 ^ _4217_/Y (sky130_fd_sc_hd__xnor2_2)
     2    0.01                           _0482_ (net)
                  0.18    0.01    7.07 ^ _4220_/B (sky130_fd_sc_hd__xnor2_2)
                  0.18    0.16    7.23 ^ _4220_/Y (sky130_fd_sc_hd__xnor2_2)
     2    0.01                           _0485_ (net)
                  0.18    0.00    7.23 ^ _4221_/B_N (sky130_fd_sc_hd__or2b_2)
                  0.05    0.32    7.55 v _4221_/X (sky130_fd_sc_hd__or2b_2)
     1    0.00                           _0486_ (net)
                  0.05    0.00    7.55 v _4222_/B (sky130_fd_sc_hd__and2_2)
                  0.06    0.22    7.78 v _4222_/X (sky130_fd_sc_hd__and2_2)
     2    0.01                           _0487_ (net)
                  0.06    0.01    7.79 v _4223_/B (sky130_fd_sc_hd__xor2_2)
                  0.26    0.25    8.04 ^ _4223_/X (sky130_fd_sc_hd__xor2_2)
     3    0.02                           _0488_ (net)
                  0.26    0.01    8.04 ^ _4473_/A1 (sky130_fd_sc_hd__a211oi_2)
                  0.10    0.14    8.19 v _4473_/Y (sky130_fd_sc_hd__a211oi_2)
     3    0.01                           _0738_ (net)
                  0.10    0.00    8.19 v _4502_/B (sky130_fd_sc_hd__or3_2)
                  0.11    0.53    8.72 v _4502_/X (sky130_fd_sc_hd__or3_2)
     3    0.01                           _0767_ (net)
                  0.11    0.00    8.72 v _4547_/A1 (sky130_fd_sc_hd__a21o_2)
                  0.06    0.24    8.97 v _4547_/X (sky130_fd_sc_hd__a21o_2)
     3    0.01                           _0812_ (net)
                  0.06    0.00    8.97 v _4548_/C (sky130_fd_sc_hd__and3_2)
                  0.03    0.21    9.18 v _4548_/X (sky130_fd_sc_hd__and3_2)
     1    0.00                           _0813_ (net)
                  0.03    0.00    9.18 v _4550_/A (sky130_fd_sc_hd__or2_2)
                  0.06    0.31    9.49 v _4550_/X (sky130_fd_sc_hd__or2_2)
     2    0.00                           _0815_ (net)
                  0.06    0.00    9.50 v _4601_/A1 (sky130_fd_sc_hd__o221a_2)
                  0.04    0.29    9.79 v _4601_/X (sky130_fd_sc_hd__o221a_2)
     1    0.00                           _0866_ (net)
                  0.04    0.00    9.79 v _4611_/A (sky130_fd_sc_hd__or4_2)
                  0.09    0.67   10.46 v _4611_/X (sky130_fd_sc_hd__or4_2)
     1    0.00                           _0876_ (net)
                  0.09    0.00   10.46 v _4612_/C (sky130_fd_sc_hd__or3_2)
                  0.08    0.43   10.90 v _4612_/X (sky130_fd_sc_hd__or3_2)
     1    0.00                           _0877_ (net)
                  0.08    0.00   10.90 v _4616_/A2 (sky130_fd_sc_hd__a31o_2)
                  0.04    0.25   11.15 v _4616_/X (sky130_fd_sc_hd__a31o_2)
     1    0.00                           _0881_ (net)
                  0.04    0.00   11.15 v _4620_/A2 (sky130_fd_sc_hd__a2111o_2)
                  0.07    0.49   11.65 v _4620_/X (sky130_fd_sc_hd__a2111o_2)
     2    0.01                           _0885_ (net)
                  0.07    0.00   11.65 v _4623_/A2 (sky130_fd_sc_hd__a21o_2)
                  0.06    0.26   11.91 v _4623_/X (sky130_fd_sc_hd__a21o_2)
     5    0.01                           _0888_ (net)
                  0.06    0.00   11.91 v _4625_/A2 (sky130_fd_sc_hd__a2111o_2)
                  0.10    0.54   12.45 v _4625_/X (sky130_fd_sc_hd__a2111o_2)
     3    0.01                           _0890_ (net)
                  0.10    0.00   12.45 v _4626_/C (sky130_fd_sc_hd__or3_2)
                  0.12    0.51   12.96 v _4626_/X (sky130_fd_sc_hd__or3_2)
     3    0.02                           _0891_ (net)
                  0.12    0.01   12.97 v _5702_/B (sky130_fd_sc_hd__xnor2_2)
                  0.08    0.18   13.15 v _5702_/Y (sky130_fd_sc_hd__xnor2_2)
     3    0.01                           _1967_ (net)
                  0.08    0.00   13.15 v _5780_/B2 (sky130_fd_sc_hd__o22a_2)
                  0.03    0.19   13.35 v _5780_/X (sky130_fd_sc_hd__o22a_2)
     1    0.00                           _2044_ (net)
                  0.03    0.00   13.35 v _5781_/B1 (sky130_fd_sc_hd__o2bb2a_2)
                  0.05    0.27   13.62 v _5781_/X (sky130_fd_sc_hd__o2bb2a_2)
     2    0.00                           _2045_ (net)
                  0.05    0.00   13.62 v _5810_/B1 (sky130_fd_sc_hd__a22o_2)
                  0.04    0.21   13.83 v _5810_/X (sky130_fd_sc_hd__a22o_2)
     1    0.00                           _2074_ (net)
                  0.04    0.00   13.84 v _5811_/B1 (sky130_fd_sc_hd__a21o_2)
                  0.04    0.19   14.03 v _5811_/X (sky130_fd_sc_hd__a21o_2)
     1    0.00                           _2075_ (net)
                  0.04    0.01   14.04 v _5812_/B2 (sky130_fd_sc_hd__a221oi_2)
                  0.16    0.22   14.26 ^ _5812_/Y (sky130_fd_sc_hd__a221oi_2)
     1    0.00                           hsv_mixer0.pwm1.out (net)
                  0.16    0.00   14.26 ^ _6537_/A (sky130_fd_sc_hd__ebufn_2)
                  0.44    0.41   14.67 ^ _6537_/Z (sky130_fd_sc_hd__ebufn_2)
     1    0.04                           io_out[15] (net)
                  0.44    0.00   14.67 ^ io_out[15] (out)
                                 14.67   data arrival time

                  0.15   20.00   20.00   clock wb_clk_i (rise edge)
                          0.00   20.00   clock network delay (ideal)
                         -0.25   19.75   clock uncertainty
                          0.00   19.75   clock reconvergence pessimism
                         -4.00   15.75   output external delay
                                 15.75   data required time
-----------------------------------------------------------------------------
                                 15.75   data required time
                                -14.67   data arrival time
-----------------------------------------------------------------------------
                                  1.08   slack (MET)


Startpoint: active (input port clocked by wb_clk_i)
Endpoint: la1_data_out[0] (output port clocked by wb_clk_i)
Path Group: wb_clk_i
Path Type: max

Fanout     Cap    Slew   Delay    Time   Description
-----------------------------------------------------------------------------
                  0.15    0.00    0.00   clock wb_clk_i (rise edge)
                          0.00    0.00   clock network delay (ideal)
                          4.00    4.00 ^ input external delay
                  0.05    0.04    4.04 ^ active (in)
     4    0.01                           active (net)
                  0.05    0.00    4.04 ^ _3188_/A (sky130_fd_sc_hd__buf_1)
                  0.15    0.17    4.20 ^ _3188_/X (sky130_fd_sc_hd__buf_1)
     5    0.01                           _2425_ (net)
                  0.15    0.00    4.21 ^ _3189_/A (sky130_fd_sc_hd__buf_1)
                  0.23    0.25    4.45 ^ _3189_/X (sky130_fd_sc_hd__buf_1)
     5    0.02                           _2426_ (net)
                  0.23    0.00    4.46 ^ _3190_/A (sky130_fd_sc_hd__buf_1)
                  0.29    0.30    4.76 ^ _3190_/X (sky130_fd_sc_hd__buf_1)
     5    0.02                           _2427_ (net)
                  0.29    0.01    4.77 ^ _3191_/A (sky130_fd_sc_hd__inv_2)
                  0.06    0.06    4.82 v _3191_/Y (sky130_fd_sc_hd__inv_2)
     1    0.00                           _2975_ (net)
                  0.06    0.01    4.83 v _6490_/TE_B (sky130_fd_sc_hd__ebufn_2)
                  0.44    0.33    5.16 ^ _6490_/Z (sky130_fd_sc_hd__ebufn_2)
     1    0.04                           la1_data_out[0] (net)
                  0.44    0.00    5.16 ^ la1_data_out[0] (out)
                                  5.16   data arrival time

                  0.15   20.00   20.00   clock wb_clk_i (rise edge)
                          0.00   20.00   clock network delay (ideal)
                         -0.25   19.75   clock uncertainty
                          0.00   19.75   clock reconvergence pessimism
                         -4.00   15.75   output external delay
                                 15.75   data required time
-----------------------------------------------------------------------------
                                 15.75   data required time
                                 -5.16   data arrival time
-----------------------------------------------------------------------------
                                 10.59   slack (MET)


Startpoint: active (input port clocked by wb_clk_i)
Endpoint: la1_data_out[1] (output port clocked by wb_clk_i)
Path Group: wb_clk_i
Path Type: max

Fanout     Cap    Slew   Delay    Time   Description
-----------------------------------------------------------------------------
                  0.15    0.00    0.00   clock wb_clk_i (rise edge)
                          0.00    0.00   clock network delay (ideal)
                          4.00    4.00 ^ input external delay
                  0.05    0.04    4.04 ^ active (in)
     4    0.01                           active (net)
                  0.05    0.00    4.04 ^ _3188_/A (sky130_fd_sc_hd__buf_1)
                  0.15    0.17    4.20 ^ _3188_/X (sky130_fd_sc_hd__buf_1)
     5    0.01                           _2425_ (net)
                  0.15    0.00    4.21 ^ _3189_/A (sky130_fd_sc_hd__buf_1)
                  0.23    0.25    4.45 ^ _3189_/X (sky130_fd_sc_hd__buf_1)
     5    0.02                           _2426_ (net)
                  0.23    0.00    4.46 ^ _3190_/A (sky130_fd_sc_hd__buf_1)
                  0.29    0.30    4.76 ^ _3190_/X (sky130_fd_sc_hd__buf_1)
     5    0.02                           _2427_ (net)
                  0.29    0.01    4.77 ^ _3192_/A (sky130_fd_sc_hd__inv_2)
                  0.06    0.06    4.82 v _3192_/Y (sky130_fd_sc_hd__inv_2)
     1    0.00                           _2976_ (net)
                  0.06    0.01    4.83 v _6491_/TE_B (sky130_fd_sc_hd__ebufn_2)
                  0.44    0.33    5.16 ^ _6491_/Z (sky130_fd_sc_hd__ebufn_2)
     1    0.04                           la1_data_out[1] (net)
                  0.44    0.00    5.16 ^ la1_data_out[1] (out)
                                  5.16   data arrival time

                  0.15   20.00   20.00   clock wb_clk_i (rise edge)
                          0.00   20.00   clock network delay (ideal)
                         -0.25   19.75   clock uncertainty
                          0.00   19.75   clock reconvergence pessimism
                         -4.00   15.75   output external delay
                                 15.75   data required time
-----------------------------------------------------------------------------
                                 15.75   data required time
                                 -5.16   data arrival time
-----------------------------------------------------------------------------
                                 10.59   slack (MET)


max_report_end
check_report

===========================================================================
report_checks -unconstrained
============================================================================
Startpoint: _6303_ (rising edge-triggered flip-flop clocked by wb_clk_i)
Endpoint: io_out[14] (output port clocked by wb_clk_i)
Path Group: wb_clk_i
Path Type: max

Fanout     Cap    Slew   Delay    Time   Description
-----------------------------------------------------------------------------
                  0.15    0.00    0.00   clock wb_clk_i (rise edge)
                          0.00    0.00   clock network delay (ideal)
                  0.15    0.00    0.00 ^ _6303_/CLK (sky130_fd_sc_hd__dfxtp_2)
                  0.04    0.38    0.38 v _6303_/Q (sky130_fd_sc_hd__dfxtp_2)
     5    0.01                           hsv_mixer0.enc0[9] (net)
                  0.04    0.00    0.38 v _3397_/A2 (sky130_fd_sc_hd__a2111o_2)
                  0.10    0.53    0.91 v _3397_/X (sky130_fd_sc_hd__a2111o_2)
     4    0.01                           _2526_ (net)
                  0.10    0.00    0.91 v _3418_/C (sky130_fd_sc_hd__or4_2)
                  0.14    0.72    1.64 v _3418_/X (sky130_fd_sc_hd__or4_2)
     4    0.01                           _2547_ (net)
                  0.14    0.00    1.64 v _3423_/A (sky130_fd_sc_hd__buf_1)
                  0.09    0.19    1.83 v _3423_/X (sky130_fd_sc_hd__buf_1)
     5    0.02                           _2552_ (net)
                  0.09    0.00    1.83 v _3428_/B (sky130_fd_sc_hd__or3_2)
                  0.11    0.54    2.38 v _3428_/X (sky130_fd_sc_hd__or3_2)
     5    0.01                           _2557_ (net)
                  0.11    0.00    2.38 v _3429_/C (sky130_fd_sc_hd__and3_2)
                  0.05    0.26    2.63 v _3429_/X (sky130_fd_sc_hd__and3_2)
     2    0.01                           _2558_ (net)
                  0.05    0.00    2.64 v _3433_/A (sky130_fd_sc_hd__and2_2)
                  0.05    0.18    2.82 v _3433_/X (sky130_fd_sc_hd__and2_2)
     2    0.01                           _2562_ (net)
                  0.05    0.01    2.83 v _3474_/A (sky130_fd_sc_hd__nor2_2)
                  0.15    0.16    2.99 ^ _3474_/Y (sky130_fd_sc_hd__nor2_2)
     3    0.01                           _2603_ (net)
                  0.15    0.01    3.00 ^ _3535_/B1 (sky130_fd_sc_hd__a21oi_2)
                  0.06    0.07    3.07 v _3535_/Y (sky130_fd_sc_hd__a21oi_2)
     3    0.01                           _2664_ (net)
                  0.06    0.00    3.07 v _3538_/B1 (sky130_fd_sc_hd__a211o_2)
                  0.06    0.33    3.40 v _3538_/X (sky130_fd_sc_hd__a211o_2)
     2    0.01                           _2667_ (net)
                  0.06    0.00    3.40 v _3543_/A (sky130_fd_sc_hd__and3_2)
                  0.06    0.21    3.61 v _3543_/X (sky130_fd_sc_hd__and3_2)
     3    0.01                           _2672_ (net)
                  0.06    0.00    3.61 v _3621_/A (sky130_fd_sc_hd__or3_2)
                  0.10    0.53    4.14 v _3621_/X (sky130_fd_sc_hd__or3_2)
     3    0.01                           _2750_ (net)
                  0.10    0.00    4.14 v _3625_/A1 (sky130_fd_sc_hd__a21o_2)
                  0.04    0.22    4.37 v _3625_/X (sky130_fd_sc_hd__a21o_2)
     2    0.01                           _2754_ (net)
                  0.05    0.00    4.37 v _3638_/A2 (sky130_fd_sc_hd__a21o_2)
                  0.06    0.24    4.61 v _3638_/X (sky130_fd_sc_hd__a21o_2)
     3    0.01                           _2767_ (net)
                  0.06    0.00    4.61 v _3639_/B_N (sky130_fd_sc_hd__nor2b_2)
                  0.08    0.19    4.80 v _3639_/Y (sky130_fd_sc_hd__nor2b_2)
     3    0.02                           _2768_ (net)
                  0.08    0.01    4.81 v _3675_/A (sky130_fd_sc_hd__xnor2_2)
                  0.12    0.17    4.99 ^ _3675_/Y (sky130_fd_sc_hd__xnor2_2)
     2    0.00                           _2804_ (net)
                  0.12    0.00    4.99 ^ _3676_/A (sky130_fd_sc_hd__buf_1)
                  0.18    0.20    5.19 ^ _3676_/X (sky130_fd_sc_hd__buf_1)
     5    0.01                           _2805_ (net)
                  0.18    0.00    5.19 ^ _4119_/C_N (sky130_fd_sc_hd__or3b_2)
                  0.09    0.50    5.69 v _4119_/X (sky130_fd_sc_hd__or3b_2)
     2    0.01                           _0384_ (net)
                  0.09    0.00    5.70 v _4122_/C (sky130_fd_sc_hd__and4_2)
                  0.06    0.27    5.96 v _4122_/X (sky130_fd_sc_hd__and4_2)
     3    0.01                           _0387_ (net)
                  0.06    0.00    5.97 v _4124_/B (sky130_fd_sc_hd__or3_2)
                  0.09    0.49    6.45 v _4124_/X (sky130_fd_sc_hd__or3_2)
     2    0.01                           _0389_ (net)
                  0.09    0.00    6.45 v _4145_/A (sky130_fd_sc_hd__and2_2)
                  0.06    0.22    6.67 v _4145_/X (sky130_fd_sc_hd__and2_2)
     3    0.01                           _0410_ (net)
                  0.06    0.01    6.68 v _4216_/B (sky130_fd_sc_hd__xnor2_2)
                  0.07    0.15    6.83 v _4216_/Y (sky130_fd_sc_hd__xnor2_2)
     1    0.01                           _0481_ (net)
                  0.08    0.02    6.85 v _4217_/A (sky130_fd_sc_hd__xnor2_2)
                  0.18    0.22    7.06 ^ _4217_/Y (sky130_fd_sc_hd__xnor2_2)
     2    0.01                           _0482_ (net)
                  0.18    0.01    7.07 ^ _4220_/B (sky130_fd_sc_hd__xnor2_2)
                  0.18    0.16    7.23 ^ _4220_/Y (sky130_fd_sc_hd__xnor2_2)
     2    0.01                           _0485_ (net)
                  0.18    0.00    7.23 ^ _4221_/B_N (sky130_fd_sc_hd__or2b_2)
                  0.05    0.32    7.55 v _4221_/X (sky130_fd_sc_hd__or2b_2)
     1    0.00                           _0486_ (net)
                  0.05    0.00    7.55 v _4222_/B (sky130_fd_sc_hd__and2_2)
                  0.06    0.22    7.78 v _4222_/X (sky130_fd_sc_hd__and2_2)
     2    0.01                           _0487_ (net)
                  0.06    0.01    7.79 v _4223_/B (sky130_fd_sc_hd__xor2_2)
                  0.26    0.25    8.04 ^ _4223_/X (sky130_fd_sc_hd__xor2_2)
     3    0.02                           _0488_ (net)
                  0.26    0.01    8.04 ^ _4473_/A1 (sky130_fd_sc_hd__a211oi_2)
                  0.10    0.14    8.19 v _4473_/Y (sky130_fd_sc_hd__a211oi_2)
     3    0.01                           _0738_ (net)
                  0.10    0.00    8.19 v _4502_/B (sky130_fd_sc_hd__or3_2)
                  0.11    0.53    8.72 v _4502_/X (sky130_fd_sc_hd__or3_2)
     3    0.01                           _0767_ (net)
                  0.11    0.00    8.72 v _4547_/A1 (sky130_fd_sc_hd__a21o_2)
                  0.06    0.24    8.97 v _4547_/X (sky130_fd_sc_hd__a21o_2)
     3    0.01                           _0812_ (net)
                  0.06    0.00    8.97 v _4548_/C (sky130_fd_sc_hd__and3_2)
                  0.03    0.21    9.18 v _4548_/X (sky130_fd_sc_hd__and3_2)
     1    0.00                           _0813_ (net)
                  0.03    0.00    9.18 v _4550_/A (sky130_fd_sc_hd__or2_2)
                  0.06    0.31    9.49 v _4550_/X (sky130_fd_sc_hd__or2_2)
     2    0.00                           _0815_ (net)
                  0.06    0.00    9.50 v _4601_/A1 (sky130_fd_sc_hd__o221a_2)
                  0.04    0.29    9.79 v _4601_/X (sky130_fd_sc_hd__o221a_2)
     1    0.00                           _0866_ (net)
                  0.04    0.00    9.79 v _4611_/A (sky130_fd_sc_hd__or4_2)
                  0.09    0.67   10.46 v _4611_/X (sky130_fd_sc_hd__or4_2)
     1    0.00                           _0876_ (net)
                  0.09    0.00   10.46 v _4612_/C (sky130_fd_sc_hd__or3_2)
                  0.08    0.43   10.90 v _4612_/X (sky130_fd_sc_hd__or3_2)
     1    0.00                           _0877_ (net)
                  0.08    0.00   10.90 v _4616_/A2 (sky130_fd_sc_hd__a31o_2)
                  0.04    0.25   11.15 v _4616_/X (sky130_fd_sc_hd__a31o_2)
     1    0.00                           _0881_ (net)
                  0.04    0.00   11.15 v _4620_/A2 (sky130_fd_sc_hd__a2111o_2)
                  0.07    0.49   11.65 v _4620_/X (sky130_fd_sc_hd__a2111o_2)
     2    0.01                           _0885_ (net)
                  0.07    0.00   11.65 v _4623_/A2 (sky130_fd_sc_hd__a21o_2)
                  0.06    0.26   11.91 v _4623_/X (sky130_fd_sc_hd__a21o_2)
     5    0.01                           _0888_ (net)
                  0.06    0.00   11.91 v _4625_/A2 (sky130_fd_sc_hd__a2111o_2)
                  0.10    0.54   12.45 v _4625_/X (sky130_fd_sc_hd__a2111o_2)
     3    0.01                           _0890_ (net)
                  0.10    0.00   12.45 v _4626_/C (sky130_fd_sc_hd__or3_2)
                  0.12    0.51   12.96 v _4626_/X (sky130_fd_sc_hd__or3_2)
     3    0.02                           _0891_ (net)
                  0.12    0.01   12.97 v _5702_/B (sky130_fd_sc_hd__xnor2_2)
                  0.08    0.18   13.15 v _5702_/Y (sky130_fd_sc_hd__xnor2_2)
     3    0.01                           _1967_ (net)
                  0.08    0.00   13.15 v _5821_/A2 (sky130_fd_sc_hd__o22a_2)
                  0.03    0.23   13.39 v _5821_/X (sky130_fd_sc_hd__o22a_2)
     1    0.00                           _2084_ (net)
                  0.03    0.00   13.39 v _5822_/B1 (sky130_fd_sc_hd__o2bb2a_2)
                  0.05    0.27   13.66 v _5822_/X (sky130_fd_sc_hd__o2bb2a_2)
     2    0.00                           _2085_ (net)
                  0.05    0.00   13.66 v _5848_/B1 (sky130_fd_sc_hd__a22o_2)
                  0.04    0.21   13.87 v _5848_/X (sky130_fd_sc_hd__a22o_2)
     1    0.00                           _2111_ (net)
                  0.04    0.00   13.88 v _5849_/B1 (sky130_fd_sc_hd__a21o_2)
                  0.04    0.19   14.07 v _5849_/X (sky130_fd_sc_hd__a21o_2)
     1    0.00                           _2112_ (net)
                  0.04    0.01   14.08 v _5850_/B2 (sky130_fd_sc_hd__a221oi_2)
                  0.16    0.22   14.30 ^ _5850_/Y (sky130_fd_sc_hd__a221oi_2)
     1    0.00                           hsv_mixer0.pwm0.out (net)
                  0.16    0.00   14.31 ^ _6536_/A (sky130_fd_sc_hd__ebufn_2)
                  0.44    0.41   14.71 ^ _6536_/Z (sky130_fd_sc_hd__ebufn_2)
     1    0.04                           io_out[14] (net)
                  0.44    0.00   14.71 ^ io_out[14] (out)
                                 14.71   data arrival time

                  0.15   20.00   20.00   clock wb_clk_i (rise edge)
                          0.00   20.00   clock network delay (ideal)
                         -0.25   19.75   clock uncertainty
                          0.00   19.75   clock reconvergence pessimism
                         -4.00   15.75   output external delay
                                 15.75   data required time
-----------------------------------------------------------------------------
                                 15.75   data required time
                                -14.71   data arrival time
-----------------------------------------------------------------------------
                                  1.04   slack (MET)



===========================================================================
report_checks --slack_max -0.01
============================================================================
No paths found.
check_report_end
check_slew

===========================================================================
 report_check_types -max_slew -max_cap -max_fanout -violators
============================================================================

===========================================================================
max slew violation count 0
max fanout violation count 0
max cap violation count 0
============================================================================
check_slew_end
tns_report

===========================================================================
 report_tns
============================================================================
tns 0.00
tns_report_end
wns_report

===========================================================================
 report_wns
============================================================================
wns 0.00
wns_report_end
worst_slack

===========================================================================
 report_worst_slack -max (Setup)
============================================================================
worst slack 1.04

===========================================================================
 report_worst_slack -min (Hold)
============================================================================
worst slack 0.23
worst_slack_end
clock_skew

===========================================================================
 report_clock_skew
============================================================================
Clock wb_clk_i
Latency      CRPR       Skew
_6274_/CLK ^
   0.72
_6274_/CLK ^
   0.65      0.00       0.07

clock_skew_end
power_report

===========================================================================
 report_power
============================================================================
Group                  Internal  Switching    Leakage      Total
                          Power      Power      Power      Power (Watts)
----------------------------------------------------------------
Sequential             2.39e-04   8.56e-06   9.37e-10   2.48e-04   4.5%
Combinational          2.72e-03   2.48e-03   1.16e-08   5.20e-03  95.5%
Macro                  0.00e+00   0.00e+00   0.00e+00   0.00e+00   0.0%
Pad                    0.00e+00   0.00e+00   0.00e+00   0.00e+00   0.0%
----------------------------------------------------------------
Total                  2.96e-03   2.49e-03   1.25e-08   5.44e-03 100.0%
                          54.3%      45.7%       0.0%
power_report_end
area_report

===========================================================================
 report_design_area
============================================================================
Design area 30900 u^2 100% utilization.
area_report_end
